2025-10-13 20:20:04.040 +02:00 [INF] Now listening on: http://localhost:5217
2025-10-13 20:20:04.044 +02:00 [INF] Application started. Press Ctrl+C to shut down.
2025-10-13 20:20:04.045 +02:00 [INF] Hosting environment: Development
2025-10-13 20:20:04.045 +02:00 [INF] Content root path: /Users/alexanderhoyskel/VSCode/ITPE3200/api
2025-10-13 20:20:04.159 +02:00 [INF] Request starting HTTP/1.1 GET http://localhost:5217/swagger/index.html - null null
2025-10-13 20:20:04.196 +02:00 [INF] Request finished HTTP/1.1 GET http://localhost:5217/swagger/index.html - 200 null text/html;charset=utf-8 39.363ms
2025-10-13 20:20:04.276 +02:00 [INF] Request starting HTTP/1.1 GET http://localhost:5217/swagger/v1/swagger.json - null null
2025-10-13 20:20:04.303 +02:00 [INF] Request finished HTTP/1.1 GET http://localhost:5217/swagger/v1/swagger.json - 200 null application/json;charset=utf-8 26.8665ms
2025-10-13 20:20:07.812 +02:00 [INF] Request starting HTTP/1.1 GET http://localhost:5217/api/ItemAPI/itemlist - null null
2025-10-13 20:20:07.834 +02:00 [INF] Executing endpoint 'MyShop.Controllers.ItemAPIController.ItemList (api)'
2025-10-13 20:20:07.845 +02:00 [INF] Route matched with {action = "ItemList", controller = "ItemAPI"}. Executing controller action with signature System.Threading.Tasks.Task`1[Microsoft.AspNetCore.Mvc.IActionResult] ItemList() on controller MyShop.Controllers.ItemAPIController (api).
2025-10-13 20:20:07.885 +02:00 [INF] Executing OkObjectResult, writing value of type 'System.Collections.Generic.List`1[[MyShop.Models.Item, api, Version=1.0.0.0, Culture=neutral, PublicKeyToken=null]]'.
2025-10-13 20:20:07.931 +02:00 [INF] Executed action MyShop.Controllers.ItemAPIController.ItemList (api) in 84.0017ms
2025-10-13 20:20:07.931 +02:00 [INF] Executed endpoint 'MyShop.Controllers.ItemAPIController.ItemList (api)'
2025-10-13 20:20:07.932 +02:00 [INF] Request finished HTTP/1.1 GET http://localhost:5217/api/ItemAPI/itemlist - 200 1544 application/json; charset=utf-8 120.7097ms
2025-10-13 20:23:13.221 +02:00 [INF] Request starting HTTP/1.1 GET http://localhost:5217/swagger/index.html - null null
2025-10-13 20:23:13.225 +02:00 [INF] Request finished HTTP/1.1 GET http://localhost:5217/swagger/index.html - 200 null text/html;charset=utf-8 3.9507ms
2025-10-13 20:23:13.300 +02:00 [INF] Request starting HTTP/1.1 GET http://localhost:5217/swagger/v1/swagger.json - null null
2025-10-13 20:23:13.308 +02:00 [INF] Request finished HTTP/1.1 GET http://localhost:5217/swagger/v1/swagger.json - 200 null application/json;charset=utf-8 7.3866ms
2025-10-13 20:28:44.678 +02:00 [INF] Request starting HTTP/1.1 GET http://localhost:5217/api/items - null null
2025-10-13 20:28:44.688 +02:00 [INF] CORS policy execution successful.
2025-10-13 20:28:44.690 +02:00 [INF] Request finished HTTP/1.1 GET http://localhost:5217/api/items - 404 0 null 12.6501ms
2025-10-13 20:28:44.727 +02:00 [INF] Request reached the end of the middleware pipeline without being handled by application code. Request path: GET http://localhost:5217/api/items, Response status code: 404
2025-10-13 20:28:44.729 +02:00 [INF] Request starting HTTP/1.1 GET http://localhost:5217/api/items - null null
2025-10-13 20:28:44.730 +02:00 [INF] CORS policy execution successful.
2025-10-13 20:28:44.730 +02:00 [INF] Request finished HTTP/1.1 GET http://localhost:5217/api/items - 404 0 null 1.6888ms
2025-10-13 20:28:44.730 +02:00 [INF] Request reached the end of the middleware pipeline without being handled by application code. Request path: GET http://localhost:5217/api/items, Response status code: 404
2025-10-13 20:28:58.757 +02:00 [INF] Request starting HTTP/1.1 GET http://localhost:5217/api/items - null null
2025-10-13 20:28:58.761 +02:00 [INF] CORS policy execution successful.
2025-10-13 20:28:58.762 +02:00 [INF] Request finished HTTP/1.1 GET http://localhost:5217/api/items - 404 0 null 5.2159ms
2025-10-13 20:28:58.762 +02:00 [INF] Request reached the end of the middleware pipeline without being handled by application code. Request path: GET http://localhost:5217/api/items, Response status code: 404
2025-10-13 20:28:59.353 +02:00 [INF] Request starting HTTP/1.1 GET http://localhost:5217/api/items - null null
2025-10-13 20:28:59.354 +02:00 [INF] CORS policy execution successful.
2025-10-13 20:28:59.355 +02:00 [INF] Request finished HTTP/1.1 GET http://localhost:5217/api/items - 404 0 null 1.2223ms
2025-10-13 20:28:59.355 +02:00 [INF] Request reached the end of the middleware pipeline without being handled by application code. Request path: GET http://localhost:5217/api/items, Response status code: 404
2025-10-13 20:29:04.301 +02:00 [INF] Request starting HTTP/1.1 GET http://localhost:5217/swagger/index.html - null null
2025-10-13 20:29:04.304 +02:00 [INF] Request finished HTTP/1.1 GET http://localhost:5217/swagger/index.html - 200 null text/html;charset=utf-8 2.3157ms
2025-10-13 20:29:04.371 +02:00 [INF] Request starting HTTP/1.1 GET http://localhost:5217/swagger/v1/swagger.json - null null
2025-10-13 20:29:04.384 +02:00 [INF] Request finished HTTP/1.1 GET http://localhost:5217/swagger/v1/swagger.json - 200 null application/json;charset=utf-8 12.7303ms
2025-10-13 20:29:05.025 +02:00 [INF] Request starting HTTP/1.1 GET http://localhost:5217/swagger/index.html - null null
2025-10-13 20:29:05.026 +02:00 [INF] Request finished HTTP/1.1 GET http://localhost:5217/swagger/index.html - 200 null text/html;charset=utf-8 1.218ms
2025-10-13 20:29:05.077 +02:00 [INF] Request starting HTTP/1.1 GET http://localhost:5217/swagger/v1/swagger.json - null null
2025-10-13 20:29:05.078 +02:00 [INF] Request finished HTTP/1.1 GET http://localhost:5217/swagger/v1/swagger.json - 200 null application/json;charset=utf-8 1.5316ms
2025-10-13 20:29:55.803 +02:00 [INF] Request starting HTTP/1.1 GET http://localhost:5217/api/items/api/itemsapi/itemlist - null null
2025-10-13 20:29:55.807 +02:00 [INF] CORS policy execution successful.
2025-10-13 20:29:55.807 +02:00 [INF] Request finished HTTP/1.1 GET http://localhost:5217/api/items/api/itemsapi/itemlist - 404 0 null 28.9671ms
2025-10-13 20:29:55.808 +02:00 [INF] Request reached the end of the middleware pipeline without being handled by application code. Request path: GET http://localhost:5217/api/items/api/itemsapi/itemlist, Response status code: 404
2025-10-13 20:29:58.560 +02:00 [INF] Request starting HTTP/1.1 GET http://localhost:5217/api/items/api/itemsapi/itemlist - null null
2025-10-13 20:29:58.564 +02:00 [INF] CORS policy execution successful.
2025-10-13 20:29:58.565 +02:00 [INF] Request finished HTTP/1.1 GET http://localhost:5217/api/items/api/itemsapi/itemlist - 404 0 null 5.2885ms
2025-10-13 20:29:58.565 +02:00 [INF] Request reached the end of the middleware pipeline without being handled by application code. Request path: GET http://localhost:5217/api/items/api/itemsapi/itemlist, Response status code: 404
2025-10-13 20:29:59.781 +02:00 [INF] Request starting HTTP/1.1 GET http://localhost:5217/api/items/api/itemsapi/itemlist - null null
2025-10-13 20:29:59.782 +02:00 [INF] CORS policy execution successful.
2025-10-13 20:29:59.782 +02:00 [INF] Request finished HTTP/1.1 GET http://localhost:5217/api/items/api/itemsapi/itemlist - 404 0 null 1.1222ms
2025-10-13 20:29:59.782 +02:00 [INF] Request reached the end of the middleware pipeline without being handled by application code. Request path: GET http://localhost:5217/api/items/api/itemsapi/itemlist, Response status code: 404
2025-10-13 20:30:08.998 +02:00 [INF] Request starting HTTP/1.1 GET http://localhost:5217/api/items/api/itemapi/itemlist - null null
2025-10-13 20:30:09.008 +02:00 [INF] CORS policy execution successful.
2025-10-13 20:30:09.009 +02:00 [INF] Request finished HTTP/1.1 GET http://localhost:5217/api/items/api/itemapi/itemlist - 404 0 null 12.741ms
2025-10-13 20:30:09.010 +02:00 [INF] Request reached the end of the middleware pipeline without being handled by application code. Request path: GET http://localhost:5217/api/items/api/itemapi/itemlist, Response status code: 404
2025-10-13 20:30:11.568 +02:00 [INF] Request starting HTTP/1.1 GET http://localhost:5217/api/items/api/itemapi/itemlist - null null
2025-10-13 20:30:11.568 +02:00 [INF] CORS policy execution successful.
2025-10-13 20:30:11.568 +02:00 [INF] Request finished HTTP/1.1 GET http://localhost:5217/api/items/api/itemapi/itemlist - 404 0 null 0.6377ms
2025-10-13 20:30:11.568 +02:00 [INF] Request reached the end of the middleware pipeline without being handled by application code. Request path: GET http://localhost:5217/api/items/api/itemapi/itemlist, Response status code: 404
2025-10-13 20:30:11.569 +02:00 [INF] Request starting HTTP/1.1 GET http://localhost:5217/api/items/api/itemapi/itemlist - null null
2025-10-13 20:30:11.570 +02:00 [INF] CORS policy execution successful.
2025-10-13 20:30:11.571 +02:00 [INF] Request finished HTTP/1.1 GET http://localhost:5217/api/items/api/itemapi/itemlist - 404 0 null 1.2677ms
2025-10-13 20:30:11.571 +02:00 [INF] Request reached the end of the middleware pipeline without being handled by application code. Request path: GET http://localhost:5217/api/items/api/itemapi/itemlist, Response status code: 404
