2025-10-20 13:34:37.984 +02:00 [INF] Now listening on: http://localhost:5217
2025-10-20 13:34:38.001 +02:00 [INF] Application started. Press Ctrl+C to shut down.
2025-10-20 13:34:38.001 +02:00 [INF] Hosting environment: Development
2025-10-20 13:34:38.001 +02:00 [INF] Content root path: /Users/alexanderhoyskel/VSCode/ITPE3200/api
2025-10-20 13:34:41.618 +02:00 [INF] Request starting HTTP/1.1 GET http://localhost:5217/api/itemapi/itemlist - null null
2025-10-20 13:34:41.705 +02:00 [INF] CORS policy execution successful.
2025-10-20 13:34:41.707 +02:00 [INF] Executing endpoint 'MyShop.Controllers.ItemAPIController.ItemList (api)'
2025-10-20 13:34:41.732 +02:00 [INF] Route matched with {action = "ItemList", controller = "ItemAPI"}. Executing controller action with signature System.Threading.Tasks.Task`1[Microsoft.AspNetCore.Mvc.IActionResult] ItemList() on controller MyShop.Controllers.ItemAPIController (api).
2025-10-20 13:34:41.836 +02:00 [INF] Executing OkObjectResult, writing value of type 'System.Collections.Generic.List`1[[MyShop.Models.Item, api, Version=1.0.0.0, Culture=neutral, PublicKeyToken=null]]'.
2025-10-20 13:34:41.904 +02:00 [INF] Request starting HTTP/1.1 GET http://localhost:5217/api/itemapi/itemlist - null null
2025-10-20 13:34:41.904 +02:00 [INF] Executed action MyShop.Controllers.ItemAPIController.ItemList (api) in 168.757ms
2025-10-20 13:34:41.904 +02:00 [INF] Executed endpoint 'MyShop.Controllers.ItemAPIController.ItemList (api)'
2025-10-20 13:34:41.907 +02:00 [INF] CORS policy execution successful.
2025-10-20 13:34:41.907 +02:00 [INF] Executing endpoint 'MyShop.Controllers.ItemAPIController.ItemList (api)'
2025-10-20 13:34:41.908 +02:00 [INF] Route matched with {action = "ItemList", controller = "ItemAPI"}. Executing controller action with signature System.Threading.Tasks.Task`1[Microsoft.AspNetCore.Mvc.IActionResult] ItemList() on controller MyShop.Controllers.ItemAPIController (api).
2025-10-20 13:34:41.909 +02:00 [INF] Request finished HTTP/1.1 GET http://localhost:5217/api/itemapi/itemlist - 200 1544 application/json; charset=utf-8 299.2358ms
2025-10-20 13:34:41.920 +02:00 [INF] Request starting HTTP/1.1 GET http://localhost:5217/images/pizza.jpg - null null
2025-10-20 13:34:41.920 +02:00 [INF] Request starting HTTP/1.1 GET http://localhost:5217/images/chickenleg.jpg - null null
2025-10-20 13:34:41.920 +02:00 [INF] Request starting HTTP/1.1 GET http://localhost:5217/images/frenchfries.jpg - null null
2025-10-20 13:34:41.920 +02:00 [INF] Request starting HTTP/1.1 GET http://localhost:5217/images/ribs.jpg - null null
2025-10-20 13:34:41.921 +02:00 [INF] Request starting HTTP/1.1 GET http://localhost:5217/images/tacos.jpg - null null
2025-10-20 13:34:41.926 +02:00 [INF] The file /images/chickenleg.jpg was not modified
2025-10-20 13:34:41.926 +02:00 [INF] The file /images/pizza.jpg was not modified
2025-10-20 13:34:41.926 +02:00 [INF] The file /images/frenchfries.jpg was not modified
2025-10-20 13:34:41.926 +02:00 [INF] The file /images/tacos.jpg was not modified
2025-10-20 13:34:41.926 +02:00 [INF] The file /images/ribs.jpg was not modified
2025-10-20 13:34:41.927 +02:00 [INF] Request finished HTTP/1.1 GET http://localhost:5217/images/pizza.jpg - 304 null image/jpeg 6.5333ms
2025-10-20 13:34:41.927 +02:00 [INF] Request finished HTTP/1.1 GET http://localhost:5217/images/frenchfries.jpg - 304 null image/jpeg 6.1898ms
2025-10-20 13:34:41.927 +02:00 [INF] Request finished HTTP/1.1 GET http://localhost:5217/images/chickenleg.jpg - 304 null image/jpeg 6.3685ms
2025-10-20 13:34:41.927 +02:00 [INF] Request finished HTTP/1.1 GET http://localhost:5217/images/tacos.jpg - 304 null image/jpeg 5.7756ms
2025-10-20 13:34:41.927 +02:00 [INF] Request finished HTTP/1.1 GET http://localhost:5217/images/ribs.jpg - 304 null image/jpeg 6.423ms
2025-10-20 13:34:41.931 +02:00 [INF] Request starting HTTP/1.1 GET http://localhost:5217/images/fishandchips.jpg - null null
2025-10-20 13:34:41.931 +02:00 [INF] Request starting HTTP/1.1 GET http://localhost:5217/images/cider.jpg - null null
2025-10-20 13:34:41.931 +02:00 [INF] The file /images/fishandchips.jpg was not modified
2025-10-20 13:34:41.931 +02:00 [INF] The file /images/cider.jpg was not modified
2025-10-20 13:34:41.931 +02:00 [INF] Request finished HTTP/1.1 GET http://localhost:5217/images/fishandchips.jpg - 304 null image/jpeg 0.5541ms
2025-10-20 13:34:41.931 +02:00 [INF] Request starting HTTP/1.1 GET http://localhost:5217/images/coke.jpg - null null
2025-10-20 13:34:41.931 +02:00 [INF] Request finished HTTP/1.1 GET http://localhost:5217/images/cider.jpg - 304 null image/jpeg 0.5486ms
2025-10-20 13:34:41.931 +02:00 [INF] The file /images/coke.jpg was not modified
2025-10-20 13:34:41.932 +02:00 [INF] Request finished HTTP/1.1 GET http://localhost:5217/images/coke.jpg - 304 null image/jpeg 0.3697ms
2025-10-20 13:34:41.946 +02:00 [INF] Executing OkObjectResult, writing value of type 'System.Collections.Generic.List`1[[MyShop.Models.Item, api, Version=1.0.0.0, Culture=neutral, PublicKeyToken=null]]'.
2025-10-20 13:34:41.946 +02:00 [INF] Executed action MyShop.Controllers.ItemAPIController.ItemList (api) in 38.6075ms
2025-10-20 13:34:41.946 +02:00 [INF] Executed endpoint 'MyShop.Controllers.ItemAPIController.ItemList (api)'
2025-10-20 13:34:41.947 +02:00 [INF] Request finished HTTP/1.1 GET http://localhost:5217/api/itemapi/itemlist - 200 1544 application/json; charset=utf-8 42.8514ms
2025-10-20 13:34:46.660 +02:00 [INF] Request starting HTTP/1.1 OPTIONS http://localhost:5217/api/itemapi/delete/4 - null null
2025-10-20 13:34:46.661 +02:00 [INF] CORS policy execution successful.
2025-10-20 13:34:46.661 +02:00 [INF] Request finished HTTP/1.1 OPTIONS http://localhost:5217/api/itemapi/delete/4 - 204 null null 1.5034ms
2025-10-20 13:34:46.662 +02:00 [INF] Request starting HTTP/1.1 DELETE http://localhost:5217/api/itemapi/delete/4 - null null
2025-10-20 13:34:46.662 +02:00 [INF] CORS policy execution successful.
2025-10-20 13:34:46.662 +02:00 [INF] Executing endpoint 'MyShop.Controllers.ItemAPIController.Delete (api)'
2025-10-20 13:34:46.667 +02:00 [INF] Route matched with {action = "Delete", controller = "ItemAPI"}. Executing controller action with signature System.Threading.Tasks.Task`1[Microsoft.AspNetCore.Mvc.IActionResult] Delete(Int32) on controller MyShop.Controllers.ItemAPIController (api).
2025-10-20 13:34:46.696 +02:00 [INF] Executing StatusCodeResult, setting HTTP status code 204
2025-10-20 13:34:46.696 +02:00 [INF] Executed action MyShop.Controllers.ItemAPIController.Delete (api) in 28.7043ms
2025-10-20 13:34:46.696 +02:00 [INF] Executed endpoint 'MyShop.Controllers.ItemAPIController.Delete (api)'
2025-10-20 13:34:46.696 +02:00 [INF] Request finished HTTP/1.1 DELETE http://localhost:5217/api/itemapi/delete/4 - 204 null null 34.0045ms
2025-10-20 13:34:51.328 +02:00 [INF] Request starting HTTP/1.1 OPTIONS http://localhost:5217/api/itemapi/delete/2 - null null
2025-10-20 13:34:51.329 +02:00 [INF] CORS policy execution successful.
2025-10-20 13:34:51.329 +02:00 [INF] Request finished HTTP/1.1 OPTIONS http://localhost:5217/api/itemapi/delete/2 - 204 null null 0.8721ms
2025-10-20 13:34:51.330 +02:00 [INF] Request starting HTTP/1.1 DELETE http://localhost:5217/api/itemapi/delete/2 - null null
2025-10-20 13:34:51.330 +02:00 [INF] CORS policy execution successful.
2025-10-20 13:34:51.330 +02:00 [INF] Executing endpoint 'MyShop.Controllers.ItemAPIController.Delete (api)'
2025-10-20 13:34:51.330 +02:00 [INF] Route matched with {action = "Delete", controller = "ItemAPI"}. Executing controller action with signature System.Threading.Tasks.Task`1[Microsoft.AspNetCore.Mvc.IActionResult] Delete(Int32) on controller MyShop.Controllers.ItemAPIController (api).
2025-10-20 13:34:51.334 +02:00 [INF] Executing StatusCodeResult, setting HTTP status code 204
2025-10-20 13:34:51.334 +02:00 [INF] Executed action MyShop.Controllers.ItemAPIController.Delete (api) in 3.9477ms
2025-10-20 13:34:51.334 +02:00 [INF] Executed endpoint 'MyShop.Controllers.ItemAPIController.Delete (api)'
2025-10-20 13:34:51.334 +02:00 [INF] Request finished HTTP/1.1 DELETE http://localhost:5217/api/itemapi/delete/2 - 204 null null 4.3452ms
2025-10-20 13:34:55.975 +02:00 [INF] Request starting HTTP/1.1 OPTIONS http://localhost:5217/api/itemapi/delete/1 - null null
2025-10-20 13:34:55.979 +02:00 [INF] CORS policy execution successful.
2025-10-20 13:34:55.980 +02:00 [INF] Request finished HTTP/1.1 OPTIONS http://localhost:5217/api/itemapi/delete/1 - 204 null null 4.6928ms
2025-10-20 13:34:55.981 +02:00 [INF] Request starting HTTP/1.1 DELETE http://localhost:5217/api/itemapi/delete/1 - null null
2025-10-20 13:34:55.981 +02:00 [INF] CORS policy execution successful.
2025-10-20 13:34:55.981 +02:00 [INF] Executing endpoint 'MyShop.Controllers.ItemAPIController.Delete (api)'
2025-10-20 13:34:55.982 +02:00 [INF] Route matched with {action = "Delete", controller = "ItemAPI"}. Executing controller action with signature System.Threading.Tasks.Task`1[Microsoft.AspNetCore.Mvc.IActionResult] Delete(Int32) on controller MyShop.Controllers.ItemAPIController (api).
2025-10-20 13:34:55.993 +02:00 [INF] Executing StatusCodeResult, setting HTTP status code 204
2025-10-20 13:34:55.993 +02:00 [INF] Executed action MyShop.Controllers.ItemAPIController.Delete (api) in 11.3615ms
2025-10-20 13:34:55.993 +02:00 [INF] Executed endpoint 'MyShop.Controllers.ItemAPIController.Delete (api)'
2025-10-20 13:34:55.993 +02:00 [INF] Request finished HTTP/1.1 DELETE http://localhost:5217/api/itemapi/delete/1 - 204 null null 12.5125ms
2025-10-20 13:58:01.126 +02:00 [INF] Request starting HTTP/1.1 GET http://localhost:5217/images/fishandchips.jpg - null null
2025-10-20 13:58:01.126 +02:00 [INF] Request starting HTTP/1.1 GET http://localhost:5217/images/pizza.jpg - null null
2025-10-20 13:58:01.126 +02:00 [INF] Request starting HTTP/1.1 GET http://localhost:5217/images/tacos.jpg - null null
2025-10-20 13:58:01.184 +02:00 [INF] The file /images/pizza.jpg was not modified
2025-10-20 13:58:01.184 +02:00 [INF] The file /images/tacos.jpg was not modified
2025-10-20 13:58:01.184 +02:00 [INF] The file /images/fishandchips.jpg was not modified
2025-10-20 13:58:01.190 +02:00 [INF] Request finished HTTP/1.1 GET http://localhost:5217/images/fishandchips.jpg - 304 null image/jpeg 65.0892ms
2025-10-20 13:58:01.190 +02:00 [INF] Request finished HTTP/1.1 GET http://localhost:5217/images/pizza.jpg - 304 null image/jpeg 65.0839ms
2025-10-20 13:58:01.190 +02:00 [INF] Request finished HTTP/1.1 GET http://localhost:5217/images/tacos.jpg - 304 null image/jpeg 65.104ms
2025-10-20 14:47:04.591 +02:00 [INF] Request starting HTTP/1.1 GET http://localhost:5217/images/pizza.jpg - null null
2025-10-20 14:47:04.591 +02:00 [INF] Request starting HTTP/1.1 GET http://localhost:5217/images/tacos.jpg - null null
2025-10-20 14:47:04.591 +02:00 [INF] Request starting HTTP/1.1 GET http://localhost:5217/images/fishandchips.jpg - null null
2025-10-20 14:47:04.635 +02:00 [INF] The file /images/pizza.jpg was not modified
2025-10-20 14:47:04.635 +02:00 [INF] The file /images/fishandchips.jpg was not modified
2025-10-20 14:47:04.635 +02:00 [INF] The file /images/tacos.jpg was not modified
2025-10-20 14:47:04.638 +02:00 [INF] Request finished HTTP/1.1 GET http://localhost:5217/images/tacos.jpg - 304 null image/jpeg 49.9218ms
2025-10-20 14:47:04.638 +02:00 [INF] Request finished HTTP/1.1 GET http://localhost:5217/images/fishandchips.jpg - 304 null image/jpeg 49.9172ms
2025-10-20 14:47:04.638 +02:00 [INF] Request finished HTTP/1.1 GET http://localhost:5217/images/pizza.jpg - 304 null image/jpeg 49.88ms
2025-10-20 14:47:05.924 +02:00 [INF] Request starting HTTP/1.1 GET http://localhost:5217/api/itemapi/itemlist - null null
2025-10-20 14:47:05.928 +02:00 [INF] CORS policy execution successful.
2025-10-20 14:47:05.929 +02:00 [INF] Executing endpoint 'MyShop.Controllers.ItemAPIController.ItemList (api)'
2025-10-20 14:47:05.935 +02:00 [INF] Route matched with {action = "ItemList", controller = "ItemAPI"}. Executing controller action with signature System.Threading.Tasks.Task`1[Microsoft.AspNetCore.Mvc.IActionResult] ItemList() on controller MyShop.Controllers.ItemAPIController (api).
2025-10-20 14:47:05.982 +02:00 [INF] Executing OkObjectResult, writing value of type 'System.Collections.Generic.List`1[[MyShop.Models.Item, api, Version=1.0.0.0, Culture=neutral, PublicKeyToken=null]]'.
2025-10-20 14:47:05.986 +02:00 [INF] Executed action MyShop.Controllers.ItemAPIController.ItemList (api) in 50.2541ms
2025-10-20 14:47:05.986 +02:00 [INF] Executed endpoint 'MyShop.Controllers.ItemAPIController.ItemList (api)'
2025-10-20 14:47:05.986 +02:00 [INF] Request finished HTTP/1.1 GET http://localhost:5217/api/itemapi/itemlist - 200 964 application/json; charset=utf-8 62.5032ms
2025-10-20 14:47:05.988 +02:00 [INF] Request starting HTTP/1.1 GET http://localhost:5217/api/itemapi/itemlist - null null
2025-10-20 14:47:05.988 +02:00 [INF] CORS policy execution successful.
2025-10-20 14:47:05.988 +02:00 [INF] Executing endpoint 'MyShop.Controllers.ItemAPIController.ItemList (api)'
2025-10-20 14:47:05.988 +02:00 [INF] Route matched with {action = "ItemList", controller = "ItemAPI"}. Executing controller action with signature System.Threading.Tasks.Task`1[Microsoft.AspNetCore.Mvc.IActionResult] ItemList() on controller MyShop.Controllers.ItemAPIController (api).
2025-10-20 14:47:05.990 +02:00 [INF] Executing OkObjectResult, writing value of type 'System.Collections.Generic.List`1[[MyShop.Models.Item, api, Version=1.0.0.0, Culture=neutral, PublicKeyToken=null]]'.
2025-10-20 14:47:05.991 +02:00 [INF] Executed action MyShop.Controllers.ItemAPIController.ItemList (api) in 2.855ms
2025-10-20 14:47:05.991 +02:00 [INF] Executed endpoint 'MyShop.Controllers.ItemAPIController.ItemList (api)'
2025-10-20 14:47:05.991 +02:00 [INF] Request finished HTTP/1.1 GET http://localhost:5217/api/itemapi/itemlist - 200 964 application/json; charset=utf-8 3.3721ms
2025-10-20 14:47:06.007 +02:00 [INF] Request starting HTTP/1.1 GET http://localhost:5217/images/cider.jpg - null null
2025-10-20 14:47:06.007 +02:00 [INF] Request starting HTTP/1.1 GET http://localhost:5217/images/frenchfries.jpg - null null
2025-10-20 14:47:06.007 +02:00 [INF] The file /images/cider.jpg was not modified
2025-10-20 14:47:06.007 +02:00 [INF] The file /images/frenchfries.jpg was not modified
2025-10-20 14:47:06.007 +02:00 [INF] Request finished HTTP/1.1 GET http://localhost:5217/images/frenchfries.jpg - 304 null image/jpeg 0.4232ms
2025-10-20 14:47:06.007 +02:00 [INF] Request finished HTTP/1.1 GET http://localhost:5217/images/cider.jpg - 304 null image/jpeg 0.3921ms
2025-10-20 14:47:06.007 +02:00 [INF] Request starting HTTP/1.1 GET http://localhost:5217/images/coke.jpg - null null
2025-10-20 14:47:06.008 +02:00 [INF] The file /images/coke.jpg was not modified
2025-10-20 14:47:06.008 +02:00 [INF] Request finished HTTP/1.1 GET http://localhost:5217/images/coke.jpg - 304 null image/jpeg 0.5185ms
2025-10-20 14:47:09.736 +02:00 [INF] Request starting HTTP/1.1 OPTIONS http://localhost:5217/api/itemapi/delete/8 - null null
2025-10-20 14:47:09.737 +02:00 [INF] CORS policy execution successful.
2025-10-20 14:47:09.738 +02:00 [INF] Request finished HTTP/1.1 OPTIONS http://localhost:5217/api/itemapi/delete/8 - 204 null null 25.3195ms
2025-10-20 14:47:09.746 +02:00 [INF] Request starting HTTP/1.1 DELETE http://localhost:5217/api/itemapi/delete/8 - null null
2025-10-20 14:47:09.746 +02:00 [INF] CORS policy execution successful.
2025-10-20 14:47:09.747 +02:00 [INF] Executing endpoint 'MyShop.Controllers.ItemAPIController.Delete (api)'
2025-10-20 14:47:09.749 +02:00 [INF] Route matched with {action = "Delete", controller = "ItemAPI"}. Executing controller action with signature System.Threading.Tasks.Task`1[Microsoft.AspNetCore.Mvc.IActionResult] Delete(Int32) on controller MyShop.Controllers.ItemAPIController (api).
2025-10-20 14:47:09.778 +02:00 [INF] Executing StatusCodeResult, setting HTTP status code 204
2025-10-20 14:47:09.778 +02:00 [INF] Executed action MyShop.Controllers.ItemAPIController.Delete (api) in 29.1807ms
2025-10-20 14:47:09.778 +02:00 [INF] Executed endpoint 'MyShop.Controllers.ItemAPIController.Delete (api)'
2025-10-20 14:47:09.779 +02:00 [INF] Request finished HTTP/1.1 DELETE http://localhost:5217/api/itemapi/delete/8 - 204 null null 32.9117ms
2025-10-20 14:47:11.015 +02:00 [INF] Request starting HTTP/1.1 GET http://localhost:5217/api/itemapi/3 - null null
2025-10-20 14:47:11.016 +02:00 [INF] CORS policy execution successful.
2025-10-20 14:47:11.017 +02:00 [INF] Executing endpoint 'MyShop.Controllers.ItemAPIController.GetItemById (api)'
2025-10-20 14:47:11.042 +02:00 [INF] Route matched with {action = "GetItemById", controller = "ItemAPI"}. Executing controller action with signature System.Threading.Tasks.Task`1[Microsoft.AspNetCore.Mvc.IActionResult] GetItemById(Int32) on controller MyShop.Controllers.ItemAPIController (api).
2025-10-20 14:47:11.047 +02:00 [INF] Executing OkObjectResult, writing value of type 'Castle.Proxies.ItemProxy'.
2025-10-20 14:47:11.048 +02:00 [INF] Executed action MyShop.Controllers.ItemAPIController.GetItemById (api) in 5.8583ms
2025-10-20 14:47:11.048 +02:00 [INF] Executed endpoint 'MyShop.Controllers.ItemAPIController.GetItemById (api)'
2025-10-20 14:47:11.048 +02:00 [INF] Request finished HTTP/1.1 GET http://localhost:5217/api/itemapi/3 - 200 204 application/json; charset=utf-8 33.6452ms
2025-10-20 14:47:11.049 +02:00 [INF] Request starting HTTP/1.1 GET http://localhost:5217/api/itemapi/3 - null null
2025-10-20 14:47:11.050 +02:00 [INF] CORS policy execution successful.
2025-10-20 14:47:11.050 +02:00 [INF] Executing endpoint 'MyShop.Controllers.ItemAPIController.GetItemById (api)'
2025-10-20 14:47:11.050 +02:00 [INF] Route matched with {action = "GetItemById", controller = "ItemAPI"}. Executing controller action with signature System.Threading.Tasks.Task`1[Microsoft.AspNetCore.Mvc.IActionResult] GetItemById(Int32) on controller MyShop.Controllers.ItemAPIController (api).
2025-10-20 14:47:11.051 +02:00 [INF] Executing OkObjectResult, writing value of type 'Castle.Proxies.ItemProxy'.
2025-10-20 14:47:11.051 +02:00 [INF] Executed action MyShop.Controllers.ItemAPIController.GetItemById (api) in 1.6255ms
2025-10-20 14:47:11.051 +02:00 [INF] Executed endpoint 'MyShop.Controllers.ItemAPIController.GetItemById (api)'
2025-10-20 14:47:11.051 +02:00 [INF] Request finished HTTP/1.1 GET http://localhost:5217/api/itemapi/3 - 200 204 application/json; charset=utf-8 2.0595ms
2025-10-20 14:47:13.858 +02:00 [INF] Request starting HTTP/1.1 OPTIONS http://localhost:5217/api/itemapi/update/3 - null null
2025-10-20 14:47:13.859 +02:00 [INF] CORS policy execution successful.
2025-10-20 14:47:13.860 +02:00 [INF] Request finished HTTP/1.1 OPTIONS http://localhost:5217/api/itemapi/update/3 - 204 null null 1.3175ms
2025-10-20 14:47:13.863 +02:00 [INF] Request starting HTTP/1.1 PUT http://localhost:5217/api/itemapi/update/3 - application/json 211
2025-10-20 14:47:13.863 +02:00 [INF] CORS policy execution successful.
2025-10-20 14:47:13.863 +02:00 [INF] Executing endpoint 'MyShop.Controllers.ItemAPIController.Update (api)'
2025-10-20 14:47:13.881 +02:00 [INF] Route matched with {action = "Update", controller = "ItemAPI"}. Executing controller action with signature System.Threading.Tasks.Task`1[Microsoft.AspNetCore.Mvc.IActionResult] Update(Int32, MyShop.DTO.ItemDTO) on controller MyShop.Controllers.ItemAPIController (api).
2025-10-20 14:47:13.928 +02:00 [INF] Executing OkObjectResult, writing value of type 'Castle.Proxies.ItemProxy'.
2025-10-20 14:47:13.928 +02:00 [INF] Executed action MyShop.Controllers.ItemAPIController.Update (api) in 46.968ms
2025-10-20 14:47:13.928 +02:00 [INF] Executed endpoint 'MyShop.Controllers.ItemAPIController.Update (api)'
2025-10-20 14:47:13.928 +02:00 [INF] Request finished HTTP/1.1 PUT http://localhost:5217/api/itemapi/update/3 - 200 213 application/json; charset=utf-8 65.3157ms
2025-10-20 14:47:13.966 +02:00 [INF] Request starting HTTP/1.1 GET http://localhost:5217/api/itemapi/itemlist - null null
2025-10-20 14:47:13.967 +02:00 [INF] CORS policy execution successful.
2025-10-20 14:47:13.967 +02:00 [INF] Executing endpoint 'MyShop.Controllers.ItemAPIController.ItemList (api)'
2025-10-20 14:47:13.967 +02:00 [INF] Route matched with {action = "ItemList", controller = "ItemAPI"}. Executing controller action with signature System.Threading.Tasks.Task`1[Microsoft.AspNetCore.Mvc.IActionResult] ItemList() on controller MyShop.Controllers.ItemAPIController (api).
2025-10-20 14:47:13.970 +02:00 [INF] Executing OkObjectResult, writing value of type 'System.Collections.Generic.List`1[[MyShop.Models.Item, api, Version=1.0.0.0, Culture=neutral, PublicKeyToken=null]]'.
2025-10-20 14:47:13.970 +02:00 [INF] Executed action MyShop.Controllers.ItemAPIController.ItemList (api) in 3.2787ms
2025-10-20 14:47:13.970 +02:00 [INF] Executed endpoint 'MyShop.Controllers.ItemAPIController.ItemList (api)'
2025-10-20 14:47:13.971 +02:00 [INF] Request finished HTTP/1.1 GET http://localhost:5217/api/itemapi/itemlist - 200 815 application/json; charset=utf-8 4.302ms
2025-10-20 14:47:13.972 +02:00 [INF] Request starting HTTP/1.1 GET http://localhost:5217/api/itemapi/itemlist - null null
2025-10-20 14:47:13.972 +02:00 [INF] CORS policy execution successful.
2025-10-20 14:47:13.972 +02:00 [INF] Executing endpoint 'MyShop.Controllers.ItemAPIController.ItemList (api)'
2025-10-20 14:47:13.972 +02:00 [INF] Route matched with {action = "ItemList", controller = "ItemAPI"}. Executing controller action with signature System.Threading.Tasks.Task`1[Microsoft.AspNetCore.Mvc.IActionResult] ItemList() on controller MyShop.Controllers.ItemAPIController (api).
2025-10-20 14:47:13.977 +02:00 [INF] Executing OkObjectResult, writing value of type 'System.Collections.Generic.List`1[[MyShop.Models.Item, api, Version=1.0.0.0, Culture=neutral, PublicKeyToken=null]]'.
2025-10-20 14:47:13.977 +02:00 [INF] Executed action MyShop.Controllers.ItemAPIController.ItemList (api) in 4.9374ms
2025-10-20 14:47:13.977 +02:00 [INF] Executed endpoint 'MyShop.Controllers.ItemAPIController.ItemList (api)'
2025-10-20 14:47:13.977 +02:00 [INF] Request finished HTTP/1.1 GET http://localhost:5217/api/itemapi/itemlist - 200 815 application/json; charset=utf-8 5.6895ms
2025-10-20 14:47:21.163 +02:00 [INF] Request starting HTTP/1.1 OPTIONS http://localhost:5217/api/itemapi/create - null null
2025-10-20 14:47:21.165 +02:00 [INF] CORS policy execution successful.
2025-10-20 14:47:21.166 +02:00 [INF] Request finished HTTP/1.1 OPTIONS http://localhost:5217/api/itemapi/create - 204 null null 3.2927ms
2025-10-20 14:47:21.167 +02:00 [INF] Request starting HTTP/1.1 POST http://localhost:5217/api/itemapi/create - application/json 65
2025-10-20 14:47:21.168 +02:00 [INF] CORS policy execution successful.
2025-10-20 14:47:21.168 +02:00 [INF] Executing endpoint 'MyShop.Controllers.ItemAPIController.Create (api)'
2025-10-20 14:47:21.177 +02:00 [INF] Route matched with {action = "Create", controller = "ItemAPI"}. Executing controller action with signature System.Threading.Tasks.Task`1[Microsoft.AspNetCore.Mvc.IActionResult] Create(MyShop.DTO.ItemDTO) on controller MyShop.Controllers.ItemAPIController (api).
2025-10-20 14:47:21.195 +02:00 [INF] Executing CreatedAtActionResult, writing value of type 'MyShop.Models.Item'.
2025-10-20 14:47:21.227 +02:00 [INF] Executed action MyShop.Controllers.ItemAPIController.Create (api) in 49.4671ms
2025-10-20 14:47:21.227 +02:00 [INF] Executed endpoint 'MyShop.Controllers.ItemAPIController.Create (api)'
2025-10-20 14:47:21.227 +02:00 [INF] Request finished HTTP/1.1 POST http://localhost:5217/api/itemapi/create - 201 78 application/json; charset=utf-8 60.0812ms
2025-10-20 14:47:21.256 +02:00 [INF] Request starting HTTP/1.1 GET http://localhost:5217/api/itemapi/itemlist - null null
2025-10-20 14:47:21.256 +02:00 [INF] CORS policy execution successful.
2025-10-20 14:47:21.257 +02:00 [INF] Executing endpoint 'MyShop.Controllers.ItemAPIController.ItemList (api)'
2025-10-20 14:47:21.257 +02:00 [INF] Route matched with {action = "ItemList", controller = "ItemAPI"}. Executing controller action with signature System.Threading.Tasks.Task`1[Microsoft.AspNetCore.Mvc.IActionResult] ItemList() on controller MyShop.Controllers.ItemAPIController (api).
2025-10-20 14:47:21.261 +02:00 [INF] Executing OkObjectResult, writing value of type 'System.Collections.Generic.List`1[[MyShop.Models.Item, api, Version=1.0.0.0, Culture=neutral, PublicKeyToken=null]]'.
2025-10-20 14:47:21.262 +02:00 [INF] Executed action MyShop.Controllers.ItemAPIController.ItemList (api) in 4.5474ms
2025-10-20 14:47:21.262 +02:00 [INF] Executed endpoint 'MyShop.Controllers.ItemAPIController.ItemList (api)'
2025-10-20 14:47:21.262 +02:00 [INF] Request finished HTTP/1.1 GET http://localhost:5217/api/itemapi/itemlist - 200 894 application/json; charset=utf-8 6.02ms
2025-10-20 14:47:21.265 +02:00 [INF] Request starting HTTP/1.1 GET http://localhost:5217/api/itemapi/itemlist - null null
2025-10-20 14:47:21.265 +02:00 [INF] CORS policy execution successful.
2025-10-20 14:47:21.266 +02:00 [INF] Executing endpoint 'MyShop.Controllers.ItemAPIController.ItemList (api)'
2025-10-20 14:47:21.266 +02:00 [INF] Route matched with {action = "ItemList", controller = "ItemAPI"}. Executing controller action with signature System.Threading.Tasks.Task`1[Microsoft.AspNetCore.Mvc.IActionResult] ItemList() on controller MyShop.Controllers.ItemAPIController (api).
2025-10-20 14:47:21.274 +02:00 [INF] Executing OkObjectResult, writing value of type 'System.Collections.Generic.List`1[[MyShop.Models.Item, api, Version=1.0.0.0, Culture=neutral, PublicKeyToken=null]]'.
2025-10-20 14:47:21.275 +02:00 [INF] Executed action MyShop.Controllers.ItemAPIController.ItemList (api) in 9.1625ms
2025-10-20 14:47:21.276 +02:00 [INF] Executed endpoint 'MyShop.Controllers.ItemAPIController.ItemList (api)'
2025-10-20 14:47:21.276 +02:00 [INF] Request finished HTTP/1.1 GET http://localhost:5217/api/itemapi/itemlist - 200 894 application/json; charset=utf-8 10.8357ms
2025-10-20 14:47:25.546 +02:00 [INF] Application is shutting down...
