2025-10-13 21:02:15.260 +02:00 [INF] Now listening on: http://localhost:5217
2025-10-13 21:02:15.264 +02:00 [INF] Application started. Press Ctrl+C to shut down.
2025-10-13 21:02:15.264 +02:00 [INF] Hosting environment: Development
2025-10-13 21:02:15.264 +02:00 [INF] Content root path: /Users/alexanderhoyskel/VSCode/ITPE3200/api
2025-10-13 21:02:47.906 +02:00 [INF] Request starting HTTP/1.1 GET http://localhost:5217/api/itemapi/itemlist - null null
2025-10-13 21:02:47.921 +02:00 [INF] CORS policy execution successful.
2025-10-13 21:02:47.922 +02:00 [INF] Executing endpoint 'MyShop.Controllers.ItemAPIController.ItemList (api)'
2025-10-13 21:02:47.927 +02:00 [INF] Route matched with {action = "ItemList", controller = "ItemAPI"}. Executing controller action with signature System.Threading.Tasks.Task`1[Microsoft.AspNetCore.Mvc.IActionResult] ItemList() on controller MyShop.Controllers.ItemAPIController (api).
2025-10-13 21:02:47.954 +02:00 [INF] Executing OkObjectResult, writing value of type 'System.Collections.Generic.List`1[[MyShop.Models.Item, api, Version=1.0.0.0, Culture=neutral, PublicKeyToken=null]]'.
2025-10-13 21:02:47.998 +02:00 [INF] Executed action MyShop.Controllers.ItemAPIController.ItemList (api) in 69.4962ms
2025-10-13 21:02:47.998 +02:00 [INF] Executed endpoint 'MyShop.Controllers.ItemAPIController.ItemList (api)'
2025-10-13 21:02:48.000 +02:00 [INF] Request starting HTTP/1.1 GET http://localhost:5217/api/itemapi/itemlist - null null
2025-10-13 21:02:48.000 +02:00 [INF] CORS policy execution successful.
2025-10-13 21:02:48.000 +02:00 [INF] Executing endpoint 'MyShop.Controllers.ItemAPIController.ItemList (api)'
2025-10-13 21:02:48.000 +02:00 [INF] Route matched with {action = "ItemList", controller = "ItemAPI"}. Executing controller action with signature System.Threading.Tasks.Task`1[Microsoft.AspNetCore.Mvc.IActionResult] ItemList() on controller MyShop.Controllers.ItemAPIController (api).
2025-10-13 21:02:48.001 +02:00 [INF] Request finished HTTP/1.1 GET http://localhost:5217/api/itemapi/itemlist - 200 1544 application/json; charset=utf-8 94.9672ms
2025-10-13 21:02:48.029 +02:00 [INF] Executing OkObjectResult, writing value of type 'System.Collections.Generic.List`1[[MyShop.Models.Item, api, Version=1.0.0.0, Culture=neutral, PublicKeyToken=null]]'.
2025-10-13 21:02:48.029 +02:00 [INF] Executed action MyShop.Controllers.ItemAPIController.ItemList (api) in 28.7461ms
2025-10-13 21:02:48.029 +02:00 [INF] Executed endpoint 'MyShop.Controllers.ItemAPIController.ItemList (api)'
2025-10-13 21:02:48.030 +02:00 [INF] Request finished HTTP/1.1 GET http://localhost:5217/api/itemapi/itemlist - 200 1544 application/json; charset=utf-8 30.1135ms
2025-10-13 21:03:43.681 +02:00 [INF] Application is shutting down...
