2025-10-13 20:31:45.647 +02:00 [INF] Now listening on: http://localhost:5217
2025-10-13 20:31:45.656 +02:00 [INF] Application started. Press Ctrl+C to shut down.
2025-10-13 20:31:45.658 +02:00 [INF] Hosting environment: Development
2025-10-13 20:31:45.659 +02:00 [INF] Content root path: /Users/alexanderhoyskel/VSCode/ITPE3200/api
2025-10-13 20:31:46.178 +02:00 [INF] Request starting HTTP/1.1 GET http://localhost:5217/swagger/index.html - null null
2025-10-13 20:31:46.269 +02:00 [INF] Request finished HTTP/1.1 GET http://localhost:5217/swagger/index.html - 200 null text/html;charset=utf-8 91.946ms
2025-10-13 20:31:46.403 +02:00 [INF] Request starting HTTP/1.1 GET http://localhost:5217/swagger/v1/swagger.json - null null
2025-10-13 20:31:46.438 +02:00 [INF] Request finished HTTP/1.1 GET http://localhost:5217/swagger/v1/swagger.json - 200 null application/json;charset=utf-8 34.9015ms
2025-10-13 20:32:22.316 +02:00 [INF] Request starting HTTP/1.1 GET http://localhost:5217/api/itemapi/itemlist - null null
2025-10-13 20:32:22.353 +02:00 [INF] CORS policy execution successful.
2025-10-13 20:32:22.355 +02:00 [INF] Executing endpoint 'MyShop.Controllers.ItemAPIController.ItemList (api)'
2025-10-13 20:32:22.383 +02:00 [INF] Route matched with {action = "ItemList", controller = "ItemAPI"}. Executing controller action with signature System.Threading.Tasks.Task`1[Microsoft.AspNetCore.Mvc.IActionResult] ItemList() on controller MyShop.Controllers.ItemAPIController (api).
2025-10-13 20:32:22.453 +02:00 [INF] Executing OkObjectResult, writing value of type 'System.Collections.Generic.List`1[[MyShop.Models.Item, api, Version=1.0.0.0, Culture=neutral, PublicKeyToken=null]]'.
2025-10-13 20:32:22.581 +02:00 [INF] Request starting HTTP/1.1 GET http://localhost:5217/api/itemapi/itemlist - null null
2025-10-13 20:32:22.585 +02:00 [INF] CORS policy execution successful.
2025-10-13 20:32:22.585 +02:00 [INF] Executing endpoint 'MyShop.Controllers.ItemAPIController.ItemList (api)'
2025-10-13 20:32:22.585 +02:00 [INF] Route matched with {action = "ItemList", controller = "ItemAPI"}. Executing controller action with signature System.Threading.Tasks.Task`1[Microsoft.AspNetCore.Mvc.IActionResult] ItemList() on controller MyShop.Controllers.ItemAPIController (api).
2025-10-13 20:32:22.586 +02:00 [INF] Executed action MyShop.Controllers.ItemAPIController.ItemList (api) in 170.0714ms
2025-10-13 20:32:22.586 +02:00 [INF] Executed endpoint 'MyShop.Controllers.ItemAPIController.ItemList (api)'
2025-10-13 20:32:22.589 +02:00 [INF] Request finished HTTP/1.1 GET http://localhost:5217/api/itemapi/itemlist - 200 1544 application/json; charset=utf-8 273.3527ms
2025-10-13 20:32:22.606 +02:00 [INF] Executing OkObjectResult, writing value of type 'System.Collections.Generic.List`1[[MyShop.Models.Item, api, Version=1.0.0.0, Culture=neutral, PublicKeyToken=null]]'.
2025-10-13 20:32:22.607 +02:00 [INF] Executed action MyShop.Controllers.ItemAPIController.ItemList (api) in 21.2427ms
2025-10-13 20:32:22.607 +02:00 [INF] Executed endpoint 'MyShop.Controllers.ItemAPIController.ItemList (api)'
2025-10-13 20:32:22.608 +02:00 [INF] Request finished HTTP/1.1 GET http://localhost:5217/api/itemapi/itemlist - 200 1544 application/json; charset=utf-8 27.2867ms
2025-10-13 20:32:23.806 +02:00 [INF] Request starting HTTP/1.1 GET http://localhost:5217/api/itemapi/itemlist - null null
2025-10-13 20:32:23.809 +02:00 [INF] CORS policy execution successful.
2025-10-13 20:32:23.809 +02:00 [INF] Executing endpoint 'MyShop.Controllers.ItemAPIController.ItemList (api)'
2025-10-13 20:32:23.809 +02:00 [INF] Route matched with {action = "ItemList", controller = "ItemAPI"}. Executing controller action with signature System.Threading.Tasks.Task`1[Microsoft.AspNetCore.Mvc.IActionResult] ItemList() on controller MyShop.Controllers.ItemAPIController (api).
2025-10-13 20:32:23.818 +02:00 [INF] Executing OkObjectResult, writing value of type 'System.Collections.Generic.List`1[[MyShop.Models.Item, api, Version=1.0.0.0, Culture=neutral, PublicKeyToken=null]]'.
2025-10-13 20:32:23.819 +02:00 [INF] Executed action MyShop.Controllers.ItemAPIController.ItemList (api) in 9.6472ms
2025-10-13 20:32:23.819 +02:00 [INF] Executed endpoint 'MyShop.Controllers.ItemAPIController.ItemList (api)'
2025-10-13 20:32:23.820 +02:00 [INF] Request finished HTTP/1.1 GET http://localhost:5217/api/itemapi/itemlist - 200 1544 application/json; charset=utf-8 13.8455ms
2025-10-13 20:32:25.239 +02:00 [INF] Request starting HTTP/1.1 GET http://localhost:5217/api/itemapi/itemlist - null null
2025-10-13 20:32:25.239 +02:00 [INF] CORS policy execution successful.
2025-10-13 20:32:25.239 +02:00 [INF] Executing endpoint 'MyShop.Controllers.ItemAPIController.ItemList (api)'
2025-10-13 20:32:25.239 +02:00 [INF] Route matched with {action = "ItemList", controller = "ItemAPI"}. Executing controller action with signature System.Threading.Tasks.Task`1[Microsoft.AspNetCore.Mvc.IActionResult] ItemList() on controller MyShop.Controllers.ItemAPIController (api).
2025-10-13 20:32:25.243 +02:00 [INF] Executing OkObjectResult, writing value of type 'System.Collections.Generic.List`1[[MyShop.Models.Item, api, Version=1.0.0.0, Culture=neutral, PublicKeyToken=null]]'.
2025-10-13 20:32:25.244 +02:00 [INF] Executed action MyShop.Controllers.ItemAPIController.ItemList (api) in 4.2596ms
2025-10-13 20:32:25.244 +02:00 [INF] Executed endpoint 'MyShop.Controllers.ItemAPIController.ItemList (api)'
2025-10-13 20:32:25.244 +02:00 [INF] Request finished HTTP/1.1 GET http://localhost:5217/api/itemapi/itemlist - 200 1544 application/json; charset=utf-8 5.4876ms
2025-10-13 20:33:02.983 +02:00 [INF] Request starting HTTP/1.1 GET http://localhost:5217/api/itemapi/itemlist - null null
2025-10-13 20:33:02.987 +02:00 [INF] CORS policy execution successful.
2025-10-13 20:33:02.987 +02:00 [INF] Executing endpoint 'MyShop.Controllers.ItemAPIController.ItemList (api)'
2025-10-13 20:33:02.988 +02:00 [INF] Route matched with {action = "ItemList", controller = "ItemAPI"}. Executing controller action with signature System.Threading.Tasks.Task`1[Microsoft.AspNetCore.Mvc.IActionResult] ItemList() on controller MyShop.Controllers.ItemAPIController (api).
2025-10-13 20:33:02.997 +02:00 [INF] Executing OkObjectResult, writing value of type 'System.Collections.Generic.List`1[[MyShop.Models.Item, api, Version=1.0.0.0, Culture=neutral, PublicKeyToken=null]]'.
2025-10-13 20:33:02.998 +02:00 [INF] Executed action MyShop.Controllers.ItemAPIController.ItemList (api) in 9.9997ms
2025-10-13 20:33:02.998 +02:00 [INF] Executed endpoint 'MyShop.Controllers.ItemAPIController.ItemList (api)'
2025-10-13 20:33:02.998 +02:00 [INF] Request finished HTTP/1.1 GET http://localhost:5217/api/itemapi/itemlist - 200 1544 application/json; charset=utf-8 15.9272ms
2025-10-13 20:33:38.075 +02:00 [INF] Request starting HTTP/1.1 GET http://localhost:5217/api/itemapi/itemlist - null null
2025-10-13 20:33:38.078 +02:00 [INF] CORS policy execution successful.
2025-10-13 20:33:38.078 +02:00 [INF] Executing endpoint 'MyShop.Controllers.ItemAPIController.ItemList (api)'
2025-10-13 20:33:38.079 +02:00 [INF] Route matched with {action = "ItemList", controller = "ItemAPI"}. Executing controller action with signature System.Threading.Tasks.Task`1[Microsoft.AspNetCore.Mvc.IActionResult] ItemList() on controller MyShop.Controllers.ItemAPIController (api).
2025-10-13 20:33:38.086 +02:00 [INF] Executing OkObjectResult, writing value of type 'System.Collections.Generic.List`1[[MyShop.Models.Item, api, Version=1.0.0.0, Culture=neutral, PublicKeyToken=null]]'.
2025-10-13 20:33:38.086 +02:00 [INF] Executed action MyShop.Controllers.ItemAPIController.ItemList (api) in 7.1517ms
2025-10-13 20:33:38.086 +02:00 [INF] Executed endpoint 'MyShop.Controllers.ItemAPIController.ItemList (api)'
2025-10-13 20:33:38.086 +02:00 [INF] Request finished HTTP/1.1 GET http://localhost:5217/api/itemapi/itemlist - 200 1544 application/json; charset=utf-8 12.1842ms
2025-10-13 20:33:38.601 +02:00 [INF] Request starting HTTP/1.1 GET http://localhost:5217/api/itemapi/itemlist - null null
2025-10-13 20:33:38.601 +02:00 [INF] CORS policy execution successful.
2025-10-13 20:33:38.601 +02:00 [INF] Executing endpoint 'MyShop.Controllers.ItemAPIController.ItemList (api)'
2025-10-13 20:33:38.602 +02:00 [INF] Route matched with {action = "ItemList", controller = "ItemAPI"}. Executing controller action with signature System.Threading.Tasks.Task`1[Microsoft.AspNetCore.Mvc.IActionResult] ItemList() on controller MyShop.Controllers.ItemAPIController (api).
2025-10-13 20:33:38.608 +02:00 [INF] Executing OkObjectResult, writing value of type 'System.Collections.Generic.List`1[[MyShop.Models.Item, api, Version=1.0.0.0, Culture=neutral, PublicKeyToken=null]]'.
2025-10-13 20:33:38.609 +02:00 [INF] Executed action MyShop.Controllers.ItemAPIController.ItemList (api) in 6.9464ms
2025-10-13 20:33:38.609 +02:00 [INF] Executed endpoint 'MyShop.Controllers.ItemAPIController.ItemList (api)'
2025-10-13 20:33:38.610 +02:00 [INF] Request finished HTTP/1.1 GET http://localhost:5217/api/itemapi/itemlist - 200 1544 application/json; charset=utf-8 8.8905ms
2025-10-13 20:33:39.237 +02:00 [INF] Request starting HTTP/1.1 GET http://localhost:5217/api/itemapi/itemlist - null null
2025-10-13 20:33:39.237 +02:00 [INF] CORS policy execution successful.
2025-10-13 20:33:39.237 +02:00 [INF] Executing endpoint 'MyShop.Controllers.ItemAPIController.ItemList (api)'
2025-10-13 20:33:39.238 +02:00 [INF] Route matched with {action = "ItemList", controller = "ItemAPI"}. Executing controller action with signature System.Threading.Tasks.Task`1[Microsoft.AspNetCore.Mvc.IActionResult] ItemList() on controller MyShop.Controllers.ItemAPIController (api).
2025-10-13 20:33:39.244 +02:00 [INF] Executing OkObjectResult, writing value of type 'System.Collections.Generic.List`1[[MyShop.Models.Item, api, Version=1.0.0.0, Culture=neutral, PublicKeyToken=null]]'.
2025-10-13 20:33:39.245 +02:00 [INF] Executed action MyShop.Controllers.ItemAPIController.ItemList (api) in 7.1477ms
2025-10-13 20:33:39.245 +02:00 [INF] Executed endpoint 'MyShop.Controllers.ItemAPIController.ItemList (api)'
2025-10-13 20:33:39.245 +02:00 [INF] Request finished HTTP/1.1 GET http://localhost:5217/api/itemapi/itemlist - 200 1544 application/json; charset=utf-8 8.8235ms
2025-10-13 20:33:39.507 +02:00 [INF] Request starting HTTP/1.1 GET http://localhost:5217/api/itemapi/itemlist - null null
2025-10-13 20:33:39.507 +02:00 [INF] CORS policy execution successful.
2025-10-13 20:33:39.507 +02:00 [INF] Executing endpoint 'MyShop.Controllers.ItemAPIController.ItemList (api)'
2025-10-13 20:33:39.507 +02:00 [INF] Route matched with {action = "ItemList", controller = "ItemAPI"}. Executing controller action with signature System.Threading.Tasks.Task`1[Microsoft.AspNetCore.Mvc.IActionResult] ItemList() on controller MyShop.Controllers.ItemAPIController (api).
2025-10-13 20:33:39.509 +02:00 [INF] Executing OkObjectResult, writing value of type 'System.Collections.Generic.List`1[[MyShop.Models.Item, api, Version=1.0.0.0, Culture=neutral, PublicKeyToken=null]]'.
2025-10-13 20:33:39.509 +02:00 [INF] Executed action MyShop.Controllers.ItemAPIController.ItemList (api) in 1.9386ms
2025-10-13 20:33:39.509 +02:00 [INF] Executed endpoint 'MyShop.Controllers.ItemAPIController.ItemList (api)'
2025-10-13 20:33:39.510 +02:00 [INF] Request finished HTTP/1.1 GET http://localhost:5217/api/itemapi/itemlist - 200 1544 application/json; charset=utf-8 2.346ms
2025-10-13 20:33:39.716 +02:00 [INF] Request starting HTTP/1.1 GET http://localhost:5217/api/itemapi/itemlist - null null
2025-10-13 20:33:39.716 +02:00 [INF] CORS policy execution successful.
2025-10-13 20:33:39.716 +02:00 [INF] Executing endpoint 'MyShop.Controllers.ItemAPIController.ItemList (api)'
2025-10-13 20:33:39.716 +02:00 [INF] Route matched with {action = "ItemList", controller = "ItemAPI"}. Executing controller action with signature System.Threading.Tasks.Task`1[Microsoft.AspNetCore.Mvc.IActionResult] ItemList() on controller MyShop.Controllers.ItemAPIController (api).
2025-10-13 20:33:39.722 +02:00 [INF] Executing OkObjectResult, writing value of type 'System.Collections.Generic.List`1[[MyShop.Models.Item, api, Version=1.0.0.0, Culture=neutral, PublicKeyToken=null]]'.
2025-10-13 20:33:39.723 +02:00 [INF] Executed action MyShop.Controllers.ItemAPIController.ItemList (api) in 6.2967ms
2025-10-13 20:33:39.723 +02:00 [INF] Executed endpoint 'MyShop.Controllers.ItemAPIController.ItemList (api)'
2025-10-13 20:33:39.723 +02:00 [INF] Request finished HTTP/1.1 GET http://localhost:5217/api/itemapi/itemlist - 200 1544 application/json; charset=utf-8 7.3548ms
2025-10-13 20:33:39.898 +02:00 [INF] Request starting HTTP/1.1 GET http://localhost:5217/api/itemapi/itemlist - null null
2025-10-13 20:33:39.898 +02:00 [INF] CORS policy execution successful.
2025-10-13 20:33:39.898 +02:00 [INF] Executing endpoint 'MyShop.Controllers.ItemAPIController.ItemList (api)'
2025-10-13 20:33:39.898 +02:00 [INF] Route matched with {action = "ItemList", controller = "ItemAPI"}. Executing controller action with signature System.Threading.Tasks.Task`1[Microsoft.AspNetCore.Mvc.IActionResult] ItemList() on controller MyShop.Controllers.ItemAPIController (api).
2025-10-13 20:33:39.901 +02:00 [INF] Executing OkObjectResult, writing value of type 'System.Collections.Generic.List`1[[MyShop.Models.Item, api, Version=1.0.0.0, Culture=neutral, PublicKeyToken=null]]'.
2025-10-13 20:33:39.901 +02:00 [INF] Executed action MyShop.Controllers.ItemAPIController.ItemList (api) in 2.8193ms
2025-10-13 20:33:39.901 +02:00 [INF] Executed endpoint 'MyShop.Controllers.ItemAPIController.ItemList (api)'
2025-10-13 20:33:39.901 +02:00 [INF] Request finished HTTP/1.1 GET http://localhost:5217/api/itemapi/itemlist - 200 1544 application/json; charset=utf-8 3.4167ms
2025-10-13 20:33:41.527 +02:00 [INF] Request starting HTTP/1.1 GET http://localhost:5217/api/itemapi/itemlist - null null
2025-10-13 20:33:41.527 +02:00 [INF] CORS policy execution successful.
2025-10-13 20:33:41.527 +02:00 [INF] Executing endpoint 'MyShop.Controllers.ItemAPIController.ItemList (api)'
2025-10-13 20:33:41.527 +02:00 [INF] Route matched with {action = "ItemList", controller = "ItemAPI"}. Executing controller action with signature System.Threading.Tasks.Task`1[Microsoft.AspNetCore.Mvc.IActionResult] ItemList() on controller MyShop.Controllers.ItemAPIController (api).
2025-10-13 20:33:41.531 +02:00 [INF] Executing OkObjectResult, writing value of type 'System.Collections.Generic.List`1[[MyShop.Models.Item, api, Version=1.0.0.0, Culture=neutral, PublicKeyToken=null]]'.
2025-10-13 20:33:41.532 +02:00 [INF] Executed action MyShop.Controllers.ItemAPIController.ItemList (api) in 4.0753ms
2025-10-13 20:33:41.532 +02:00 [INF] Executed endpoint 'MyShop.Controllers.ItemAPIController.ItemList (api)'
2025-10-13 20:33:41.533 +02:00 [INF] Request finished HTTP/1.1 GET http://localhost:5217/api/itemapi/itemlist - 200 1544 application/json; charset=utf-8 5.4617ms
2025-10-13 20:33:41.534 +02:00 [INF] Request starting HTTP/1.1 GET http://localhost:5217/api/itemapi/itemlist - null null
2025-10-13 20:33:41.534 +02:00 [INF] CORS policy execution successful.
2025-10-13 20:33:41.534 +02:00 [INF] Executing endpoint 'MyShop.Controllers.ItemAPIController.ItemList (api)'
2025-10-13 20:33:41.534 +02:00 [INF] Route matched with {action = "ItemList", controller = "ItemAPI"}. Executing controller action with signature System.Threading.Tasks.Task`1[Microsoft.AspNetCore.Mvc.IActionResult] ItemList() on controller MyShop.Controllers.ItemAPIController (api).
2025-10-13 20:33:41.538 +02:00 [INF] Executing OkObjectResult, writing value of type 'System.Collections.Generic.List`1[[MyShop.Models.Item, api, Version=1.0.0.0, Culture=neutral, PublicKeyToken=null]]'.
2025-10-13 20:33:41.539 +02:00 [INF] Executed action MyShop.Controllers.ItemAPIController.ItemList (api) in 4.615ms
2025-10-13 20:33:41.539 +02:00 [INF] Executed endpoint 'MyShop.Controllers.ItemAPIController.ItemList (api)'
2025-10-13 20:33:41.539 +02:00 [INF] Request finished HTTP/1.1 GET http://localhost:5217/api/itemapi/itemlist - 200 1544 application/json; charset=utf-8 5.6714ms
2025-10-13 20:34:39.991 +02:00 [INF] Request starting HTTP/1.1 GET http://localhost:5217/images/chickenleg.jpg - null null
2025-10-13 20:34:39.991 +02:00 [INF] Request starting HTTP/1.1 GET http://localhost:5217/images/pizza.jpg - null null
2025-10-13 20:34:39.991 +02:00 [INF] Request starting HTTP/1.1 GET http://localhost:5217/images/frenchfries.jpg - null null
2025-10-13 20:34:40.010 +02:00 [INF] Request finished HTTP/1.1 GET http://localhost:5217/images/chickenleg.jpg - 404 0 null 21.2579ms
2025-10-13 20:34:40.010 +02:00 [INF] Request finished HTTP/1.1 GET http://localhost:5217/images/pizza.jpg - 404 0 null 21.2579ms
2025-10-13 20:34:40.010 +02:00 [INF] Request finished HTTP/1.1 GET http://localhost:5217/images/frenchfries.jpg - 404 0 null 21.2565ms
2025-10-13 20:34:40.035 +02:00 [INF] Request reached the end of the middleware pipeline without being handled by application code. Request path: GET http://localhost:5217/images/chickenleg.jpg, Response status code: 404
2025-10-13 20:34:40.035 +02:00 [INF] Request reached the end of the middleware pipeline without being handled by application code. Request path: GET http://localhost:5217/images/pizza.jpg, Response status code: 404
2025-10-13 20:34:40.035 +02:00 [INF] Request reached the end of the middleware pipeline without being handled by application code. Request path: GET http://localhost:5217/images/frenchfries.jpg, Response status code: 404
2025-10-13 20:34:40.035 +02:00 [INF] Request starting HTTP/1.1 GET http://localhost:5217/images/fishandchips.jpg - null null
2025-10-13 20:34:40.035 +02:00 [INF] Request starting HTTP/1.1 GET http://localhost:5217/images/tacos.jpg - null null
2025-10-13 20:34:40.036 +02:00 [INF] Request starting HTTP/1.1 GET http://localhost:5217/images/ribs.jpg - null null
2025-10-13 20:34:40.036 +02:00 [INF] Request finished HTTP/1.1 GET http://localhost:5217/images/ribs.jpg - 404 0 null 0.1904ms
2025-10-13 20:34:40.036 +02:00 [INF] Request finished HTTP/1.1 GET http://localhost:5217/images/fishandchips.jpg - 404 0 null 0.2392ms
2025-10-13 20:34:40.036 +02:00 [INF] Request reached the end of the middleware pipeline without being handled by application code. Request path: GET http://localhost:5217/images/ribs.jpg, Response status code: 404
2025-10-13 20:34:40.036 +02:00 [INF] Request finished HTTP/1.1 GET http://localhost:5217/images/tacos.jpg - 404 0 null 0.2279ms
2025-10-13 20:34:40.036 +02:00 [INF] Request reached the end of the middleware pipeline without being handled by application code. Request path: GET http://localhost:5217/images/fishandchips.jpg, Response status code: 404
2025-10-13 20:34:40.036 +02:00 [INF] Request reached the end of the middleware pipeline without being handled by application code. Request path: GET http://localhost:5217/images/tacos.jpg, Response status code: 404
2025-10-13 20:34:40.039 +02:00 [INF] Request starting HTTP/1.1 GET http://localhost:5217/images/cider.jpg - null null
2025-10-13 20:34:40.039 +02:00 [INF] Request starting HTTP/1.1 GET http://localhost:5217/images/coke.jpg - null null
2025-10-13 20:34:40.040 +02:00 [INF] Request finished HTTP/1.1 GET http://localhost:5217/images/cider.jpg - 404 0 null 0.3151ms
2025-10-13 20:34:40.040 +02:00 [INF] Request finished HTTP/1.1 GET http://localhost:5217/images/coke.jpg - 404 0 null 0.3304ms
2025-10-13 20:34:40.040 +02:00 [INF] Request reached the end of the middleware pipeline without being handled by application code. Request path: GET http://localhost:5217/images/cider.jpg, Response status code: 404
2025-10-13 20:34:40.040 +02:00 [INF] Request reached the end of the middleware pipeline without being handled by application code. Request path: GET http://localhost:5217/images/coke.jpg, Response status code: 404
2025-10-13 20:34:56.438 +02:00 [INF] Request starting HTTP/1.1 GET http://localhost:5217/api/itemapi/itemlist - null null
2025-10-13 20:34:56.441 +02:00 [INF] CORS policy execution successful.
2025-10-13 20:34:56.441 +02:00 [INF] Executing endpoint 'MyShop.Controllers.ItemAPIController.ItemList (api)'
2025-10-13 20:34:56.441 +02:00 [INF] Route matched with {action = "ItemList", controller = "ItemAPI"}. Executing controller action with signature System.Threading.Tasks.Task`1[Microsoft.AspNetCore.Mvc.IActionResult] ItemList() on controller MyShop.Controllers.ItemAPIController (api).
2025-10-13 20:34:56.449 +02:00 [INF] Executing OkObjectResult, writing value of type 'System.Collections.Generic.List`1[[MyShop.Models.Item, api, Version=1.0.0.0, Culture=neutral, PublicKeyToken=null]]'.
2025-10-13 20:34:56.450 +02:00 [INF] Executed action MyShop.Controllers.ItemAPIController.ItemList (api) in 7.8752ms
2025-10-13 20:34:56.450 +02:00 [INF] Executed endpoint 'MyShop.Controllers.ItemAPIController.ItemList (api)'
2025-10-13 20:34:56.451 +02:00 [INF] Request finished HTTP/1.1 GET http://localhost:5217/api/itemapi/itemlist - 200 1544 application/json; charset=utf-8 12.6282ms
2025-10-13 20:34:59.042 +02:00 [INF] Request starting HTTP/1.1 GET http://localhost:5217/api/itemapi/itemlist - null null
2025-10-13 20:34:59.043 +02:00 [INF] CORS policy execution successful.
2025-10-13 20:34:59.043 +02:00 [INF] Executing endpoint 'MyShop.Controllers.ItemAPIController.ItemList (api)'
2025-10-13 20:34:59.043 +02:00 [INF] Route matched with {action = "ItemList", controller = "ItemAPI"}. Executing controller action with signature System.Threading.Tasks.Task`1[Microsoft.AspNetCore.Mvc.IActionResult] ItemList() on controller MyShop.Controllers.ItemAPIController (api).
2025-10-13 20:34:59.047 +02:00 [INF] Executing OkObjectResult, writing value of type 'System.Collections.Generic.List`1[[MyShop.Models.Item, api, Version=1.0.0.0, Culture=neutral, PublicKeyToken=null]]'.
2025-10-13 20:34:59.047 +02:00 [INF] Executed action MyShop.Controllers.ItemAPIController.ItemList (api) in 4.0945ms
2025-10-13 20:34:59.047 +02:00 [INF] Executed endpoint 'MyShop.Controllers.ItemAPIController.ItemList (api)'
2025-10-13 20:34:59.047 +02:00 [INF] Request finished HTTP/1.1 GET http://localhost:5217/api/itemapi/itemlist - 200 1544 application/json; charset=utf-8 5.6881ms
2025-10-13 20:35:00.444 +02:00 [INF] Request starting HTTP/1.1 GET http://localhost:5217/api/itemapi/itemlist - null null
2025-10-13 20:35:00.444 +02:00 [INF] CORS policy execution successful.
2025-10-13 20:35:00.445 +02:00 [INF] Executing endpoint 'MyShop.Controllers.ItemAPIController.ItemList (api)'
2025-10-13 20:35:00.445 +02:00 [INF] Route matched with {action = "ItemList", controller = "ItemAPI"}. Executing controller action with signature System.Threading.Tasks.Task`1[Microsoft.AspNetCore.Mvc.IActionResult] ItemList() on controller MyShop.Controllers.ItemAPIController (api).
2025-10-13 20:35:00.452 +02:00 [INF] Executing OkObjectResult, writing value of type 'System.Collections.Generic.List`1[[MyShop.Models.Item, api, Version=1.0.0.0, Culture=neutral, PublicKeyToken=null]]'.
2025-10-13 20:35:00.452 +02:00 [INF] Executed action MyShop.Controllers.ItemAPIController.ItemList (api) in 7.2597ms
2025-10-13 20:35:00.452 +02:00 [INF] Executed endpoint 'MyShop.Controllers.ItemAPIController.ItemList (api)'
2025-10-13 20:35:00.452 +02:00 [INF] Request finished HTTP/1.1 GET http://localhost:5217/api/itemapi/itemlist - 200 1544 application/json; charset=utf-8 8.2258ms
2025-10-13 20:35:00.453 +02:00 [INF] Request starting HTTP/1.1 GET http://localhost:5217/api/itemapi/itemlist - null null
2025-10-13 20:35:00.453 +02:00 [INF] CORS policy execution successful.
2025-10-13 20:35:00.453 +02:00 [INF] Executing endpoint 'MyShop.Controllers.ItemAPIController.ItemList (api)'
2025-10-13 20:35:00.454 +02:00 [INF] Route matched with {action = "ItemList", controller = "ItemAPI"}. Executing controller action with signature System.Threading.Tasks.Task`1[Microsoft.AspNetCore.Mvc.IActionResult] ItemList() on controller MyShop.Controllers.ItemAPIController (api).
2025-10-13 20:35:00.460 +02:00 [INF] Executing OkObjectResult, writing value of type 'System.Collections.Generic.List`1[[MyShop.Models.Item, api, Version=1.0.0.0, Culture=neutral, PublicKeyToken=null]]'.
2025-10-13 20:35:00.463 +02:00 [INF] Executed action MyShop.Controllers.ItemAPIController.ItemList (api) in 8.9917ms
2025-10-13 20:35:00.463 +02:00 [INF] Executed endpoint 'MyShop.Controllers.ItemAPIController.ItemList (api)'
2025-10-13 20:35:00.463 +02:00 [INF] Request finished HTTP/1.1 GET http://localhost:5217/api/itemapi/itemlist - 200 1544 application/json; charset=utf-8 9.5242ms
2025-10-13 20:35:00.478 +02:00 [INF] Request starting HTTP/1.1 GET http://localhost:5217/images/pizza.jpg - null null
2025-10-13 20:35:00.478 +02:00 [INF] Request starting HTTP/1.1 GET http://localhost:5217/images/chickenleg.jpg - null null
2025-10-13 20:35:00.478 +02:00 [INF] Request starting HTTP/1.1 GET http://localhost:5217/images/frenchfries.jpg - null null
2025-10-13 20:35:00.478 +02:00 [INF] Request finished HTTP/1.1 GET http://localhost:5217/images/chickenleg.jpg - 404 0 null 0.4835ms
2025-10-13 20:35:00.478 +02:00 [INF] Request finished HTTP/1.1 GET http://localhost:5217/images/pizza.jpg - 404 0 null 0.4019ms
2025-10-13 20:35:00.479 +02:00 [INF] Request reached the end of the middleware pipeline without being handled by application code. Request path: GET http://localhost:5217/images/pizza.jpg, Response status code: 404
2025-10-13 20:35:00.502 +02:00 [INF] Request finished HTTP/1.1 GET http://localhost:5217/images/frenchfries.jpg - 404 0 null 1.7124ms
2025-10-13 20:35:00.502 +02:00 [INF] Request reached the end of the middleware pipeline without being handled by application code. Request path: GET http://localhost:5217/images/chickenleg.jpg, Response status code: 404
2025-10-13 20:35:00.599 +02:00 [INF] Request starting HTTP/1.1 GET http://localhost:5217/images/cider.jpg - null null
2025-10-13 20:35:00.599 +02:00 [INF] Request starting HTTP/1.1 GET http://localhost:5217/images/fishandchips.jpg - null null
2025-10-13 20:35:00.575 +02:00 [INF] Request reached the end of the middleware pipeline without being handled by application code. Request path: GET http://localhost:5217/images/frenchfries.jpg, Response status code: 404
2025-10-13 20:35:00.599 +02:00 [INF] Request starting HTTP/1.1 GET http://localhost:5217/images/ribs.jpg - null null
2025-10-13 20:35:00.599 +02:00 [INF] Request starting HTTP/1.1 GET http://localhost:5217/images/tacos.jpg - null null
2025-10-13 20:35:00.600 +02:00 [INF] Request finished HTTP/1.1 GET http://localhost:5217/images/cider.jpg - 404 0 null 0.5562ms
2025-10-13 20:35:00.600 +02:00 [INF] Request reached the end of the middleware pipeline without being handled by application code. Request path: GET http://localhost:5217/images/cider.jpg, Response status code: 404
2025-10-13 20:35:00.600 +02:00 [INF] Request finished HTTP/1.1 GET http://localhost:5217/images/tacos.jpg - 404 0 null 0.5702ms
2025-10-13 20:35:00.600 +02:00 [INF] Request finished HTTP/1.1 GET http://localhost:5217/images/ribs.jpg - 404 0 null 0.3358ms
2025-10-13 20:35:00.600 +02:00 [INF] Request reached the end of the middleware pipeline without being handled by application code. Request path: GET http://localhost:5217/images/tacos.jpg, Response status code: 404
2025-10-13 20:35:00.600 +02:00 [INF] Request reached the end of the middleware pipeline without being handled by application code. Request path: GET http://localhost:5217/images/ribs.jpg, Response status code: 404
2025-10-13 20:35:00.600 +02:00 [INF] Request starting HTTP/1.1 GET http://localhost:5217/images/coke.jpg - null null
2025-10-13 20:35:00.602 +02:00 [INF] Request finished HTTP/1.1 GET http://localhost:5217/images/fishandchips.jpg - 404 0 null 0.718ms
2025-10-13 20:35:00.602 +02:00 [INF] Request finished HTTP/1.1 GET http://localhost:5217/images/coke.jpg - 404 0 null 2.0697ms
2025-10-13 20:35:00.602 +02:00 [INF] Request reached the end of the middleware pipeline without being handled by application code. Request path: GET http://localhost:5217/images/coke.jpg, Response status code: 404
2025-10-13 20:35:00.602 +02:00 [INF] Request reached the end of the middleware pipeline without being handled by application code. Request path: GET http://localhost:5217/images/fishandchips.jpg, Response status code: 404
2025-10-13 20:35:01.898 +02:00 [INF] Request starting HTTP/1.1 GET http://localhost:5217/api/itemapi/itemlist - null null
2025-10-13 20:35:01.901 +02:00 [INF] CORS policy execution successful.
2025-10-13 20:35:01.901 +02:00 [INF] Executing endpoint 'MyShop.Controllers.ItemAPIController.ItemList (api)'
2025-10-13 20:35:01.901 +02:00 [INF] Route matched with {action = "ItemList", controller = "ItemAPI"}. Executing controller action with signature System.Threading.Tasks.Task`1[Microsoft.AspNetCore.Mvc.IActionResult] ItemList() on controller MyShop.Controllers.ItemAPIController (api).
2025-10-13 20:35:01.906 +02:00 [INF] Executing OkObjectResult, writing value of type 'System.Collections.Generic.List`1[[MyShop.Models.Item, api, Version=1.0.0.0, Culture=neutral, PublicKeyToken=null]]'.
2025-10-13 20:35:01.906 +02:00 [INF] Executed action MyShop.Controllers.ItemAPIController.ItemList (api) in 4.6145ms
2025-10-13 20:35:01.906 +02:00 [INF] Executed endpoint 'MyShop.Controllers.ItemAPIController.ItemList (api)'
2025-10-13 20:35:01.906 +02:00 [INF] Request finished HTTP/1.1 GET http://localhost:5217/api/itemapi/itemlist - 200 1544 application/json; charset=utf-8 7.826ms
2025-10-13 20:35:01.907 +02:00 [INF] Request starting HTTP/1.1 GET http://localhost:5217/api/itemapi/itemlist - null null
2025-10-13 20:35:01.907 +02:00 [INF] CORS policy execution successful.
2025-10-13 20:35:01.907 +02:00 [INF] Executing endpoint 'MyShop.Controllers.ItemAPIController.ItemList (api)'
2025-10-13 20:35:01.907 +02:00 [INF] Route matched with {action = "ItemList", controller = "ItemAPI"}. Executing controller action with signature System.Threading.Tasks.Task`1[Microsoft.AspNetCore.Mvc.IActionResult] ItemList() on controller MyShop.Controllers.ItemAPIController (api).
2025-10-13 20:35:01.908 +02:00 [INF] Executing OkObjectResult, writing value of type 'System.Collections.Generic.List`1[[MyShop.Models.Item, api, Version=1.0.0.0, Culture=neutral, PublicKeyToken=null]]'.
2025-10-13 20:35:01.908 +02:00 [INF] Executed action MyShop.Controllers.ItemAPIController.ItemList (api) in 1.6107ms
2025-10-13 20:35:01.908 +02:00 [INF] Executed endpoint 'MyShop.Controllers.ItemAPIController.ItemList (api)'
2025-10-13 20:35:01.908 +02:00 [INF] Request finished HTTP/1.1 GET http://localhost:5217/api/itemapi/itemlist - 200 1544 application/json; charset=utf-8 1.8335ms
2025-10-13 20:35:01.920 +02:00 [INF] Request starting HTTP/1.1 GET http://localhost:5217/images/pizza.jpg - null null
2025-10-13 20:35:01.920 +02:00 [INF] Request finished HTTP/1.1 GET http://localhost:5217/images/pizza.jpg - 404 0 null 0.2725ms
2025-10-13 20:35:01.920 +02:00 [INF] Request reached the end of the middleware pipeline without being handled by application code. Request path: GET http://localhost:5217/images/pizza.jpg, Response status code: 404
2025-10-13 20:35:01.920 +02:00 [INF] Request starting HTTP/1.1 GET http://localhost:5217/images/chickenleg.jpg - null null
2025-10-13 20:35:01.920 +02:00 [INF] Request finished HTTP/1.1 GET http://localhost:5217/images/chickenleg.jpg - 404 0 null 0.1941ms
2025-10-13 20:35:01.920 +02:00 [INF] Request reached the end of the middleware pipeline without being handled by application code. Request path: GET http://localhost:5217/images/chickenleg.jpg, Response status code: 404
2025-10-13 20:35:01.920 +02:00 [INF] Request starting HTTP/1.1 GET http://localhost:5217/images/frenchfries.jpg - null null
2025-10-13 20:35:01.921 +02:00 [INF] Request finished HTTP/1.1 GET http://localhost:5217/images/frenchfries.jpg - 404 0 null 0.1841ms
2025-10-13 20:35:01.921 +02:00 [INF] Request reached the end of the middleware pipeline without being handled by application code. Request path: GET http://localhost:5217/images/frenchfries.jpg, Response status code: 404
2025-10-13 20:35:01.921 +02:00 [INF] Request starting HTTP/1.1 GET http://localhost:5217/images/ribs.jpg - null null
2025-10-13 20:35:01.921 +02:00 [INF] Request finished HTTP/1.1 GET http://localhost:5217/images/ribs.jpg - 404 0 null 0.1178ms
2025-10-13 20:35:01.921 +02:00 [INF] Request reached the end of the middleware pipeline without being handled by application code. Request path: GET http://localhost:5217/images/ribs.jpg, Response status code: 404
2025-10-13 20:35:01.921 +02:00 [INF] Request starting HTTP/1.1 GET http://localhost:5217/images/tacos.jpg - null null
2025-10-13 20:35:01.921 +02:00 [INF] Request finished HTTP/1.1 GET http://localhost:5217/images/tacos.jpg - 404 0 null 0.1276ms
2025-10-13 20:35:01.921 +02:00 [INF] Request starting HTTP/1.1 GET http://localhost:5217/images/fishandchips.jpg - null null
2025-10-13 20:35:01.921 +02:00 [INF] Request reached the end of the middleware pipeline without being handled by application code. Request path: GET http://localhost:5217/images/tacos.jpg, Response status code: 404
2025-10-13 20:35:01.921 +02:00 [INF] Request finished HTTP/1.1 GET http://localhost:5217/images/fishandchips.jpg - 404 0 null 0.199ms
2025-10-13 20:35:01.921 +02:00 [INF] Request reached the end of the middleware pipeline without being handled by application code. Request path: GET http://localhost:5217/images/fishandchips.jpg, Response status code: 404
2025-10-13 20:35:01.921 +02:00 [INF] Request starting HTTP/1.1 GET http://localhost:5217/images/cider.jpg - null null
2025-10-13 20:35:01.922 +02:00 [INF] Request finished HTTP/1.1 GET http://localhost:5217/images/cider.jpg - 404 0 null 0.2332ms
2025-10-13 20:35:01.922 +02:00 [INF] Request reached the end of the middleware pipeline without being handled by application code. Request path: GET http://localhost:5217/images/cider.jpg, Response status code: 404
2025-10-13 20:35:01.922 +02:00 [INF] Request starting HTTP/1.1 GET http://localhost:5217/images/coke.jpg - null null
2025-10-13 20:35:01.923 +02:00 [INF] Request finished HTTP/1.1 GET http://localhost:5217/images/coke.jpg - 404 0 null 0.1482ms
2025-10-13 20:35:01.923 +02:00 [INF] Request reached the end of the middleware pipeline without being handled by application code. Request path: GET http://localhost:5217/images/coke.jpg, Response status code: 404
2025-10-13 20:39:12.773 +02:00 [INF] Request starting HTTP/1.1 GET http://localhost:5217/images/chickenleg.jpg - null null
2025-10-13 20:39:12.777 +02:00 [INF] Request starting HTTP/1.1 GET http://localhost:5217/images/frenchfries.jpg - null null
2025-10-13 20:39:12.773 +02:00 [INF] Request starting HTTP/1.1 GET http://localhost:5217/images/tacos.jpg - null null
2025-10-13 20:39:12.773 +02:00 [INF] Request starting HTTP/1.1 GET http://localhost:5217/images/pizza.jpg - null null
2025-10-13 20:39:12.818 +02:00 [INF] Request starting HTTP/1.1 GET http://localhost:5217/images/fishandchips.jpg - null null
2025-10-13 20:39:12.841 +02:00 [INF] Request finished HTTP/1.1 GET http://localhost:5217/images/tacos.jpg - 404 0 null 27.3201ms
2025-10-13 20:39:12.841 +02:00 [INF] Request finished HTTP/1.1 GET http://localhost:5217/images/chickenleg.jpg - 404 0 null 45.6645ms
2025-10-13 20:39:12.841 +02:00 [INF] Request finished HTTP/1.1 GET http://localhost:5217/images/pizza.jpg - 404 0 null 45.2208ms
2025-10-13 20:39:12.842 +02:00 [INF] Request finished HTTP/1.1 GET http://localhost:5217/images/fishandchips.jpg - 404 0 null 41.2455ms
2025-10-13 20:39:12.842 +02:00 [INF] Request finished HTTP/1.1 GET http://localhost:5217/images/frenchfries.jpg - 404 0 null 23.924ms
2025-10-13 20:39:12.842 +02:00 [INF] Request reached the end of the middleware pipeline without being handled by application code. Request path: GET http://localhost:5217/images/fishandchips.jpg, Response status code: 404
2025-10-13 20:39:12.842 +02:00 [INF] Request reached the end of the middleware pipeline without being handled by application code. Request path: GET http://localhost:5217/images/frenchfries.jpg, Response status code: 404
2025-10-13 20:39:12.842 +02:00 [INF] Request reached the end of the middleware pipeline without being handled by application code. Request path: GET http://localhost:5217/images/tacos.jpg, Response status code: 404
2025-10-13 20:39:12.842 +02:00 [INF] Request reached the end of the middleware pipeline without being handled by application code. Request path: GET http://localhost:5217/images/pizza.jpg, Response status code: 404
2025-10-13 20:39:12.842 +02:00 [INF] Request reached the end of the middleware pipeline without being handled by application code. Request path: GET http://localhost:5217/images/chickenleg.jpg, Response status code: 404
2025-10-13 20:39:12.893 +02:00 [INF] Request starting HTTP/1.1 GET http://localhost:5217/images/coke.jpg - null null
2025-10-13 20:39:12.895 +02:00 [INF] Request finished HTTP/1.1 GET http://localhost:5217/images/coke.jpg - 404 0 null 24.7982ms
2025-10-13 20:39:12.895 +02:00 [INF] Request reached the end of the middleware pipeline without being handled by application code. Request path: GET http://localhost:5217/images/coke.jpg, Response status code: 404
2025-10-13 20:39:12.965 +02:00 [INF] Request starting HTTP/1.1 GET http://localhost:5217/images/cider.jpg - null null
2025-10-13 20:39:12.965 +02:00 [INF] Request starting HTTP/1.1 GET http://localhost:5217/images/ribs.jpg - null null
2025-10-13 20:39:12.990 +02:00 [INF] Request finished HTTP/1.1 GET http://localhost:5217/images/cider.jpg - 404 0 null 47.0573ms
2025-10-13 20:39:12.991 +02:00 [INF] Request reached the end of the middleware pipeline without being handled by application code. Request path: GET http://localhost:5217/images/cider.jpg, Response status code: 404
2025-10-13 20:39:12.990 +02:00 [INF] Request finished HTTP/1.1 GET http://localhost:5217/images/ribs.jpg - 404 0 null 25.125ms
2025-10-13 20:39:12.991 +02:00 [INF] Request reached the end of the middleware pipeline without being handled by application code. Request path: GET http://localhost:5217/images/ribs.jpg, Response status code: 404
2025-10-13 20:39:34.737 +02:00 [INF] Request starting HTTP/1.1 GET http://localhost:5217/api/itemapi/itemlist - null null
2025-10-13 20:39:34.740 +02:00 [INF] CORS policy execution successful.
2025-10-13 20:39:34.740 +02:00 [INF] Executing endpoint 'MyShop.Controllers.ItemAPIController.ItemList (api)'
2025-10-13 20:39:34.742 +02:00 [INF] Route matched with {action = "ItemList", controller = "ItemAPI"}. Executing controller action with signature System.Threading.Tasks.Task`1[Microsoft.AspNetCore.Mvc.IActionResult] ItemList() on controller MyShop.Controllers.ItemAPIController (api).
2025-10-13 20:39:34.758 +02:00 [INF] Executing OkObjectResult, writing value of type 'System.Collections.Generic.List`1[[MyShop.Models.Item, api, Version=1.0.0.0, Culture=neutral, PublicKeyToken=null]]'.
2025-10-13 20:39:34.759 +02:00 [INF] Executed action MyShop.Controllers.ItemAPIController.ItemList (api) in 16.8065ms
2025-10-13 20:39:34.759 +02:00 [INF] Executed endpoint 'MyShop.Controllers.ItemAPIController.ItemList (api)'
2025-10-13 20:39:34.759 +02:00 [INF] Request finished HTTP/1.1 GET http://localhost:5217/api/itemapi/itemlist - 200 1544 application/json; charset=utf-8 22.4675ms
2025-10-13 20:39:41.310 +02:00 [INF] Request starting HTTP/1.1 GET http://localhost:5217/api/itemapi/itemlist - null null
2025-10-13 20:39:41.311 +02:00 [INF] CORS policy execution successful.
2025-10-13 20:39:41.311 +02:00 [INF] Executing endpoint 'MyShop.Controllers.ItemAPIController.ItemList (api)'
2025-10-13 20:39:41.311 +02:00 [INF] Route matched with {action = "ItemList", controller = "ItemAPI"}. Executing controller action with signature System.Threading.Tasks.Task`1[Microsoft.AspNetCore.Mvc.IActionResult] ItemList() on controller MyShop.Controllers.ItemAPIController (api).
2025-10-13 20:39:41.314 +02:00 [INF] Executing OkObjectResult, writing value of type 'System.Collections.Generic.List`1[[MyShop.Models.Item, api, Version=1.0.0.0, Culture=neutral, PublicKeyToken=null]]'.
2025-10-13 20:39:41.315 +02:00 [INF] Executed action MyShop.Controllers.ItemAPIController.ItemList (api) in 3.9997ms
2025-10-13 20:39:41.315 +02:00 [INF] Executed endpoint 'MyShop.Controllers.ItemAPIController.ItemList (api)'
2025-10-13 20:39:41.315 +02:00 [INF] Request finished HTTP/1.1 GET http://localhost:5217/api/itemapi/itemlist - 200 1544 application/json; charset=utf-8 5.469ms
2025-10-13 20:39:41.316 +02:00 [INF] Request starting HTTP/1.1 GET http://localhost:5217/api/itemapi/itemlist - null null
2025-10-13 20:39:41.316 +02:00 [INF] CORS policy execution successful.
2025-10-13 20:39:41.316 +02:00 [INF] Executing endpoint 'MyShop.Controllers.ItemAPIController.ItemList (api)'
2025-10-13 20:39:41.339 +02:00 [INF] Route matched with {action = "ItemList", controller = "ItemAPI"}. Executing controller action with signature System.Threading.Tasks.Task`1[Microsoft.AspNetCore.Mvc.IActionResult] ItemList() on controller MyShop.Controllers.ItemAPIController (api).
2025-10-13 20:39:41.370 +02:00 [INF] Request starting HTTP/1.1 GET http://localhost:5217/images/pizza.jpg - null null
2025-10-13 20:39:41.397 +02:00 [INF] Request starting HTTP/1.1 GET http://localhost:5217/images/chickenleg.jpg - null null
2025-10-13 20:39:41.398 +02:00 [INF] Request finished HTTP/1.1 GET http://localhost:5217/images/pizza.jpg - 404 0 null 27.759ms
2025-10-13 20:39:41.398 +02:00 [INF] Request reached the end of the middleware pipeline without being handled by application code. Request path: GET http://localhost:5217/images/pizza.jpg, Response status code: 404
2025-10-13 20:39:41.426 +02:00 [INF] Request starting HTTP/1.1 GET http://localhost:5217/images/frenchfries.jpg - null null
2025-10-13 20:39:41.426 +02:00 [INF] Request finished HTTP/1.1 GET http://localhost:5217/images/chickenleg.jpg - 404 0 null 27.1232ms
2025-10-13 20:39:41.426 +02:00 [INF] Request finished HTTP/1.1 GET http://localhost:5217/images/frenchfries.jpg - 404 0 null 0.2691ms
2025-10-13 20:39:41.426 +02:00 [INF] Request reached the end of the middleware pipeline without being handled by application code. Request path: GET http://localhost:5217/images/chickenleg.jpg, Response status code: 404
2025-10-13 20:39:41.426 +02:00 [INF] Request reached the end of the middleware pipeline without being handled by application code. Request path: GET http://localhost:5217/images/frenchfries.jpg, Response status code: 404
2025-10-13 20:39:41.426 +02:00 [INF] Request starting HTTP/1.1 GET http://localhost:5217/images/ribs.jpg - null null
2025-10-13 20:39:41.426 +02:00 [INF] Executing OkObjectResult, writing value of type 'System.Collections.Generic.List`1[[MyShop.Models.Item, api, Version=1.0.0.0, Culture=neutral, PublicKeyToken=null]]'.
2025-10-13 20:39:41.452 +02:00 [INF] Request starting HTTP/1.1 GET http://localhost:5217/images/tacos.jpg - null null
2025-10-13 20:39:41.452 +02:00 [INF] Request finished HTTP/1.1 GET http://localhost:5217/images/ribs.jpg - 404 0 null 26.6271ms
2025-10-13 20:39:41.453 +02:00 [INF] Request reached the end of the middleware pipeline without being handled by application code. Request path: GET http://localhost:5217/images/ribs.jpg, Response status code: 404
2025-10-13 20:39:41.452 +02:00 [INF] Executed action MyShop.Controllers.ItemAPIController.ItemList (api) in 107.2073ms
2025-10-13 20:39:41.453 +02:00 [INF] Executed endpoint 'MyShop.Controllers.ItemAPIController.ItemList (api)'
2025-10-13 20:39:41.453 +02:00 [INF] Request finished HTTP/1.1 GET http://localhost:5217/images/tacos.jpg - 404 0 null 0.7731ms
2025-10-13 20:39:41.456 +02:00 [INF] Request finished HTTP/1.1 GET http://localhost:5217/api/itemapi/itemlist - 200 1544 application/json; charset=utf-8 140.2481ms
2025-10-13 20:39:41.456 +02:00 [INF] Request reached the end of the middleware pipeline without being handled by application code. Request path: GET http://localhost:5217/images/tacos.jpg, Response status code: 404
2025-10-13 20:39:41.457 +02:00 [INF] Request starting HTTP/1.1 GET http://localhost:5217/images/cider.jpg - null null
2025-10-13 20:39:41.462 +02:00 [INF] Request starting HTTP/1.1 GET http://localhost:5217/images/fishandchips.jpg - null null
2025-10-13 20:39:41.462 +02:00 [INF] Request finished HTTP/1.1 GET http://localhost:5217/images/cider.jpg - 404 0 null 5.4361ms
2025-10-13 20:39:41.463 +02:00 [INF] Request starting HTTP/1.1 GET http://localhost:5217/images/coke.jpg - null null
2025-10-13 20:39:41.463 +02:00 [INF] Request finished HTTP/1.1 GET http://localhost:5217/images/fishandchips.jpg - 404 0 null 0.2399ms
2025-10-13 20:39:41.463 +02:00 [INF] Request reached the end of the middleware pipeline without being handled by application code. Request path: GET http://localhost:5217/images/fishandchips.jpg, Response status code: 404
2025-10-13 20:39:41.463 +02:00 [INF] Request reached the end of the middleware pipeline without being handled by application code. Request path: GET http://localhost:5217/images/cider.jpg, Response status code: 404
2025-10-13 20:39:41.463 +02:00 [INF] Request finished HTTP/1.1 GET http://localhost:5217/images/coke.jpg - 404 0 null 0.2488ms
2025-10-13 20:39:41.465 +02:00 [INF] Request reached the end of the middleware pipeline without being handled by application code. Request path: GET http://localhost:5217/images/coke.jpg, Response status code: 404
2025-10-13 20:39:48.834 +02:00 [INF] Request starting HTTP/1.1 GET http://localhost:5217/api/itemapi/itemlist - null null
2025-10-13 20:39:48.835 +02:00 [INF] CORS policy execution successful.
2025-10-13 20:39:48.835 +02:00 [INF] Executing endpoint 'MyShop.Controllers.ItemAPIController.ItemList (api)'
2025-10-13 20:39:48.835 +02:00 [INF] Route matched with {action = "ItemList", controller = "ItemAPI"}. Executing controller action with signature System.Threading.Tasks.Task`1[Microsoft.AspNetCore.Mvc.IActionResult] ItemList() on controller MyShop.Controllers.ItemAPIController (api).
2025-10-13 20:39:48.838 +02:00 [INF] Executing OkObjectResult, writing value of type 'System.Collections.Generic.List`1[[MyShop.Models.Item, api, Version=1.0.0.0, Culture=neutral, PublicKeyToken=null]]'.
2025-10-13 20:39:48.838 +02:00 [INF] Executed action MyShop.Controllers.ItemAPIController.ItemList (api) in 3.3633ms
2025-10-13 20:39:48.838 +02:00 [INF] Executed endpoint 'MyShop.Controllers.ItemAPIController.ItemList (api)'
2025-10-13 20:39:48.839 +02:00 [INF] Request finished HTTP/1.1 GET http://localhost:5217/api/itemapi/itemlist - 200 1544 application/json; charset=utf-8 4.5525ms
2025-10-13 20:39:48.839 +02:00 [INF] Request starting HTTP/1.1 GET http://localhost:5217/api/itemapi/itemlist - null null
2025-10-13 20:39:48.866 +02:00 [INF] CORS policy execution successful.
2025-10-13 20:39:48.867 +02:00 [INF] Executing endpoint 'MyShop.Controllers.ItemAPIController.ItemList (api)'
2025-10-13 20:39:48.867 +02:00 [INF] Request starting HTTP/1.1 GET http://localhost:5217/images/pizza.jpg - null null
2025-10-13 20:39:48.867 +02:00 [INF] Route matched with {action = "ItemList", controller = "ItemAPI"}. Executing controller action with signature System.Threading.Tasks.Task`1[Microsoft.AspNetCore.Mvc.IActionResult] ItemList() on controller MyShop.Controllers.ItemAPIController (api).
2025-10-13 20:39:48.867 +02:00 [INF] Request starting HTTP/1.1 GET http://localhost:5217/images/frenchfries.jpg - null null
2025-10-13 20:39:48.868 +02:00 [INF] Request finished HTTP/1.1 GET http://localhost:5217/images/frenchfries.jpg - 404 0 null 0.1698ms
2025-10-13 20:39:48.868 +02:00 [INF] Request reached the end of the middleware pipeline without being handled by application code. Request path: GET http://localhost:5217/images/frenchfries.jpg, Response status code: 404
2025-10-13 20:39:48.868 +02:00 [INF] Request finished HTTP/1.1 GET http://localhost:5217/images/pizza.jpg - 404 0 null 1.1472ms
2025-10-13 20:39:48.868 +02:00 [INF] Request reached the end of the middleware pipeline without being handled by application code. Request path: GET http://localhost:5217/images/pizza.jpg, Response status code: 404
2025-10-13 20:39:48.868 +02:00 [INF] Request starting HTTP/1.1 GET http://localhost:5217/images/chickenleg.jpg - null null
2025-10-13 20:39:48.869 +02:00 [INF] Request starting HTTP/1.1 GET http://localhost:5217/images/ribs.jpg - null null
2025-10-13 20:39:48.870 +02:00 [INF] Request starting HTTP/1.1 GET http://localhost:5217/images/cider.jpg - null null
2025-10-13 20:39:48.870 +02:00 [INF] Request finished HTTP/1.1 GET http://localhost:5217/images/ribs.jpg - 404 0 null 1.9453ms
2025-10-13 20:39:48.871 +02:00 [INF] Request reached the end of the middleware pipeline without being handled by application code. Request path: GET http://localhost:5217/images/ribs.jpg, Response status code: 404
2025-10-13 20:39:48.869 +02:00 [INF] Request starting HTTP/1.1 GET http://localhost:5217/images/tacos.jpg - null null
2025-10-13 20:39:48.871 +02:00 [INF] Request finished HTTP/1.1 GET http://localhost:5217/images/cider.jpg - 404 0 null 0.1825ms
2025-10-13 20:39:48.871 +02:00 [INF] Request finished HTTP/1.1 GET http://localhost:5217/images/tacos.jpg - 404 0 null 2.145ms
2025-10-13 20:39:48.871 +02:00 [INF] Request reached the end of the middleware pipeline without being handled by application code. Request path: GET http://localhost:5217/images/cider.jpg, Response status code: 404
2025-10-13 20:39:48.871 +02:00 [INF] Request reached the end of the middleware pipeline without being handled by application code. Request path: GET http://localhost:5217/images/tacos.jpg, Response status code: 404
2025-10-13 20:39:48.871 +02:00 [INF] Request finished HTTP/1.1 GET http://localhost:5217/images/chickenleg.jpg - 404 0 null 3.1762ms
2025-10-13 20:39:48.876 +02:00 [INF] Request reached the end of the middleware pipeline without being handled by application code. Request path: GET http://localhost:5217/images/chickenleg.jpg, Response status code: 404
2025-10-13 20:39:48.928 +02:00 [INF] Request starting HTTP/1.1 GET http://localhost:5217/images/fishandchips.jpg - null null
2025-10-13 20:39:48.928 +02:00 [INF] Request starting HTTP/1.1 GET http://localhost:5217/images/coke.jpg - null null
2025-10-13 20:39:48.952 +02:00 [INF] Request finished HTTP/1.1 GET http://localhost:5217/images/fishandchips.jpg - 404 0 null 23.952ms
2025-10-13 20:39:48.952 +02:00 [INF] Request reached the end of the middleware pipeline without being handled by application code. Request path: GET http://localhost:5217/images/fishandchips.jpg, Response status code: 404
2025-10-13 20:39:48.952 +02:00 [INF] Executing OkObjectResult, writing value of type 'System.Collections.Generic.List`1[[MyShop.Models.Item, api, Version=1.0.0.0, Culture=neutral, PublicKeyToken=null]]'.
2025-10-13 20:39:48.952 +02:00 [INF] Request finished HTTP/1.1 GET http://localhost:5217/images/coke.jpg - 404 0 null 23.8685ms
2025-10-13 20:39:48.952 +02:00 [INF] Request reached the end of the middleware pipeline without being handled by application code. Request path: GET http://localhost:5217/images/coke.jpg, Response status code: 404
2025-10-13 20:39:48.976 +02:00 [INF] Executed action MyShop.Controllers.ItemAPIController.ItemList (api) in 107.9814ms
2025-10-13 20:39:48.980 +02:00 [INF] Executed endpoint 'MyShop.Controllers.ItemAPIController.ItemList (api)'
2025-10-13 20:39:48.982 +02:00 [INF] Request finished HTTP/1.1 GET http://localhost:5217/api/itemapi/itemlist - 200 1544 application/json; charset=utf-8 142.8714ms
