2025-10-20 12:57:31.659 +02:00 [INF] Now listening on: http://localhost:5217
2025-10-20 12:57:31.683 +02:00 [INF] Application started. Press Ctrl+C to shut down.
2025-10-20 12:57:31.683 +02:00 [INF] Hosting environment: Development
2025-10-20 12:57:31.683 +02:00 [INF] Content root path: /Users/alexanderhoyskel/VSCode/ITPE3200/api
2025-10-20 12:57:35.435 +02:00 [INF] Request starting HTTP/1.1 GET http://localhost:5217/api/itemapi/itemlist - null null
2025-10-20 12:57:35.482 +02:00 [INF] CORS policy execution successful.
2025-10-20 12:57:35.483 +02:00 [INF] Executing endpoint 'MyShop.Controllers.ItemAPIController.ItemList (api)'
2025-10-20 12:57:35.495 +02:00 [INF] Route matched with {action = "ItemList", controller = "ItemAPI"}. Executing controller action with signature System.Threading.Tasks.Task`1[Microsoft.AspNetCore.Mvc.IActionResult] ItemList() on controller MyShop.Controllers.ItemAPIController (api).
2025-10-20 12:57:35.564 +02:00 [INF] Executing OkObjectResult, writing value of type 'System.Collections.Generic.List`1[[MyShop.Models.Item, api, Version=1.0.0.0, Culture=neutral, PublicKeyToken=null]]'.
2025-10-20 12:57:35.672 +02:00 [INF] Request starting HTTP/1.1 GET http://localhost:5217/api/itemapi/itemlist - null null
2025-10-20 12:57:35.672 +02:00 [INF] Executed action MyShop.Controllers.ItemAPIController.ItemList (api) in 173.5212ms
2025-10-20 12:57:35.672 +02:00 [INF] Executed endpoint 'MyShop.Controllers.ItemAPIController.ItemList (api)'
2025-10-20 12:57:35.674 +02:00 [INF] CORS policy execution successful.
2025-10-20 12:57:35.674 +02:00 [INF] Executing endpoint 'MyShop.Controllers.ItemAPIController.ItemList (api)'
2025-10-20 12:57:35.674 +02:00 [INF] Route matched with {action = "ItemList", controller = "ItemAPI"}. Executing controller action with signature System.Threading.Tasks.Task`1[Microsoft.AspNetCore.Mvc.IActionResult] ItemList() on controller MyShop.Controllers.ItemAPIController (api).
2025-10-20 12:57:35.675 +02:00 [INF] Request finished HTTP/1.1 GET http://localhost:5217/api/itemapi/itemlist - 200 1544 application/json; charset=utf-8 242.0375ms
2025-10-20 12:57:35.716 +02:00 [INF] Executing OkObjectResult, writing value of type 'System.Collections.Generic.List`1[[MyShop.Models.Item, api, Version=1.0.0.0, Culture=neutral, PublicKeyToken=null]]'.
2025-10-20 12:57:35.717 +02:00 [INF] Executed action MyShop.Controllers.ItemAPIController.ItemList (api) in 42.8741ms
2025-10-20 12:57:35.717 +02:00 [INF] Executed endpoint 'MyShop.Controllers.ItemAPIController.ItemList (api)'
2025-10-20 12:57:35.717 +02:00 [INF] Request finished HTTP/1.1 GET http://localhost:5217/api/itemapi/itemlist - 200 1544 application/json; charset=utf-8 45.0214ms
2025-10-20 12:57:49.964 +02:00 [INF] Request starting HTTP/1.1 OPTIONS http://localhost:5217/api/itemapi/create - null null
2025-10-20 12:57:49.966 +02:00 [INF] CORS policy execution successful.
2025-10-20 12:57:49.967 +02:00 [INF] Request finished HTTP/1.1 OPTIONS http://localhost:5217/api/itemapi/create - 204 null null 3.661ms
2025-10-20 12:57:49.968 +02:00 [INF] Request starting HTTP/1.1 POST http://localhost:5217/api/itemapi/create - application/json 66
2025-10-20 12:57:49.968 +02:00 [INF] CORS policy execution successful.
2025-10-20 12:57:49.969 +02:00 [INF] Executing endpoint 'MyShop.Controllers.ItemAPIController.Create (api)'
2025-10-20 12:57:49.974 +02:00 [INF] Route matched with {action = "Create", controller = "ItemAPI"}. Executing controller action with signature System.Threading.Tasks.Task`1[Microsoft.AspNetCore.Mvc.IActionResult] Create(MyShop.DTO.ItemDTO) on controller MyShop.Controllers.ItemAPIController (api).
2025-10-20 12:57:50.021 +02:00 [INF] Executing CreatedAtActionResult, writing value of type 'MyShop.Models.Item'.
2025-10-20 12:57:50.031 +02:00 [INF] Executed action MyShop.Controllers.ItemAPIController.Create (api) in 56.8332ms
2025-10-20 12:57:50.031 +02:00 [INF] Executed endpoint 'MyShop.Controllers.ItemAPIController.Create (api)'
2025-10-20 12:57:50.032 +02:00 [INF] Request finished HTTP/1.1 POST http://localhost:5217/api/itemapi/create - 201 79 application/json; charset=utf-8 63.1432ms
2025-10-20 12:57:50.098 +02:00 [INF] Request starting HTTP/1.1 GET http://localhost:5217/api/itemapi/itemlist - null null
2025-10-20 12:57:50.098 +02:00 [INF] CORS policy execution successful.
2025-10-20 12:57:50.098 +02:00 [INF] Executing endpoint 'MyShop.Controllers.ItemAPIController.ItemList (api)'
2025-10-20 12:57:50.098 +02:00 [INF] Route matched with {action = "ItemList", controller = "ItemAPI"}. Executing controller action with signature System.Threading.Tasks.Task`1[Microsoft.AspNetCore.Mvc.IActionResult] ItemList() on controller MyShop.Controllers.ItemAPIController (api).
2025-10-20 12:57:50.101 +02:00 [INF] Executing OkObjectResult, writing value of type 'System.Collections.Generic.List`1[[MyShop.Models.Item, api, Version=1.0.0.0, Culture=neutral, PublicKeyToken=null]]'.
2025-10-20 12:57:50.101 +02:00 [INF] Executed action MyShop.Controllers.ItemAPIController.ItemList (api) in 2.4996ms
2025-10-20 12:57:50.101 +02:00 [INF] Executed endpoint 'MyShop.Controllers.ItemAPIController.ItemList (api)'
2025-10-20 12:57:50.101 +02:00 [INF] Request finished HTTP/1.1 GET http://localhost:5217/api/itemapi/itemlist - 200 1624 application/json; charset=utf-8 3.2979ms
2025-10-20 12:57:50.102 +02:00 [INF] Request starting HTTP/1.1 GET http://localhost:5217/api/itemapi/itemlist - null null
2025-10-20 12:57:50.103 +02:00 [INF] CORS policy execution successful.
2025-10-20 12:57:50.103 +02:00 [INF] Executing endpoint 'MyShop.Controllers.ItemAPIController.ItemList (api)'
2025-10-20 12:57:50.103 +02:00 [INF] Route matched with {action = "ItemList", controller = "ItemAPI"}. Executing controller action with signature System.Threading.Tasks.Task`1[Microsoft.AspNetCore.Mvc.IActionResult] ItemList() on controller MyShop.Controllers.ItemAPIController (api).
2025-10-20 12:57:50.108 +02:00 [INF] Executing OkObjectResult, writing value of type 'System.Collections.Generic.List`1[[MyShop.Models.Item, api, Version=1.0.0.0, Culture=neutral, PublicKeyToken=null]]'.
2025-10-20 12:57:50.109 +02:00 [INF] Executed action MyShop.Controllers.ItemAPIController.ItemList (api) in 5.6419ms
2025-10-20 12:57:50.109 +02:00 [INF] Executed endpoint 'MyShop.Controllers.ItemAPIController.ItemList (api)'
2025-10-20 12:57:50.109 +02:00 [INF] Request finished HTTP/1.1 GET http://localhost:5217/api/itemapi/itemlist - 200 1624 application/json; charset=utf-8 6.6732ms
2025-10-20 12:58:16.814 +02:00 [INF] Request starting HTTP/1.1 OPTIONS http://localhost:5217/api/itemapi/create - null null
2025-10-20 12:58:16.816 +02:00 [INF] CORS policy execution successful.
2025-10-20 12:58:16.816 +02:00 [INF] Request finished HTTP/1.1 OPTIONS http://localhost:5217/api/itemapi/create - 204 null null 1.626ms
2025-10-20 12:58:16.817 +02:00 [INF] Request starting HTTP/1.1 POST http://localhost:5217/api/itemapi/create - application/json 82
2025-10-20 12:58:16.817 +02:00 [INF] CORS policy execution successful.
2025-10-20 12:58:16.817 +02:00 [INF] Executing endpoint 'MyShop.Controllers.ItemAPIController.Create (api)'
2025-10-20 12:58:16.817 +02:00 [INF] Route matched with {action = "Create", controller = "ItemAPI"}. Executing controller action with signature System.Threading.Tasks.Task`1[Microsoft.AspNetCore.Mvc.IActionResult] Create(MyShop.DTO.ItemDTO) on controller MyShop.Controllers.ItemAPIController (api).
2025-10-20 12:58:16.822 +02:00 [INF] Executing CreatedAtActionResult, writing value of type 'MyShop.Models.Item'.
2025-10-20 12:58:16.823 +02:00 [INF] Executed action MyShop.Controllers.ItemAPIController.Create (api) in 6.247ms
2025-10-20 12:58:16.824 +02:00 [INF] Executed endpoint 'MyShop.Controllers.ItemAPIController.Create (api)'
2025-10-20 12:58:16.824 +02:00 [INF] Request finished HTTP/1.1 POST http://localhost:5217/api/itemapi/create - 201 96 application/json; charset=utf-8 6.8811ms
2025-10-20 12:58:16.873 +02:00 [INF] Request starting HTTP/1.1 GET http://localhost:5217/api/itemapi/itemlist - null null
2025-10-20 12:58:16.882 +02:00 [INF] CORS policy execution successful.
2025-10-20 12:58:16.882 +02:00 [INF] Executing endpoint 'MyShop.Controllers.ItemAPIController.ItemList (api)'
2025-10-20 12:58:16.882 +02:00 [INF] Route matched with {action = "ItemList", controller = "ItemAPI"}. Executing controller action with signature System.Threading.Tasks.Task`1[Microsoft.AspNetCore.Mvc.IActionResult] ItemList() on controller MyShop.Controllers.ItemAPIController (api).
2025-10-20 12:58:16.887 +02:00 [INF] Executing OkObjectResult, writing value of type 'System.Collections.Generic.List`1[[MyShop.Models.Item, api, Version=1.0.0.0, Culture=neutral, PublicKeyToken=null]]'.
2025-10-20 12:58:16.888 +02:00 [INF] Executed action MyShop.Controllers.ItemAPIController.ItemList (api) in 5.4834ms
2025-10-20 12:58:16.888 +02:00 [INF] Executed endpoint 'MyShop.Controllers.ItemAPIController.ItemList (api)'
2025-10-20 12:58:16.888 +02:00 [INF] Request finished HTTP/1.1 GET http://localhost:5217/api/itemapi/itemlist - 200 1721 application/json; charset=utf-8 15.1336ms
2025-10-20 12:58:16.890 +02:00 [INF] Request starting HTTP/1.1 GET http://localhost:5217/api/itemapi/itemlist - null null
2025-10-20 12:58:16.890 +02:00 [INF] CORS policy execution successful.
2025-10-20 12:58:16.890 +02:00 [INF] Executing endpoint 'MyShop.Controllers.ItemAPIController.ItemList (api)'
2025-10-20 12:58:16.890 +02:00 [INF] Route matched with {action = "ItemList", controller = "ItemAPI"}. Executing controller action with signature System.Threading.Tasks.Task`1[Microsoft.AspNetCore.Mvc.IActionResult] ItemList() on controller MyShop.Controllers.ItemAPIController (api).
2025-10-20 12:58:16.893 +02:00 [INF] Executing OkObjectResult, writing value of type 'System.Collections.Generic.List`1[[MyShop.Models.Item, api, Version=1.0.0.0, Culture=neutral, PublicKeyToken=null]]'.
2025-10-20 12:58:16.894 +02:00 [INF] Executed action MyShop.Controllers.ItemAPIController.ItemList (api) in 3.1403ms
2025-10-20 12:58:16.894 +02:00 [INF] Executed endpoint 'MyShop.Controllers.ItemAPIController.ItemList (api)'
2025-10-20 12:58:16.894 +02:00 [INF] Request finished HTTP/1.1 GET http://localhost:5217/api/itemapi/itemlist - 200 1721 application/json; charset=utf-8 4.1144ms
2025-10-20 12:58:16.928 +02:00 [INF] Request starting HTTP/1.1 GET http://localhost:5217/image/bread.jpeg - null null
2025-10-20 12:58:16.939 +02:00 [INF] Request finished HTTP/1.1 GET http://localhost:5217/image/bread.jpeg - 404 0 null 10.9684ms
2025-10-20 12:58:16.940 +02:00 [INF] Request reached the end of the middleware pipeline without being handled by application code. Request path: GET http://localhost:5217/image/bread.jpeg, Response status code: 404
2025-10-20 12:58:54.961 +02:00 [INF] Request starting HTTP/1.1 GET http://localhost:5217/swagger/index.html - null null
2025-10-20 12:58:55.007 +02:00 [INF] Request finished HTTP/1.1 GET http://localhost:5217/swagger/index.html - 200 null text/html;charset=utf-8 47.4961ms
2025-10-20 12:58:55.070 +02:00 [INF] Request starting HTTP/1.1 GET http://localhost:5217/swagger/swagger-ui.css - null null
2025-10-20 12:58:55.070 +02:00 [INF] Request starting HTTP/1.1 GET http://localhost:5217/swagger/swagger-ui-standalone-preset.js - null null
2025-10-20 12:58:55.070 +02:00 [INF] Request starting HTTP/1.1 GET http://localhost:5217/swagger/swagger-ui-bundle.js - null null
2025-10-20 12:58:55.085 +02:00 [INF] Sending file. Request path: '/swagger-ui.css'. Physical path: 'N/A'
2025-10-20 12:58:55.085 +02:00 [INF] Sending file. Request path: '/swagger-ui-standalone-preset.js'. Physical path: 'N/A'
2025-10-20 12:58:55.088 +02:00 [INF] Sending file. Request path: '/swagger-ui-bundle.js'. Physical path: 'N/A'
2025-10-20 12:58:55.089 +02:00 [INF] Request finished HTTP/1.1 GET http://localhost:5217/swagger/swagger-ui-standalone-preset.js - 200 339486 text/javascript 18.413ms
2025-10-20 12:58:55.089 +02:00 [INF] Request finished HTTP/1.1 GET http://localhost:5217/swagger/swagger-ui-bundle.js - 200 1096145 text/javascript 18.2525ms
2025-10-20 12:58:55.089 +02:00 [INF] Request finished HTTP/1.1 GET http://localhost:5217/swagger/swagger-ui.css - 200 143943 text/css 18.4847ms
2025-10-20 12:58:55.173 +02:00 [INF] Request starting HTTP/1.1 GET http://localhost:5217/swagger/v1/swagger.json - null null
2025-10-20 12:58:55.234 +02:00 [INF] Request finished HTTP/1.1 GET http://localhost:5217/swagger/v1/swagger.json - 200 null application/json;charset=utf-8 61.2327ms
2025-10-20 13:05:48.502 +02:00 [INF] Request starting HTTP/1.1 GET http://localhost:5217/api/itemapi/itemlist - null null
2025-10-20 13:05:48.541 +02:00 [INF] CORS policy execution successful.
2025-10-20 13:05:48.543 +02:00 [INF] Executing endpoint 'MyShop.Controllers.ItemAPIController.ItemList (api)'
2025-10-20 13:05:48.550 +02:00 [INF] Route matched with {action = "ItemList", controller = "ItemAPI"}. Executing controller action with signature System.Threading.Tasks.Task`1[Microsoft.AspNetCore.Mvc.IActionResult] ItemList() on controller MyShop.Controllers.ItemAPIController (api).
2025-10-20 13:05:48.624 +02:00 [INF] Executing OkObjectResult, writing value of type 'System.Collections.Generic.List`1[[MyShop.Models.Item, api, Version=1.0.0.0, Culture=neutral, PublicKeyToken=null]]'.
2025-10-20 13:05:48.632 +02:00 [INF] Executed action MyShop.Controllers.ItemAPIController.ItemList (api) in 82.317ms
2025-10-20 13:05:48.633 +02:00 [INF] Executed endpoint 'MyShop.Controllers.ItemAPIController.ItemList (api)'
2025-10-20 13:05:48.637 +02:00 [INF] Request finished HTTP/1.1 GET http://localhost:5217/api/itemapi/itemlist - 200 1721 application/json; charset=utf-8 135.6743ms
2025-10-20 13:05:48.639 +02:00 [INF] Request starting HTTP/1.1 GET http://localhost:5217/api/itemapi/itemlist - null null
2025-10-20 13:05:48.639 +02:00 [INF] CORS policy execution successful.
2025-10-20 13:05:48.639 +02:00 [INF] Executing endpoint 'MyShop.Controllers.ItemAPIController.ItemList (api)'
2025-10-20 13:05:48.641 +02:00 [INF] Route matched with {action = "ItemList", controller = "ItemAPI"}. Executing controller action with signature System.Threading.Tasks.Task`1[Microsoft.AspNetCore.Mvc.IActionResult] ItemList() on controller MyShop.Controllers.ItemAPIController (api).
2025-10-20 13:05:48.646 +02:00 [INF] Executing OkObjectResult, writing value of type 'System.Collections.Generic.List`1[[MyShop.Models.Item, api, Version=1.0.0.0, Culture=neutral, PublicKeyToken=null]]'.
2025-10-20 13:05:48.646 +02:00 [INF] Executed action MyShop.Controllers.ItemAPIController.ItemList (api) in 5.2985ms
2025-10-20 13:05:48.647 +02:00 [INF] Executed endpoint 'MyShop.Controllers.ItemAPIController.ItemList (api)'
2025-10-20 13:05:48.647 +02:00 [INF] Request finished HTTP/1.1 GET http://localhost:5217/api/itemapi/itemlist - 200 1721 application/json; charset=utf-8 7.5895ms
2025-10-20 13:05:48.676 +02:00 [INF] Request starting HTTP/1.1 GET http://localhost:5217/images/chickenleg.jpg - null null
2025-10-20 13:05:48.676 +02:00 [INF] Request starting HTTP/1.1 GET http://localhost:5217/images/pizza.jpg - null null
2025-10-20 13:05:48.676 +02:00 [INF] Request starting HTTP/1.1 GET http://localhost:5217/images/frenchfries.jpg - null null
2025-10-20 13:05:48.729 +02:00 [INF] The file /images/frenchfries.jpg was not modified
2025-10-20 13:05:48.729 +02:00 [INF] The file /images/pizza.jpg was not modified
2025-10-20 13:05:48.729 +02:00 [INF] The file /images/chickenleg.jpg was not modified
2025-10-20 13:05:48.729 +02:00 [INF] Request finished HTTP/1.1 GET http://localhost:5217/images/pizza.jpg - 304 null image/jpeg 53.4398ms
2025-10-20 13:05:48.729 +02:00 [INF] Request finished HTTP/1.1 GET http://localhost:5217/images/chickenleg.jpg - 304 null image/jpeg 53.7565ms
2025-10-20 13:05:48.729 +02:00 [INF] Request finished HTTP/1.1 GET http://localhost:5217/images/frenchfries.jpg - 304 null image/jpeg 53.4021ms
2025-10-20 13:05:48.736 +02:00 [INF] Request starting HTTP/1.1 GET http://localhost:5217/images/fishandchips.jpg - null null
2025-10-20 13:05:48.736 +02:00 [INF] Request starting HTTP/1.1 GET http://localhost:5217/images/ribs.jpg - null null
2025-10-20 13:05:48.736 +02:00 [INF] Request starting HTTP/1.1 GET http://localhost:5217/images/tacos.jpg - null null
2025-10-20 13:05:48.737 +02:00 [INF] The file /images/ribs.jpg was not modified
2025-10-20 13:05:48.737 +02:00 [INF] The file /images/fishandchips.jpg was not modified
2025-10-20 13:05:48.737 +02:00 [INF] The file /images/tacos.jpg was not modified
2025-10-20 13:05:48.737 +02:00 [INF] Request finished HTTP/1.1 GET http://localhost:5217/images/fishandchips.jpg - 304 null image/jpeg 0.4577ms
2025-10-20 13:05:48.737 +02:00 [INF] Request finished HTTP/1.1 GET http://localhost:5217/images/ribs.jpg - 304 null image/jpeg 0.4754ms
2025-10-20 13:05:48.737 +02:00 [INF] Request finished HTTP/1.1 GET http://localhost:5217/images/tacos.jpg - 304 null image/jpeg 0.4827ms
2025-10-20 13:05:48.741 +02:00 [INF] Request starting HTTP/1.1 GET http://localhost:5217/image/bread.jpeg - null null
2025-10-20 13:05:48.742 +02:00 [INF] Request starting HTTP/1.1 GET http://localhost:5217/images/cider.jpg - null null
2025-10-20 13:05:48.742 +02:00 [INF] Request starting HTTP/1.1 GET http://localhost:5217/images/coke.jpg - null null
2025-10-20 13:05:48.742 +02:00 [INF] The file /images/coke.jpg was not modified
2025-10-20 13:05:48.742 +02:00 [INF] The file /images/cider.jpg was not modified
2025-10-20 13:05:48.742 +02:00 [INF] Request finished HTTP/1.1 GET http://localhost:5217/images/coke.jpg - 304 null image/jpeg 0.2284ms
2025-10-20 13:05:48.742 +02:00 [INF] Request finished HTTP/1.1 GET http://localhost:5217/images/cider.jpg - 304 null image/jpeg 0.301ms
2025-10-20 13:05:48.742 +02:00 [INF] Request finished HTTP/1.1 GET http://localhost:5217/image/bread.jpeg - 404 0 null 1.6427ms
2025-10-20 13:05:48.743 +02:00 [INF] Request reached the end of the middleware pipeline without being handled by application code. Request path: GET http://localhost:5217/image/bread.jpeg, Response status code: 404
2025-10-20 13:21:29.706 +02:00 [INF] Application is shutting down...
