2025-10-20 13:21:35.158 +02:00 [INF] Now listening on: http://localhost:5217
2025-10-20 13:21:35.162 +02:00 [INF] Application started. Press Ctrl+C to shut down.
2025-10-20 13:21:35.162 +02:00 [INF] Hosting environment: Development
2025-10-20 13:21:35.163 +02:00 [INF] Content root path: /Users/alexanderhoyskel/VSCode/ITPE3200/api
2025-10-20 13:21:41.529 +02:00 [INF] Request starting HTTP/1.1 GET http://localhost:5217/api/itemapi/itemlist - null null
2025-10-20 13:21:41.653 +02:00 [INF] CORS policy execution successful.
2025-10-20 13:21:42.175 +02:00 [INF] Executing endpoint 'MyShop.Controllers.ItemAPIController.ItemList (api)'
2025-10-20 13:21:42.197 +02:00 [INF] Route matched with {action = "ItemList", controller = "ItemAPI"}. Executing controller action with signature System.Threading.Tasks.Task`1[Microsoft.AspNetCore.Mvc.IActionResult] ItemList() on controller MyShop.Controllers.ItemAPIController (api).
2025-10-20 13:21:42.336 +02:00 [INF] Executing OkObjectResult, writing value of type 'System.Collections.Generic.List`1[[MyShop.Models.Item, api, Version=1.0.0.0, Culture=neutral, PublicKeyToken=null]]'.
2025-10-20 13:21:42.446 +02:00 [INF] Request starting HTTP/1.1 GET http://localhost:5217/api/itemapi/itemlist - null null
2025-10-20 13:21:42.447 +02:00 [INF] Executed action MyShop.Controllers.ItemAPIController.ItemList (api) in 245.9618ms
2025-10-20 13:21:42.447 +02:00 [INF] Executed endpoint 'MyShop.Controllers.ItemAPIController.ItemList (api)'
2025-10-20 13:21:42.451 +02:00 [INF] CORS policy execution successful.
2025-10-20 13:21:42.451 +02:00 [INF] Executing endpoint 'MyShop.Controllers.ItemAPIController.ItemList (api)'
2025-10-20 13:21:42.451 +02:00 [INF] Route matched with {action = "ItemList", controller = "ItemAPI"}. Executing controller action with signature System.Threading.Tasks.Task`1[Microsoft.AspNetCore.Mvc.IActionResult] ItemList() on controller MyShop.Controllers.ItemAPIController (api).
2025-10-20 13:21:42.452 +02:00 [INF] Request finished HTTP/1.1 GET http://localhost:5217/api/itemapi/itemlist - 200 1544 application/json; charset=utf-8 927.5323ms
2025-10-20 13:21:42.471 +02:00 [INF] Request starting HTTP/1.1 GET http://localhost:5217/images/frenchfries.jpg - null null
2025-10-20 13:21:42.471 +02:00 [INF] Request starting HTTP/1.1 GET http://localhost:5217/images/ribs.jpg - null null
2025-10-20 13:21:42.477 +02:00 [INF] Request starting HTTP/1.1 GET http://localhost:5217/images/pizza.jpg - null null
2025-10-20 13:21:42.478 +02:00 [INF] Request starting HTTP/1.1 GET http://localhost:5217/images/tacos.jpg - null null
2025-10-20 13:21:42.478 +02:00 [INF] Request starting HTTP/1.1 GET http://localhost:5217/images/chickenleg.jpg - null null
2025-10-20 13:21:42.478 +02:00 [INF] Request starting HTTP/1.1 GET http://localhost:5217/images/fishandchips.jpg - null null
2025-10-20 13:21:42.492 +02:00 [INF] The file /images/frenchfries.jpg was not modified
2025-10-20 13:21:42.493 +02:00 [INF] The file /images/fishandchips.jpg was not modified
2025-10-20 13:21:42.493 +02:00 [INF] The file /images/chickenleg.jpg was not modified
2025-10-20 13:21:42.492 +02:00 [INF] The file /images/ribs.jpg was not modified
2025-10-20 13:21:42.493 +02:00 [INF] Request finished HTTP/1.1 GET http://localhost:5217/images/chickenleg.jpg - 304 null image/jpeg 15.2762ms
2025-10-20 13:21:42.493 +02:00 [INF] The file /images/tacos.jpg was not modified
2025-10-20 13:21:42.493 +02:00 [INF] Request finished HTTP/1.1 GET http://localhost:5217/images/tacos.jpg - 304 null image/jpeg 15.6112ms
2025-10-20 13:21:42.494 +02:00 [INF] Request finished HTTP/1.1 GET http://localhost:5217/images/frenchfries.jpg - 304 null image/jpeg 23.1492ms
2025-10-20 13:21:42.493 +02:00 [INF] Request finished HTTP/1.1 GET http://localhost:5217/images/ribs.jpg - 304 null image/jpeg 21.899ms
2025-10-20 13:21:42.494 +02:00 [INF] The file /images/pizza.jpg was not modified
2025-10-20 13:21:42.495 +02:00 [INF] Request finished HTTP/1.1 GET http://localhost:5217/images/pizza.jpg - 304 null image/jpeg 17.7454ms
2025-10-20 13:21:42.494 +02:00 [INF] Request finished HTTP/1.1 GET http://localhost:5217/images/fishandchips.jpg - 304 null image/jpeg 15.3388ms
2025-10-20 13:21:42.500 +02:00 [INF] Request starting HTTP/1.1 GET http://localhost:5217/images/cider.jpg - null null
2025-10-20 13:21:42.501 +02:00 [INF] The file /images/cider.jpg was not modified
2025-10-20 13:21:42.501 +02:00 [INF] Request finished HTTP/1.1 GET http://localhost:5217/images/cider.jpg - 304 null image/jpeg 0.8147ms
2025-10-20 13:21:42.509 +02:00 [INF] Request starting HTTP/1.1 GET http://localhost:5217/images/coke.jpg - null null
2025-10-20 13:21:42.510 +02:00 [INF] The file /images/coke.jpg was not modified
2025-10-20 13:21:42.511 +02:00 [INF] Request finished HTTP/1.1 GET http://localhost:5217/images/coke.jpg - 304 null image/jpeg 0.9667ms
2025-10-20 13:21:42.514 +02:00 [INF] Executing OkObjectResult, writing value of type 'System.Collections.Generic.List`1[[MyShop.Models.Item, api, Version=1.0.0.0, Culture=neutral, PublicKeyToken=null]]'.
2025-10-20 13:21:42.515 +02:00 [INF] Executed action MyShop.Controllers.ItemAPIController.ItemList (api) in 63.9422ms
2025-10-20 13:21:42.515 +02:00 [INF] Executed endpoint 'MyShop.Controllers.ItemAPIController.ItemList (api)'
2025-10-20 13:21:42.515 +02:00 [INF] Request finished HTTP/1.1 GET http://localhost:5217/api/itemapi/itemlist - 200 1544 application/json; charset=utf-8 69.7011ms
2025-10-20 13:21:56.269 +02:00 [INF] Request starting HTTP/1.1 GET http://localhost:5217/api/itemapi/item/1 - null null
2025-10-20 13:21:56.274 +02:00 [INF] CORS policy execution successful.
2025-10-20 13:21:56.275 +02:00 [INF] Request finished HTTP/1.1 GET http://localhost:5217/api/itemapi/item/1 - 404 0 null 6.2893ms
2025-10-20 13:21:56.276 +02:00 [INF] Request starting HTTP/1.1 GET http://localhost:5217/api/itemapi/item/1 - null null
2025-10-20 13:21:56.277 +02:00 [INF] CORS policy execution successful.
2025-10-20 13:21:56.277 +02:00 [INF] Request finished HTTP/1.1 GET http://localhost:5217/api/itemapi/item/1 - 404 0 null 0.5972ms
2025-10-20 13:21:56.277 +02:00 [INF] Request reached the end of the middleware pipeline without being handled by application code. Request path: GET http://localhost:5217/api/itemapi/item/1, Response status code: 404
2025-10-20 13:21:56.277 +02:00 [INF] Request reached the end of the middleware pipeline without being handled by application code. Request path: GET http://localhost:5217/api/itemapi/item/1, Response status code: 404
2025-10-20 13:22:38.368 +02:00 [INF] Request starting HTTP/1.1 GET http://localhost:5217/api/itemapi/itemlist - null null
2025-10-20 13:22:38.373 +02:00 [INF] CORS policy execution successful.
2025-10-20 13:22:38.374 +02:00 [INF] Executing endpoint 'MyShop.Controllers.ItemAPIController.ItemList (api)'
2025-10-20 13:22:38.416 +02:00 [INF] Route matched with {action = "ItemList", controller = "ItemAPI"}. Executing controller action with signature System.Threading.Tasks.Task`1[Microsoft.AspNetCore.Mvc.IActionResult] ItemList() on controller MyShop.Controllers.ItemAPIController (api).
2025-10-20 13:22:38.583 +02:00 [INF] Executing OkObjectResult, writing value of type 'System.Collections.Generic.List`1[[MyShop.Models.Item, api, Version=1.0.0.0, Culture=neutral, PublicKeyToken=null]]'.
2025-10-20 13:22:38.587 +02:00 [INF] Request starting HTTP/1.1 GET http://localhost:5217/api/itemapi/itemlist - null null
2025-10-20 13:22:38.588 +02:00 [INF] Executed action MyShop.Controllers.ItemAPIController.ItemList (api) in 168.358ms
2025-10-20 13:22:38.588 +02:00 [INF] CORS policy execution successful.
2025-10-20 13:22:38.588 +02:00 [INF] Executed endpoint 'MyShop.Controllers.ItemAPIController.ItemList (api)'
2025-10-20 13:22:38.588 +02:00 [INF] Executing endpoint 'MyShop.Controllers.ItemAPIController.ItemList (api)'
2025-10-20 13:22:38.588 +02:00 [INF] Route matched with {action = "ItemList", controller = "ItemAPI"}. Executing controller action with signature System.Threading.Tasks.Task`1[Microsoft.AspNetCore.Mvc.IActionResult] ItemList() on controller MyShop.Controllers.ItemAPIController (api).
2025-10-20 13:22:38.588 +02:00 [INF] Request finished HTTP/1.1 GET http://localhost:5217/api/itemapi/itemlist - 200 1544 application/json; charset=utf-8 236.6257ms
2025-10-20 13:22:38.593 +02:00 [INF] Executing OkObjectResult, writing value of type 'System.Collections.Generic.List`1[[MyShop.Models.Item, api, Version=1.0.0.0, Culture=neutral, PublicKeyToken=null]]'.
2025-10-20 13:22:38.593 +02:00 [INF] Executed action MyShop.Controllers.ItemAPIController.ItemList (api) in 5.2092ms
2025-10-20 13:22:38.594 +02:00 [INF] Executed endpoint 'MyShop.Controllers.ItemAPIController.ItemList (api)'
2025-10-20 13:22:38.594 +02:00 [INF] Request finished HTTP/1.1 GET http://localhost:5217/api/itemapi/itemlist - 200 1544 application/json; charset=utf-8 6.9095ms
2025-10-20 13:22:40.157 +02:00 [INF] Request starting HTTP/1.1 GET http://localhost:5217/api/itemapi/1 - null null
2025-10-20 13:22:40.158 +02:00 [INF] CORS policy execution successful.
2025-10-20 13:22:40.158 +02:00 [INF] Executing endpoint 'MyShop.Controllers.ItemAPIController.GetItemById (api)'
2025-10-20 13:22:40.178 +02:00 [INF] Route matched with {action = "GetItemById", controller = "ItemAPI"}. Executing controller action with signature System.Threading.Tasks.Task`1[Microsoft.AspNetCore.Mvc.IActionResult] GetItemById(Int32) on controller MyShop.Controllers.ItemAPIController (api).
2025-10-20 13:22:40.207 +02:00 [INF] Executing OkObjectResult, writing value of type 'Castle.Proxies.ItemProxy'.
2025-10-20 13:22:40.208 +02:00 [INF] Executed action MyShop.Controllers.ItemAPIController.GetItemById (api) in 29.1822ms
2025-10-20 13:22:40.208 +02:00 [INF] Executed endpoint 'MyShop.Controllers.ItemAPIController.GetItemById (api)'
2025-10-20 13:22:40.208 +02:00 [INF] Request finished HTTP/1.1 GET http://localhost:5217/api/itemapi/1 - 200 185 application/json; charset=utf-8 50.6277ms
2025-10-20 13:22:40.209 +02:00 [INF] Request starting HTTP/1.1 GET http://localhost:5217/api/itemapi/1 - null null
2025-10-20 13:22:40.209 +02:00 [INF] CORS policy execution successful.
2025-10-20 13:22:40.209 +02:00 [INF] Executing endpoint 'MyShop.Controllers.ItemAPIController.GetItemById (api)'
2025-10-20 13:22:40.209 +02:00 [INF] Route matched with {action = "GetItemById", controller = "ItemAPI"}. Executing controller action with signature System.Threading.Tasks.Task`1[Microsoft.AspNetCore.Mvc.IActionResult] GetItemById(Int32) on controller MyShop.Controllers.ItemAPIController (api).
2025-10-20 13:22:40.211 +02:00 [INF] Executing OkObjectResult, writing value of type 'Castle.Proxies.ItemProxy'.
2025-10-20 13:22:40.211 +02:00 [INF] Executed action MyShop.Controllers.ItemAPIController.GetItemById (api) in 2.0844ms
2025-10-20 13:22:40.211 +02:00 [INF] Executed endpoint 'MyShop.Controllers.ItemAPIController.GetItemById (api)'
2025-10-20 13:22:40.211 +02:00 [INF] Request finished HTTP/1.1 GET http://localhost:5217/api/itemapi/1 - 200 185 application/json; charset=utf-8 2.4005ms
2025-10-20 13:22:44.749 +02:00 [INF] Request starting HTTP/1.1 OPTIONS http://localhost:5217/api/itemapi/update/1 - null null
2025-10-20 13:22:44.750 +02:00 [INF] CORS policy execution successful.
2025-10-20 13:22:44.751 +02:00 [INF] Request finished HTTP/1.1 OPTIONS http://localhost:5217/api/itemapi/update/1 - 204 null null 2.2888ms
2025-10-20 13:22:44.753 +02:00 [INF] Request starting HTTP/1.1 PUT http://localhost:5217/api/itemapi/update/1 - application/json 184
2025-10-20 13:22:44.753 +02:00 [INF] CORS policy execution successful.
2025-10-20 13:22:44.753 +02:00 [INF] Executing endpoint 'MyShop.Controllers.ItemAPIController.Update (api)'
2025-10-20 13:22:44.756 +02:00 [INF] Route matched with {action = "Update", controller = "ItemAPI"}. Executing controller action with signature System.Threading.Tasks.Task`1[Microsoft.AspNetCore.Mvc.IActionResult] Update(Int32, MyShop.DTO.ItemDTO) on controller MyShop.Controllers.ItemAPIController (api).
2025-10-20 13:22:44.797 +02:00 [INF] Executing OkObjectResult, writing value of type 'Castle.Proxies.ItemProxy'.
2025-10-20 13:22:44.797 +02:00 [INF] Executed action MyShop.Controllers.ItemAPIController.Update (api) in 41.2279ms
2025-10-20 13:22:44.797 +02:00 [INF] Executed endpoint 'MyShop.Controllers.ItemAPIController.Update (api)'
2025-10-20 13:22:44.798 +02:00 [INF] Request finished HTTP/1.1 PUT http://localhost:5217/api/itemapi/update/1 - 200 186 application/json; charset=utf-8 44.9118ms
2025-10-20 13:22:44.828 +02:00 [INF] Request starting HTTP/1.1 GET http://localhost:5217/api/itemapi/itemlist - null null
2025-10-20 13:22:44.830 +02:00 [INF] CORS policy execution successful.
2025-10-20 13:22:44.830 +02:00 [INF] Executing endpoint 'MyShop.Controllers.ItemAPIController.ItemList (api)'
2025-10-20 13:22:44.830 +02:00 [INF] Route matched with {action = "ItemList", controller = "ItemAPI"}. Executing controller action with signature System.Threading.Tasks.Task`1[Microsoft.AspNetCore.Mvc.IActionResult] ItemList() on controller MyShop.Controllers.ItemAPIController (api).
2025-10-20 13:22:44.833 +02:00 [INF] Executing OkObjectResult, writing value of type 'System.Collections.Generic.List`1[[MyShop.Models.Item, api, Version=1.0.0.0, Culture=neutral, PublicKeyToken=null]]'.
2025-10-20 13:22:44.833 +02:00 [INF] Executed action MyShop.Controllers.ItemAPIController.ItemList (api) in 3.2635ms
2025-10-20 13:22:44.833 +02:00 [INF] Executed endpoint 'MyShop.Controllers.ItemAPIController.ItemList (api)'
2025-10-20 13:22:44.833 +02:00 [INF] Request finished HTTP/1.1 GET http://localhost:5217/api/itemapi/itemlist - 200 1545 application/json; charset=utf-8 5.2291ms
2025-10-20 13:22:44.839 +02:00 [INF] Request starting HTTP/1.1 GET http://localhost:5217/api/itemapi/itemlist - null null
2025-10-20 13:22:44.839 +02:00 [INF] CORS policy execution successful.
2025-10-20 13:22:44.839 +02:00 [INF] Executing endpoint 'MyShop.Controllers.ItemAPIController.ItemList (api)'
2025-10-20 13:22:44.839 +02:00 [INF] Route matched with {action = "ItemList", controller = "ItemAPI"}. Executing controller action with signature System.Threading.Tasks.Task`1[Microsoft.AspNetCore.Mvc.IActionResult] ItemList() on controller MyShop.Controllers.ItemAPIController (api).
2025-10-20 13:22:44.841 +02:00 [INF] Executing OkObjectResult, writing value of type 'System.Collections.Generic.List`1[[MyShop.Models.Item, api, Version=1.0.0.0, Culture=neutral, PublicKeyToken=null]]'.
2025-10-20 13:22:44.841 +02:00 [INF] Executed action MyShop.Controllers.ItemAPIController.ItemList (api) in 1.7824ms
2025-10-20 13:22:44.841 +02:00 [INF] Executed endpoint 'MyShop.Controllers.ItemAPIController.ItemList (api)'
2025-10-20 13:22:44.843 +02:00 [INF] Request finished HTTP/1.1 GET http://localhost:5217/api/itemapi/itemlist - 200 1545 application/json; charset=utf-8 3.8689ms
2025-10-20 13:22:51.340 +02:00 [INF] Request starting HTTP/1.1 GET http://localhost:5217/swagger/index.html - null null
2025-10-20 13:22:51.387 +02:00 [INF] Request finished HTTP/1.1 GET http://localhost:5217/swagger/index.html - 200 null text/html;charset=utf-8 46.4535ms
2025-10-20 13:22:51.527 +02:00 [INF] Request starting HTTP/1.1 GET http://localhost:5217/swagger/v1/swagger.json - null null
2025-10-20 13:22:51.587 +02:00 [INF] Request finished HTTP/1.1 GET http://localhost:5217/swagger/v1/swagger.json - 200 null application/json;charset=utf-8 60.2346ms
2025-10-20 13:25:42.396 +02:00 [INF] Request starting HTTP/1.1 GET http://localhost:5217/api/itemapi/itemlist - null null
2025-10-20 13:25:42.401 +02:00 [INF] CORS policy execution successful.
2025-10-20 13:25:42.401 +02:00 [INF] Executing endpoint 'MyShop.Controllers.ItemAPIController.ItemList (api)'
2025-10-20 13:25:42.402 +02:00 [INF] Route matched with {action = "ItemList", controller = "ItemAPI"}. Executing controller action with signature System.Threading.Tasks.Task`1[Microsoft.AspNetCore.Mvc.IActionResult] ItemList() on controller MyShop.Controllers.ItemAPIController (api).
2025-10-20 13:25:42.424 +02:00 [INF] Executing OkObjectResult, writing value of type 'System.Collections.Generic.List`1[[MyShop.Models.Item, api, Version=1.0.0.0, Culture=neutral, PublicKeyToken=null]]'.
2025-10-20 13:25:42.426 +02:00 [INF] Executed action MyShop.Controllers.ItemAPIController.ItemList (api) in 23.1503ms
2025-10-20 13:25:42.426 +02:00 [INF] Executed endpoint 'MyShop.Controllers.ItemAPIController.ItemList (api)'
2025-10-20 13:25:42.427 +02:00 [INF] Request finished HTTP/1.1 GET http://localhost:5217/api/itemapi/itemlist - 200 1545 application/json; charset=utf-8 31.242ms
2025-10-20 13:34:32.411 +02:00 [INF] Application is shutting down...
