2025-10-20 12:45:26.371 +02:00 [INF] Now listening on: http://localhost:5217
2025-10-20 12:45:26.381 +02:00 [INF] Application started. Press Ctrl+C to shut down.
2025-10-20 12:45:26.382 +02:00 [INF] Hosting environment: Development
2025-10-20 12:45:26.382 +02:00 [INF] Content root path: /Users/alexanderhoyskel/VSCode/ITPE3200/api
2025-10-20 12:45:34.135 +02:00 [INF] Request starting HTTP/1.1 OPTIONS http://localhost:5217/api/itemapi/create - null null
2025-10-20 12:45:34.150 +02:00 [INF] CORS policy execution successful.
2025-10-20 12:45:34.154 +02:00 [INF] Request finished HTTP/1.1 OPTIONS http://localhost:5217/api/itemapi/create - 204 null null 20.4857ms
2025-10-20 12:45:34.156 +02:00 [INF] Request starting HTTP/1.1 POST http://localhost:5217/api/itemapi/create - application/json 85
2025-10-20 12:45:34.157 +02:00 [INF] CORS policy execution successful.
2025-10-20 12:45:34.158 +02:00 [INF] Executing endpoint 'MyShop.Controllers.ItemAPIController.Create (api)'
2025-10-20 12:45:34.180 +02:00 [INF] Route matched with {action = "Create", controller = "ItemAPI"}. Executing controller action with signature System.Threading.Tasks.Task`1[Microsoft.AspNetCore.Mvc.IActionResult] Create(MyShop.DTO.ItemDTO) on controller MyShop.Controllers.ItemAPIController (api).
2025-10-20 12:45:34.299 +02:00 [INF] Executing OkObjectResult, writing value of type 'System.String'.
2025-10-20 12:45:34.302 +02:00 [INF] Executed action MyShop.Controllers.ItemAPIController.Create (api) in 119.278ms
2025-10-20 12:45:34.302 +02:00 [INF] Executed endpoint 'MyShop.Controllers.ItemAPIController.Create (api)'
2025-10-20 12:45:34.304 +02:00 [INF] Request finished HTTP/1.1 POST http://localhost:5217/api/itemapi/create - 200 null text/plain; charset=utf-8 148.2218ms
2025-10-20 12:45:53.648 +02:00 [INF] Request starting HTTP/1.1 OPTIONS http://localhost:5217/api/itemapi/create - null null
2025-10-20 12:45:53.650 +02:00 [INF] CORS policy execution successful.
2025-10-20 12:45:53.650 +02:00 [INF] Request finished HTTP/1.1 OPTIONS http://localhost:5217/api/itemapi/create - 204 null null 2.55ms
2025-10-20 12:45:53.651 +02:00 [INF] Request starting HTTP/1.1 POST http://localhost:5217/api/itemapi/create - application/json 84
2025-10-20 12:45:53.652 +02:00 [INF] CORS policy execution successful.
2025-10-20 12:45:53.652 +02:00 [INF] Executing endpoint 'MyShop.Controllers.ItemAPIController.Create (api)'
2025-10-20 12:45:53.653 +02:00 [INF] Route matched with {action = "Create", controller = "ItemAPI"}. Executing controller action with signature System.Threading.Tasks.Task`1[Microsoft.AspNetCore.Mvc.IActionResult] Create(MyShop.DTO.ItemDTO) on controller MyShop.Controllers.ItemAPIController (api).
2025-10-20 12:45:53.673 +02:00 [INF] Executing OkObjectResult, writing value of type 'System.String'.
2025-10-20 12:45:53.673 +02:00 [INF] Executed action MyShop.Controllers.ItemAPIController.Create (api) in 20.1968ms
2025-10-20 12:45:53.673 +02:00 [INF] Executed endpoint 'MyShop.Controllers.ItemAPIController.Create (api)'
2025-10-20 12:45:53.673 +02:00 [INF] Request finished HTTP/1.1 POST http://localhost:5217/api/itemapi/create - 200 null text/plain; charset=utf-8 22.005ms
2025-10-20 12:45:54.901 +02:00 [INF] Request starting HTTP/1.1 POST http://localhost:5217/api/itemapi/create - application/json 84
2025-10-20 12:45:54.902 +02:00 [INF] CORS policy execution successful.
2025-10-20 12:45:54.902 +02:00 [INF] Executing endpoint 'MyShop.Controllers.ItemAPIController.Create (api)'
2025-10-20 12:45:54.902 +02:00 [INF] Route matched with {action = "Create", controller = "ItemAPI"}. Executing controller action with signature System.Threading.Tasks.Task`1[Microsoft.AspNetCore.Mvc.IActionResult] Create(MyShop.DTO.ItemDTO) on controller MyShop.Controllers.ItemAPIController (api).
2025-10-20 12:45:54.905 +02:00 [INF] Executing OkObjectResult, writing value of type 'System.String'.
2025-10-20 12:45:54.905 +02:00 [INF] Executed action MyShop.Controllers.ItemAPIController.Create (api) in 3.0123ms
2025-10-20 12:45:54.905 +02:00 [INF] Executed endpoint 'MyShop.Controllers.ItemAPIController.Create (api)'
2025-10-20 12:45:54.905 +02:00 [INF] Request finished HTTP/1.1 POST http://localhost:5217/api/itemapi/create - 200 null text/plain; charset=utf-8 3.6822ms
2025-10-20 12:48:24.194 +02:00 [INF] Application is shutting down...
