2025-10-20 16:00:51.383 +02:00 [INF] User profile is available. Using '/Users/alexanderhoyskel/.aspnet/DataProtection-Keys' as key repository; keys will not be encrypted at rest.
2025-10-20 16:00:51.538 +02:00 [INF] Now listening on: http://localhost:5217
2025-10-20 16:00:51.543 +02:00 [INF] Application started. Press Ctrl+C to shut down.
2025-10-20 16:00:51.546 +02:00 [INF] Hosting environment: Development
2025-10-20 16:00:51.576 +02:00 [INF] Content root path: /Users/alexanderhoyskel/VSCode/ITPE3200/api
2025-10-20 16:00:52.424 +02:00 [INF] Request starting HTTP/1.1 GET http://localhost:5217/swagger/index.html - null null
2025-10-20 16:00:52.467 +02:00 [INF] Request finished HTTP/1.1 GET http://localhost:5217/swagger/index.html - 200 null text/html;charset=utf-8 44.4455ms
2025-10-20 16:00:52.586 +02:00 [INF] Request starting HTTP/1.1 GET http://localhost:5217/swagger/v1/swagger.json - null null
2025-10-20 16:00:52.645 +02:00 [INF] Request finished HTTP/1.1 GET http://localhost:5217/swagger/v1/swagger.json - 200 null application/json;charset=utf-8 59.1792ms
2025-10-20 16:01:25.526 +02:00 [INF] Request starting HTTP/1.1 POST http://localhost:5217/api/Auth/register - application/json-patch+json 81
2025-10-20 16:01:25.570 +02:00 [INF] CORS policy execution failed.
2025-10-20 16:01:25.570 +02:00 [INF] Request origin http://localhost:5217 does not have permission to access the resource.
2025-10-20 16:01:25.627 +02:00 [INF] Executing endpoint 'MyShop.Controllers.AuthController.Register (api)'
2025-10-20 16:01:25.634 +02:00 [INF] Route matched with {action = "Register", controller = "Auth"}. Executing controller action with signature System.Threading.Tasks.Task`1[Microsoft.AspNetCore.Mvc.IActionResult] Register(MyShop.DTO.RegisterDto) on controller MyShop.Controllers.AuthController (api).
2025-10-20 16:01:25.804 +02:00 [INF] [AuthAPIController] user registered successfully for admin
2025-10-20 16:01:25.806 +02:00 [INF] Executing OkObjectResult, writing value of type '<>f__AnonymousType0`1[[System.String, System.Private.CoreLib, Version=8.0.0.0, Culture=neutral, PublicKeyToken=7cec85d7bea7798e]]'.
2025-10-20 16:01:25.818 +02:00 [INF] Executed action MyShop.Controllers.AuthController.Register (api) in 182.7071ms
2025-10-20 16:01:25.818 +02:00 [INF] Executed endpoint 'MyShop.Controllers.AuthController.Register (api)'
2025-10-20 16:01:25.820 +02:00 [INF] Request finished HTTP/1.1 POST http://localhost:5217/api/Auth/register - 200 42 application/json; charset=utf-8 293.8899ms
2025-10-20 16:01:38.076 +02:00 [INF] Request starting HTTP/1.1 POST http://localhost:5217/api/Auth/login - application/json-patch+json 50
2025-10-20 16:01:38.082 +02:00 [INF] CORS policy execution failed.
2025-10-20 16:01:38.082 +02:00 [INF] Request origin http://localhost:5217 does not have permission to access the resource.
2025-10-20 16:01:38.084 +02:00 [INF] Executing endpoint 'MyShop.Controllers.AuthController.Login (api)'
2025-10-20 16:01:38.093 +02:00 [INF] Route matched with {action = "Login", controller = "Auth"}. Executing controller action with signature System.Threading.Tasks.Task`1[Microsoft.AspNetCore.Mvc.IActionResult] Login(MyShop.DTO.LoginDto) on controller MyShop.Controllers.AuthController (api).
2025-10-20 16:01:38.185 +02:00 [INF] [AuthAPIController] user logged in successfully for admin
2025-10-20 16:01:38.188 +02:00 [INF] [AuthAPIController] JWT token created for admin
2025-10-20 16:01:38.197 +02:00 [INF] Executing OkObjectResult, writing value of type '<>f__AnonymousType1`1[[System.String, System.Private.CoreLib, Version=8.0.0.0, Culture=neutral, PublicKeyToken=7cec85d7bea7798e]]'.
2025-10-20 16:01:38.198 +02:00 [INF] Executed action MyShop.Controllers.AuthController.Login (api) in 105.3484ms
2025-10-20 16:01:38.199 +02:00 [INF] Executed endpoint 'MyShop.Controllers.AuthController.Login (api)'
2025-10-20 16:01:38.199 +02:00 [INF] Request finished HTTP/1.1 POST http://localhost:5217/api/Auth/login - 200 465 application/json; charset=utf-8 123.2512ms
2025-10-20 16:02:52.269 +02:00 [INF] Request starting HTTP/1.1 DELETE http://localhost:5217/api/ItemAPI/delete/1 - null null
2025-10-20 16:02:52.311 +02:00 [INF] CORS policy execution failed.
2025-10-20 16:02:52.311 +02:00 [INF] Request origin http://localhost:5217 does not have permission to access the resource.
2025-10-20 16:02:52.357 +02:00 [INF] Executing endpoint 'MyShop.Controllers.ItemAPIController.Delete (api)'
2025-10-20 16:02:52.361 +02:00 [INF] Route matched with {action = "Delete", controller = "ItemAPI"}. Executing controller action with signature System.Threading.Tasks.Task`1[Microsoft.AspNetCore.Mvc.IActionResult] Delete(Int32) on controller MyShop.Controllers.ItemAPIController (api).
2025-10-20 16:02:52.393 +02:00 [INF] Executing StatusCodeResult, setting HTTP status code 204
2025-10-20 16:02:52.394 +02:00 [INF] Executed action MyShop.Controllers.ItemAPIController.Delete (api) in 32.5954ms
2025-10-20 16:02:52.394 +02:00 [INF] Executed endpoint 'MyShop.Controllers.ItemAPIController.Delete (api)'
2025-10-20 16:02:52.394 +02:00 [INF] Request finished HTTP/1.1 DELETE http://localhost:5217/api/ItemAPI/delete/1 - 204 null null 125.3638ms
2025-10-20 16:03:05.923 +02:00 [INF] Request starting HTTP/1.1 GET http://localhost:5217/api/ItemAPI/1 - null null
2025-10-20 16:03:05.932 +02:00 [INF] Executing endpoint 'MyShop.Controllers.ItemAPIController.GetItemById (api)'
2025-10-20 16:03:05.938 +02:00 [INF] Route matched with {action = "GetItemById", controller = "ItemAPI"}. Executing controller action with signature System.Threading.Tasks.Task`1[Microsoft.AspNetCore.Mvc.IActionResult] GetItemById(Int32) on controller MyShop.Controllers.ItemAPIController (api).
2025-10-20 16:03:05.981 +02:00 [WRN] [ItemAPIController] Item not found for the ItemId 0001
2025-10-20 16:03:05.982 +02:00 [INF] Executing NotFoundObjectResult, writing value of type 'System.String'.
2025-10-20 16:03:05.982 +02:00 [INF] Executed action MyShop.Controllers.ItemAPIController.GetItemById (api) in 44.4304ms
2025-10-20 16:03:05.982 +02:00 [INF] Executed endpoint 'MyShop.Controllers.ItemAPIController.GetItemById (api)'
2025-10-20 16:03:05.983 +02:00 [INF] Request finished HTTP/1.1 GET http://localhost:5217/api/ItemAPI/1 - 404 null text/plain; charset=utf-8 59.7634ms
2025-10-20 16:03:16.625 +02:00 [INF] Request starting HTTP/1.1 GET http://localhost:5217/api/ItemAPI/itemlist - null null
2025-10-20 16:03:16.632 +02:00 [INF] Executing endpoint 'MyShop.Controllers.ItemAPIController.ItemList (api)'
2025-10-20 16:03:16.637 +02:00 [INF] Route matched with {action = "ItemList", controller = "ItemAPI"}. Executing controller action with signature System.Threading.Tasks.Task`1[Microsoft.AspNetCore.Mvc.IActionResult] ItemList() on controller MyShop.Controllers.ItemAPIController (api).
2025-10-20 16:03:16.652 +02:00 [INF] Executing OkObjectResult, writing value of type 'System.Collections.Generic.List`1[[MyShop.Models.Item, api, Version=1.0.0.0, Culture=neutral, PublicKeyToken=null]]'.
2025-10-20 16:03:16.663 +02:00 [INF] Executed action MyShop.Controllers.ItemAPIController.ItemList (api) in 25.3334ms
2025-10-20 16:03:16.663 +02:00 [INF] Executed endpoint 'MyShop.Controllers.ItemAPIController.ItemList (api)'
2025-10-20 16:03:16.663 +02:00 [INF] Request finished HTTP/1.1 GET http://localhost:5217/api/ItemAPI/itemlist - 200 1358 application/json; charset=utf-8 37.5048ms
