2025-09-24 16:41:35.807 +02:00 [INF] User profile is available. Using '/Users/alexanderhoyskel/.aspnet/DataProtection-Keys' as key repository; keys will not be encrypted at rest.
2025-09-24 16:41:35.916 +02:00 [INF] Now listening on: http://localhost:5094
2025-09-24 16:41:35.932 +02:00 [INF] Application started. Press Ctrl+C to shut down.
2025-09-24 16:41:35.936 +02:00 [INF] Hosting environment: Development
2025-09-24 16:41:35.939 +02:00 [INF] Content root path: /Users/alexanderhoyskel/VSCode/OsloMet/ITPE3200/MyShop
2025-09-24 16:41:36.977 +02:00 [INF] Request starting HTTP/1.1 GET http://localhost:5094/ - null null
2025-09-24 16:41:37.024 +02:00 [INF] Executing endpoint 'MyShop.Controllers.HomeController.Index (MyShop)'
2025-09-24 16:41:37.036 +02:00 [INF] Route matched with {action = "Index", controller = "Home"}. Executing controller action with signature Microsoft.AspNetCore.Mvc.IActionResult Index() on controller MyShop.Controllers.HomeController (MyShop).
2025-09-24 16:41:37.049 +02:00 [INF] Executing ViewResult, running view Index.
2025-09-24 16:41:37.115 +02:00 [INF] Executed ViewResult - view Index executed in 73.8525ms.
2025-09-24 16:41:37.116 +02:00 [INF] Executed action MyShop.Controllers.HomeController.Index (MyShop) in 80.1019ms
2025-09-24 16:41:37.116 +02:00 [INF] Executed endpoint 'MyShop.Controllers.HomeController.Index (MyShop)'
2025-09-24 16:41:37.118 +02:00 [INF] Request finished HTTP/1.1 GET http://localhost:5094/ - 200 null text/html; charset=utf-8 145.9348ms
2025-09-24 16:41:37.215 +02:00 [INF] Request starting HTTP/1.1 GET http://localhost:5094/images/pizza.jpg - null null
2025-09-24 16:41:37.216 +02:00 [INF] Request starting HTTP/1.1 GET http://localhost:5094/js/jquery.min.js - null null
2025-09-24 16:41:37.216 +02:00 [INF] Request starting HTTP/1.1 GET http://localhost:5094/images/fishandchips.jpg - null null
2025-09-24 16:41:37.228 +02:00 [INF] Request starting HTTP/1.1 GET http://localhost:5094/js/bootstrap.js - null null
2025-09-24 16:41:37.357 +02:00 [INF] Sending file. Request path: '/js/jquery.min.js'. Physical path: '/Users/alexanderhoyskel/VSCode/OsloMet/ITPE3200/MyShop/wwwroot/js/jquery.min.js'
2025-09-24 16:41:37.357 +02:00 [INF] Sending file. Request path: '/images/fishandchips.jpg'. Physical path: '/Users/alexanderhoyskel/VSCode/OsloMet/ITPE3200/MyShop/wwwroot/images/fishandchips.jpg'
2025-09-24 16:41:37.357 +02:00 [INF] Sending file. Request path: '/images/pizza.jpg'. Physical path: '/Users/alexanderhoyskel/VSCode/OsloMet/ITPE3200/MyShop/wwwroot/images/pizza.jpg'
2025-09-24 16:41:37.357 +02:00 [INF] Sending file. Request path: '/js/bootstrap.js'. Physical path: '/Users/alexanderhoyskel/VSCode/OsloMet/ITPE3200/MyShop/wwwroot/js/bootstrap.js'
2025-09-24 16:41:37.358 +02:00 [INF] Request finished HTTP/1.1 GET http://localhost:5094/js/jquery.min.js - 200 87533 text/javascript 141.8161ms
2025-09-24 16:41:37.358 +02:00 [INF] Request finished HTTP/1.1 GET http://localhost:5094/js/bootstrap.js - 200 145474 text/javascript 129.9572ms
2025-09-24 16:41:37.358 +02:00 [INF] Request finished HTTP/1.1 GET http://localhost:5094/images/fishandchips.jpg - 200 100023 image/jpeg 141.8977ms
2025-09-24 16:41:37.358 +02:00 [INF] Request finished HTTP/1.1 GET http://localhost:5094/images/pizza.jpg - 200 127421 image/jpeg 142.8252ms
2025-09-24 16:41:37.359 +02:00 [INF] Request starting HTTP/1.1 GET http://localhost:5094/images/tacos.jpg - null null
2025-09-24 16:41:37.416 +02:00 [INF] Sending file. Request path: '/images/tacos.jpg'. Physical path: '/Users/alexanderhoyskel/VSCode/OsloMet/ITPE3200/MyShop/wwwroot/images/tacos.jpg'
2025-09-24 16:41:37.416 +02:00 [INF] Request finished HTTP/1.1 GET http://localhost:5094/images/tacos.jpg - 200 118763 image/jpeg 56.9067ms
2025-09-24 16:41:37.416 +02:00 [INF] Request starting HTTP/1.1 GET http://localhost:5094/favicon.ico - null null
2025-09-24 16:41:37.418 +02:00 [INF] Request finished HTTP/1.1 GET http://localhost:5094/favicon.ico - 404 0 null 1.1936ms
2025-09-24 16:41:37.418 +02:00 [INF] Request reached the end of the middleware pipeline without being handled by application code. Request path: GET http://localhost:5094/favicon.ico, Response status code: 404
2025-09-24 16:41:39.170 +02:00 [INF] Request starting HTTP/1.1 GET http://localhost:5094/Item/Table - null null
2025-09-24 16:41:39.173 +02:00 [INF] Executing endpoint 'MyShop.Controllers.ItemController.Table (MyShop)'
2025-09-24 16:41:39.182 +02:00 [INF] Route matched with {action = "Table", controller = "Item"}. Executing controller action with signature System.Threading.Tasks.Task`1[Microsoft.AspNetCore.Mvc.IActionResult] Table() on controller MyShop.Controllers.ItemController (MyShop).
2025-09-24 16:41:39.253 +02:00 [INF] Executing ViewResult, running view Table.
2025-09-24 16:41:39.261 +02:00 [INF] Executed ViewResult - view Table executed in 8.8413ms.
2025-09-24 16:41:39.261 +02:00 [INF] Executed action MyShop.Controllers.ItemController.Table (MyShop) in 78.578ms
2025-09-24 16:41:39.261 +02:00 [INF] Executed endpoint 'MyShop.Controllers.ItemController.Table (MyShop)'
2025-09-24 16:41:39.267 +02:00 [INF] Request finished HTTP/1.1 GET http://localhost:5094/Item/Table - 200 null text/html; charset=utf-8 97.2882ms
2025-09-24 16:41:39.293 +02:00 [INF] Request starting HTTP/1.1 GET http://localhost:5094/images/frenchfries.jpg - null null
2025-09-24 16:41:39.293 +02:00 [INF] Request starting HTTP/1.1 GET http://localhost:5094/images/cider.jpg - null null
2025-09-24 16:41:39.293 +02:00 [INF] Request starting HTTP/1.1 GET http://localhost:5094/images/ribs.jpg - null null
2025-09-24 16:41:39.293 +02:00 [INF] Request starting HTTP/1.1 GET http://localhost:5094/images/chickenleg.jpg - null null
2025-09-24 16:41:39.418 +02:00 [INF] Request starting HTTP/1.1 GET http://localhost:5094/images/coke.jpg - null null
2025-09-24 16:41:39.495 +02:00 [INF] Sending file. Request path: '/images/cider.jpg'. Physical path: '/Users/alexanderhoyskel/VSCode/OsloMet/ITPE3200/MyShop/wwwroot/images/cider.jpg'
2025-09-24 16:41:39.497 +02:00 [INF] Sending file. Request path: '/images/chickenleg.jpg'. Physical path: '/Users/alexanderhoyskel/VSCode/OsloMet/ITPE3200/MyShop/wwwroot/images/chickenleg.jpg'
2025-09-24 16:41:39.496 +02:00 [INF] Sending file. Request path: '/images/frenchfries.jpg'. Physical path: '/Users/alexanderhoyskel/VSCode/OsloMet/ITPE3200/MyShop/wwwroot/images/frenchfries.jpg'
2025-09-24 16:41:39.497 +02:00 [INF] Request finished HTTP/1.1 GET http://localhost:5094/images/frenchfries.jpg - 200 52799 image/jpeg 203.6583ms
2025-09-24 16:41:39.497 +02:00 [INF] Request finished HTTP/1.1 GET http://localhost:5094/images/cider.jpg - 200 28236 image/jpeg 203.3584ms
2025-09-24 16:41:39.497 +02:00 [INF] Request finished HTTP/1.1 GET http://localhost:5094/images/chickenleg.jpg - 200 63434 image/jpeg 204.093ms
2025-09-24 16:41:39.497 +02:00 [INF] Sending file. Request path: '/images/coke.jpg'. Physical path: '/Users/alexanderhoyskel/VSCode/OsloMet/ITPE3200/MyShop/wwwroot/images/coke.jpg'
2025-09-24 16:41:39.498 +02:00 [INF] Sending file. Request path: '/images/ribs.jpg'. Physical path: '/Users/alexanderhoyskel/VSCode/OsloMet/ITPE3200/MyShop/wwwroot/images/ribs.jpg'
2025-09-24 16:41:39.544 +02:00 [INF] Request finished HTTP/1.1 GET http://localhost:5094/images/ribs.jpg - 200 141554 image/jpeg 204.7077ms
2025-09-24 16:41:39.544 +02:00 [INF] Request finished HTTP/1.1 GET http://localhost:5094/images/coke.jpg - 200 40331 image/jpeg 151.7905ms
2025-09-24 16:41:44.460 +02:00 [INF] Request starting HTTP/1.1 GET http://localhost:5094/Item/Create - null null
2025-09-24 16:41:44.462 +02:00 [INF] Executing endpoint 'MyShop.Controllers.ItemController.Create (MyShop)'
2025-09-24 16:41:44.464 +02:00 [INF] Route matched with {action = "Create", controller = "Item"}. Executing controller action with signature Microsoft.AspNetCore.Mvc.IActionResult Create() on controller MyShop.Controllers.ItemController (MyShop).
2025-09-24 16:41:44.465 +02:00 [INF] Executing ViewResult, running view Create.
2025-09-24 16:41:44.510 +02:00 [INF] Executed ViewResult - view Create executed in 45.3817ms.
2025-09-24 16:41:44.510 +02:00 [INF] Executed action MyShop.Controllers.ItemController.Create (MyShop) in 46.3368ms
2025-09-24 16:41:44.510 +02:00 [INF] Executed endpoint 'MyShop.Controllers.ItemController.Create (MyShop)'
2025-09-24 16:41:44.510 +02:00 [INF] Request finished HTTP/1.1 GET http://localhost:5094/Item/Create - 200 null text/html; charset=utf-8 50.8ms
2025-09-24 16:41:50.770 +02:00 [INF] Request starting HTTP/1.1 POST http://localhost:5094/Item/Create - application/x-www-form-urlencoded 225
2025-09-24 16:41:50.771 +02:00 [INF] Executing endpoint 'MyShop.Controllers.ItemController.Create (MyShop)'
2025-09-24 16:41:50.790 +02:00 [INF] Route matched with {action = "Create", controller = "Item"}. Executing controller action with signature System.Threading.Tasks.Task`1[Microsoft.AspNetCore.Mvc.IActionResult] Create(MyShop.Models.Item) on controller MyShop.Controllers.ItemController (MyShop).
2025-09-24 16:41:50.809 +02:00 [WRN] [ItemController] Item creation failed {"ItemId":0,"Name":"TESt","Price":0,"Description":"ddd","ImageUrl":null,"OrderItems":null,"$type":"Item"}
2025-09-24 16:41:50.811 +02:00 [INF] Executing ViewResult, running view Create.
2025-09-24 16:41:50.815 +02:00 [INF] Executed ViewResult - view Create executed in 3.8536ms.
2025-09-24 16:41:50.815 +02:00 [INF] Executed action MyShop.Controllers.ItemController.Create (MyShop) in 25.0066ms
2025-09-24 16:41:50.815 +02:00 [INF] Executed endpoint 'MyShop.Controllers.ItemController.Create (MyShop)'
2025-09-24 16:41:50.815 +02:00 [INF] Request finished HTTP/1.1 POST http://localhost:5094/Item/Create - 200 null text/html; charset=utf-8 45.3864ms
2025-09-24 16:48:00.141 +02:00 [INF] User profile is available. Using '/Users/alexanderhoyskel/.aspnet/DataProtection-Keys' as key repository; keys will not be encrypted at rest.
2025-09-24 16:48:00.184 +02:00 [INF] Now listening on: http://localhost:5094
2025-09-24 16:48:00.187 +02:00 [INF] Application started. Press Ctrl+C to shut down.
2025-09-24 16:48:00.188 +02:00 [INF] Hosting environment: Development
2025-09-24 16:48:00.189 +02:00 [INF] Content root path: /Users/alexanderhoyskel/VSCode/OsloMet/ITPE3200/MyShop
2025-09-24 16:48:00.880 +02:00 [INF] Request starting HTTP/1.1 GET http://localhost:5094/ - null null
2025-09-24 16:48:00.892 +02:00 [INF] Executing endpoint 'MyShop.Controllers.HomeController.Index (MyShop)'
2025-09-24 16:48:00.898 +02:00 [INF] Route matched with {action = "Index", controller = "Home"}. Executing controller action with signature Microsoft.AspNetCore.Mvc.IActionResult Index() on controller MyShop.Controllers.HomeController (MyShop).
2025-09-24 16:48:00.902 +02:00 [INF] Executing ViewResult, running view Index.
2025-09-24 16:48:00.932 +02:00 [INF] Executed ViewResult - view Index executed in 29.5179ms.
2025-09-24 16:48:00.933 +02:00 [INF] Executed action MyShop.Controllers.HomeController.Index (MyShop) in 33.9395ms
2025-09-24 16:48:00.933 +02:00 [INF] Executed endpoint 'MyShop.Controllers.HomeController.Index (MyShop)'
2025-09-24 16:48:00.934 +02:00 [INF] Request finished HTTP/1.1 GET http://localhost:5094/ - 200 null text/html; charset=utf-8 54.7895ms
2025-09-24 16:48:02.515 +02:00 [INF] Request starting HTTP/1.1 GET http://localhost:5094/Order/Table - null null
2025-09-24 16:48:02.520 +02:00 [INF] Executing endpoint 'MyShop.Controllers.OrderController.Table (MyShop)'
2025-09-24 16:48:02.534 +02:00 [INF] Route matched with {action = "Table", controller = "Order"}. Executing controller action with signature System.Threading.Tasks.Task`1[Microsoft.AspNetCore.Mvc.IActionResult] Table() on controller MyShop.Controllers.OrderController (MyShop).
2025-09-24 16:48:02.574 +02:00 [INF] Executing ViewResult, running view Table.
2025-09-24 16:48:02.613 +02:00 [INF] Executed ViewResult - view Table executed in 39.4171ms.
2025-09-24 16:48:02.614 +02:00 [INF] Executed action MyShop.Controllers.OrderController.Table (MyShop) in 79.1324ms
2025-09-24 16:48:02.614 +02:00 [INF] Executed endpoint 'MyShop.Controllers.OrderController.Table (MyShop)'
2025-09-24 16:48:02.615 +02:00 [INF] Request finished HTTP/1.1 GET http://localhost:5094/Order/Table - 200 null text/html; charset=utf-8 100.6695ms
2025-09-24 16:48:04.280 +02:00 [INF] Request starting HTTP/1.1 GET http://localhost:5094/Item/Table - null null
2025-09-24 16:48:04.282 +02:00 [INF] Executing endpoint 'MyShop.Controllers.ItemController.Table (MyShop)'
2025-09-24 16:48:04.285 +02:00 [INF] Route matched with {action = "Table", controller = "Item"}. Executing controller action with signature System.Threading.Tasks.Task`1[Microsoft.AspNetCore.Mvc.IActionResult] Table() on controller MyShop.Controllers.ItemController (MyShop).
2025-09-24 16:48:04.328 +02:00 [INF] Executing ViewResult, running view Table.
2025-09-24 16:48:04.335 +02:00 [INF] Executed ViewResult - view Table executed in 7.1037ms.
2025-09-24 16:48:04.335 +02:00 [INF] Executed action MyShop.Controllers.ItemController.Table (MyShop) in 49.3946ms
2025-09-24 16:48:04.335 +02:00 [INF] Executed endpoint 'MyShop.Controllers.ItemController.Table (MyShop)'
2025-09-24 16:48:04.335 +02:00 [INF] Request finished HTTP/1.1 GET http://localhost:5094/Item/Table - 200 null text/html; charset=utf-8 55.4812ms
2025-09-24 16:48:05.742 +02:00 [INF] Request starting HTTP/1.1 GET http://localhost:5094/Item/Create - null null
2025-09-24 16:48:05.745 +02:00 [INF] Executing endpoint 'MyShop.Controllers.ItemController.Create (MyShop)'
2025-09-24 16:48:05.746 +02:00 [INF] Route matched with {action = "Create", controller = "Item"}. Executing controller action with signature Microsoft.AspNetCore.Mvc.IActionResult Create() on controller MyShop.Controllers.ItemController (MyShop).
2025-09-24 16:48:05.750 +02:00 [INF] Executing ViewResult, running view Create.
2025-09-24 16:48:05.796 +02:00 [INF] Executed ViewResult - view Create executed in 46.6337ms.
2025-09-24 16:48:05.796 +02:00 [INF] Executed action MyShop.Controllers.ItemController.Create (MyShop) in 49.322ms
2025-09-24 16:48:05.796 +02:00 [INF] Executed endpoint 'MyShop.Controllers.ItemController.Create (MyShop)'
2025-09-24 16:48:05.796 +02:00 [INF] Request finished HTTP/1.1 GET http://localhost:5094/Item/Create - 200 null text/html; charset=utf-8 53.8131ms
2025-09-24 16:48:08.094 +02:00 [INF] Request starting HTTP/1.1 POST http://localhost:5094/Item/Create - application/x-www-form-urlencoded 218
2025-09-24 16:48:08.095 +02:00 [INF] Executing endpoint 'MyShop.Controllers.ItemController.Create (MyShop)'
2025-09-24 16:48:08.114 +02:00 [INF] Route matched with {action = "Create", controller = "Item"}. Executing controller action with signature System.Threading.Tasks.Task`1[Microsoft.AspNetCore.Mvc.IActionResult] Create(MyShop.Models.Item) on controller MyShop.Controllers.ItemController (MyShop).
2025-09-24 16:48:22.357 +02:00 [INF] User profile is available. Using '/Users/alexanderhoyskel/.aspnet/DataProtection-Keys' as key repository; keys will not be encrypted at rest.
2025-09-24 16:48:22.396 +02:00 [INF] Now listening on: http://localhost:5094
2025-09-24 16:48:22.400 +02:00 [INF] Application started. Press Ctrl+C to shut down.
2025-09-24 16:48:22.401 +02:00 [INF] Hosting environment: Development
2025-09-24 16:48:22.401 +02:00 [INF] Content root path: /Users/alexanderhoyskel/VSCode/OsloMet/ITPE3200/MyShop
2025-09-24 16:48:22.641 +02:00 [INF] Request starting HTTP/1.1 GET http://localhost:5094/ - null null
2025-09-24 16:48:22.658 +02:00 [INF] Executing endpoint 'MyShop.Controllers.HomeController.Index (MyShop)'
2025-09-24 16:48:22.667 +02:00 [INF] Route matched with {action = "Index", controller = "Home"}. Executing controller action with signature Microsoft.AspNetCore.Mvc.IActionResult Index() on controller MyShop.Controllers.HomeController (MyShop).
2025-09-24 16:48:22.671 +02:00 [INF] Executing ViewResult, running view Index.
2025-09-24 16:48:22.708 +02:00 [INF] Executed ViewResult - view Index executed in 33.6648ms.
2025-09-24 16:48:22.709 +02:00 [INF] Executed action MyShop.Controllers.HomeController.Index (MyShop) in 41.4947ms
2025-09-24 16:48:22.709 +02:00 [INF] Executed endpoint 'MyShop.Controllers.HomeController.Index (MyShop)'
2025-09-24 16:48:22.711 +02:00 [INF] Request finished HTTP/1.1 GET http://localhost:5094/ - 200 null text/html; charset=utf-8 71.4663ms
2025-09-24 16:53:07.194 +02:00 [INF] User profile is available. Using '/Users/alexanderhoyskel/.aspnet/DataProtection-Keys' as key repository; keys will not be encrypted at rest.
2025-09-24 16:53:07.236 +02:00 [INF] Now listening on: http://localhost:5094
2025-09-24 16:53:07.239 +02:00 [INF] Application started. Press Ctrl+C to shut down.
2025-09-24 16:53:07.240 +02:00 [INF] Hosting environment: Development
2025-09-24 16:53:07.240 +02:00 [INF] Content root path: /Users/alexanderhoyskel/VSCode/OsloMet/ITPE3200/MyShop
2025-09-24 16:53:07.395 +02:00 [INF] Request starting HTTP/1.1 GET http://localhost:5094/ - null null
2025-09-24 16:53:07.410 +02:00 [INF] Executing endpoint 'MyShop.Controllers.HomeController.Index (MyShop)'
2025-09-24 16:53:07.416 +02:00 [INF] Route matched with {action = "Index", controller = "Home"}. Executing controller action with signature Microsoft.AspNetCore.Mvc.IActionResult Index() on controller MyShop.Controllers.HomeController (MyShop).
2025-09-24 16:53:07.420 +02:00 [INF] Executing ViewResult, running view Index.
2025-09-24 16:53:07.492 +02:00 [INF] Executed ViewResult - view Index executed in 69.9564ms.
2025-09-24 16:53:07.493 +02:00 [INF] Executed action MyShop.Controllers.HomeController.Index (MyShop) in 77.0015ms
2025-09-24 16:53:07.493 +02:00 [INF] Executed endpoint 'MyShop.Controllers.HomeController.Index (MyShop)'
2025-09-24 16:53:07.495 +02:00 [INF] Request finished HTTP/1.1 GET http://localhost:5094/ - 200 null text/html; charset=utf-8 102.1436ms
2025-09-24 16:53:07.805 +02:00 [INF] Request starting HTTP/1.1 GET http://localhost:5094/js/jquery.validate.js?v=kRL82372ur5YrVTjFWp9muao9yeU8AoLiJxSb5ekmHg - null null
2025-09-24 16:53:07.805 +02:00 [INF] Request starting HTTP/1.1 GET http://localhost:5094/js/jquery.validate.unobtrusive.js - null null
2025-09-24 16:53:07.869 +02:00 [INF] Sending file. Request path: '/js/jquery.validate.js'. Physical path: '/Users/alexanderhoyskel/VSCode/OsloMet/ITPE3200/MyShop/wwwroot/js/jquery.validate.js'
2025-09-24 16:53:07.869 +02:00 [INF] Sending file. Request path: '/js/jquery.validate.unobtrusive.js'. Physical path: '/Users/alexanderhoyskel/VSCode/OsloMet/ITPE3200/MyShop/wwwroot/js/jquery.validate.unobtrusive.js'
2025-09-24 16:53:07.869 +02:00 [INF] Request finished HTTP/1.1 GET http://localhost:5094/js/jquery.validate.unobtrusive.js - 200 19820 text/javascript 64.1625ms
2025-09-24 16:53:07.869 +02:00 [INF] Request finished HTTP/1.1 GET http://localhost:5094/js/jquery.validate.js?v=kRL82372ur5YrVTjFWp9muao9yeU8AoLiJxSb5ekmHg - 200 52536 text/javascript 64.1687ms
2025-09-24 16:53:08.869 +02:00 [INF] Request starting HTTP/1.1 GET http://localhost:5094/ - null null
2025-09-24 16:53:08.870 +02:00 [INF] Executing endpoint 'MyShop.Controllers.HomeController.Index (MyShop)'
2025-09-24 16:53:08.870 +02:00 [INF] Route matched with {action = "Index", controller = "Home"}. Executing controller action with signature Microsoft.AspNetCore.Mvc.IActionResult Index() on controller MyShop.Controllers.HomeController (MyShop).
2025-09-24 16:53:08.871 +02:00 [INF] Executing ViewResult, running view Index.
2025-09-24 16:53:08.872 +02:00 [INF] Executed ViewResult - view Index executed in 1.6807ms.
2025-09-24 16:53:08.872 +02:00 [INF] Executed action MyShop.Controllers.HomeController.Index (MyShop) in 1.891ms
2025-09-24 16:53:08.872 +02:00 [INF] Executed endpoint 'MyShop.Controllers.HomeController.Index (MyShop)'
2025-09-24 16:53:08.872 +02:00 [INF] Request finished HTTP/1.1 GET http://localhost:5094/ - 200 null text/html; charset=utf-8 2.8865ms
2025-09-24 16:53:09.272 +02:00 [INF] Request starting HTTP/1.1 GET http://localhost:5094/Item/Table - null null
2025-09-24 16:53:09.273 +02:00 [INF] Executing endpoint 'MyShop.Controllers.ItemController.Table (MyShop)'
2025-09-24 16:53:09.279 +02:00 [INF] Route matched with {action = "Table", controller = "Item"}. Executing controller action with signature System.Threading.Tasks.Task`1[Microsoft.AspNetCore.Mvc.IActionResult] Table() on controller MyShop.Controllers.ItemController (MyShop).
2025-09-24 16:53:09.332 +02:00 [INF] Executing ViewResult, running view Table.
2025-09-24 16:53:09.340 +02:00 [INF] Executed ViewResult - view Table executed in 7.918ms.
2025-09-24 16:53:09.340 +02:00 [INF] Executed action MyShop.Controllers.ItemController.Table (MyShop) in 60.9879ms
2025-09-24 16:53:09.340 +02:00 [INF] Executed endpoint 'MyShop.Controllers.ItemController.Table (MyShop)'
2025-09-24 16:53:09.342 +02:00 [INF] Request finished HTTP/1.1 GET http://localhost:5094/Item/Table - 200 null text/html; charset=utf-8 70.0157ms
2025-09-24 16:53:10.877 +02:00 [INF] Request starting HTTP/1.1 GET http://localhost:5094/Item/Create - null null
2025-09-24 16:53:10.879 +02:00 [INF] Executing endpoint 'MyShop.Controllers.ItemController.Create (MyShop)'
2025-09-24 16:53:10.882 +02:00 [INF] Route matched with {action = "Create", controller = "Item"}. Executing controller action with signature Microsoft.AspNetCore.Mvc.IActionResult Create() on controller MyShop.Controllers.ItemController (MyShop).
2025-09-24 16:53:10.884 +02:00 [INF] Executing ViewResult, running view Create.
2025-09-24 16:53:10.925 +02:00 [INF] Executed ViewResult - view Create executed in 42.1625ms.
2025-09-24 16:53:10.925 +02:00 [INF] Executed action MyShop.Controllers.ItemController.Create (MyShop) in 43.3219ms
2025-09-24 16:53:10.925 +02:00 [INF] Executed endpoint 'MyShop.Controllers.ItemController.Create (MyShop)'
2025-09-24 16:53:10.925 +02:00 [INF] Request finished HTTP/1.1 GET http://localhost:5094/Item/Create - 200 null text/html; charset=utf-8 47.8482ms
2025-09-24 17:27:53.168 +02:00 [INF] User profile is available. Using '/Users/alexanderhoyskel/.aspnet/DataProtection-Keys' as key repository; keys will not be encrypted at rest.
2025-09-24 17:27:53.211 +02:00 [INF] Now listening on: http://localhost:5094
2025-09-24 17:27:53.214 +02:00 [INF] Application started. Press Ctrl+C to shut down.
2025-09-24 17:27:53.215 +02:00 [INF] Hosting environment: Development
2025-09-24 17:27:53.215 +02:00 [INF] Content root path: /Users/alexanderhoyskel/VSCode/OsloMet/ITPE3200/MyShop
2025-09-24 17:27:54.184 +02:00 [INF] Request starting HTTP/1.1 GET http://localhost:5094/ - null null
2025-09-24 17:27:54.198 +02:00 [INF] Executing endpoint 'MyShop.Controllers.HomeController.Index (MyShop)'
2025-09-24 17:27:54.206 +02:00 [INF] Route matched with {action = "Index", controller = "Home"}. Executing controller action with signature Microsoft.AspNetCore.Mvc.IActionResult Index() on controller MyShop.Controllers.HomeController (MyShop).
2025-09-24 17:27:54.210 +02:00 [INF] Executing ViewResult, running view Index.
2025-09-24 17:27:54.381 +02:00 [INF] Executed ViewResult - view Index executed in 168.9166ms.
2025-09-24 17:27:54.382 +02:00 [INF] Executed action MyShop.Controllers.HomeController.Index (MyShop) in 175.5751ms
2025-09-24 17:27:54.382 +02:00 [INF] Executed endpoint 'MyShop.Controllers.HomeController.Index (MyShop)'
2025-09-24 17:27:54.384 +02:00 [INF] Request finished HTTP/1.1 GET http://localhost:5094/ - 200 null text/html; charset=utf-8 200.8838ms
2025-09-24 17:27:54.520 +02:00 [INF] Request starting HTTP/1.1 GET http://localhost:5094/js/jquery.validate.unobtrusive.js - null null
2025-09-24 17:27:54.520 +02:00 [INF] Request starting HTTP/1.1 GET http://localhost:5094/js/jquery.validate.js?v=kRL82372ur5YrVTjFWp9muao9yeU8AoLiJxSb5ekmHg - null null
2025-09-24 17:27:54.524 +02:00 [INF] The file /js/jquery.validate.unobtrusive.js was not modified
2025-09-24 17:27:54.525 +02:00 [INF] The file /js/jquery.validate.js was not modified
2025-09-24 17:27:54.525 +02:00 [INF] Request finished HTTP/1.1 GET http://localhost:5094/js/jquery.validate.unobtrusive.js - 304 null text/javascript 5.2068ms
2025-09-24 17:27:54.525 +02:00 [INF] Request finished HTTP/1.1 GET http://localhost:5094/js/jquery.validate.js?v=kRL82372ur5YrVTjFWp9muao9yeU8AoLiJxSb5ekmHg - 304 null text/javascript 5.115ms
2025-09-24 17:39:08.443 +02:00 [INF] User profile is available. Using '/Users/alexanderhoyskel/.aspnet/DataProtection-Keys' as key repository; keys will not be encrypted at rest.
2025-09-24 17:39:08.522 +02:00 [INF] Now listening on: http://localhost:5094
2025-09-24 17:39:08.525 +02:00 [INF] Application started. Press Ctrl+C to shut down.
2025-09-24 17:39:08.526 +02:00 [INF] Hosting environment: Development
2025-09-24 17:39:08.526 +02:00 [INF] Content root path: /Users/alexanderhoyskel/VSCode/OsloMet/ITPE3200/MyShop
2025-09-24 17:39:08.914 +02:00 [INF] Request starting HTTP/1.1 GET http://localhost:5094/ - null null
2025-09-24 17:39:08.930 +02:00 [INF] Executing endpoint 'MyShop.Controllers.HomeController.Index (MyShop)'
2025-09-24 17:39:08.936 +02:00 [INF] Route matched with {action = "Index", controller = "Home", page = "", area = ""}. Executing controller action with signature Microsoft.AspNetCore.Mvc.IActionResult Index() on controller MyShop.Controllers.HomeController (MyShop).
2025-09-24 17:39:08.939 +02:00 [INF] Executing ViewResult, running view Index.
2025-09-24 17:39:09.033 +02:00 [INF] Executed ViewResult - view Index executed in 93.7759ms.
2025-09-24 17:39:09.034 +02:00 [INF] Executed action MyShop.Controllers.HomeController.Index (MyShop) in 97.7059ms
2025-09-24 17:39:09.034 +02:00 [INF] Executed endpoint 'MyShop.Controllers.HomeController.Index (MyShop)'
2025-09-24 17:39:09.036 +02:00 [INF] Request finished HTTP/1.1 GET http://localhost:5094/ - 200 null text/html; charset=utf-8 123.4225ms
2025-09-24 17:39:09.086 +02:00 [INF] Request starting HTTP/1.1 GET http://localhost:5094/js/jquery.validate.unobtrusive.js - null null
2025-09-24 17:39:09.086 +02:00 [INF] Request starting HTTP/1.1 GET http://localhost:5094/js/jquery.validate.js?v=kRL82372ur5YrVTjFWp9muao9yeU8AoLiJxSb5ekmHg - null null
2025-09-24 17:39:09.095 +02:00 [INF] The file /js/jquery.validate.js was not modified
2025-09-24 17:39:09.095 +02:00 [INF] The file /js/jquery.validate.unobtrusive.js was not modified
2025-09-24 17:39:09.095 +02:00 [INF] Request finished HTTP/1.1 GET http://localhost:5094/js/jquery.validate.js?v=kRL82372ur5YrVTjFWp9muao9yeU8AoLiJxSb5ekmHg - 304 null text/javascript 8.4611ms
2025-09-24 17:39:09.095 +02:00 [INF] Request finished HTTP/1.1 GET http://localhost:5094/js/jquery.validate.unobtrusive.js - 304 null text/javascript 8.9503ms
2025-09-24 17:39:33.258 +02:00 [INF] Request starting HTTP/1.1 GET http://localhost:5094/ - null null
2025-09-24 17:39:33.276 +02:00 [INF] Executing endpoint 'MyShop.Controllers.HomeController.Index (MyShop)'
2025-09-24 17:39:33.278 +02:00 [INF] Route matched with {action = "Index", controller = "Home", page = "", area = ""}. Executing controller action with signature Microsoft.AspNetCore.Mvc.IActionResult Index() on controller MyShop.Controllers.HomeController (MyShop).
2025-09-24 17:39:33.282 +02:00 [INF] Executing ViewResult, running view Index.
2025-09-24 17:39:33.290 +02:00 [INF] Executed ViewResult - view Index executed in 8.4713ms.
2025-09-24 17:39:33.290 +02:00 [INF] Executed action MyShop.Controllers.HomeController.Index (MyShop) in 11.9671ms
2025-09-24 17:39:33.290 +02:00 [INF] Executed endpoint 'MyShop.Controllers.HomeController.Index (MyShop)'
2025-09-24 17:39:33.290 +02:00 [INF] Request finished HTTP/1.1 GET http://localhost:5094/ - 200 null text/html; charset=utf-8 32.5753ms
2025-09-24 17:40:14.047 +02:00 [INF] User profile is available. Using '/Users/alexanderhoyskel/.aspnet/DataProtection-Keys' as key repository; keys will not be encrypted at rest.
2025-09-24 17:40:14.127 +02:00 [INF] Now listening on: http://localhost:5094
2025-09-24 17:40:14.130 +02:00 [INF] Application started. Press Ctrl+C to shut down.
2025-09-24 17:40:14.130 +02:00 [INF] Hosting environment: Development
2025-09-24 17:40:14.131 +02:00 [INF] Content root path: /Users/alexanderhoyskel/VSCode/OsloMet/ITPE3200/MyShop
2025-09-24 17:40:14.541 +02:00 [INF] Request starting HTTP/1.1 GET http://localhost:5094/ - null null
2025-09-24 17:40:14.578 +02:00 [INF] Executing endpoint 'MyShop.Controllers.HomeController.Index (MyShop)'
2025-09-24 17:40:14.584 +02:00 [INF] Route matched with {action = "Index", controller = "Home", page = "", area = ""}. Executing controller action with signature Microsoft.AspNetCore.Mvc.IActionResult Index() on controller MyShop.Controllers.HomeController (MyShop).
2025-09-24 17:40:14.588 +02:00 [INF] Executing ViewResult, running view Index.
2025-09-24 17:40:14.710 +02:00 [INF] Executed ViewResult - view Index executed in 88.7712ms.
2025-09-24 17:40:14.712 +02:00 [INF] Executed action MyShop.Controllers.HomeController.Index (MyShop) in 127.1416ms
2025-09-24 17:40:14.712 +02:00 [INF] Executed endpoint 'MyShop.Controllers.HomeController.Index (MyShop)'
2025-09-24 17:40:14.715 +02:00 [INF] Request finished HTTP/1.1 GET http://localhost:5094/ - 200 null text/html; charset=utf-8 197.7849ms
2025-09-24 17:40:17.540 +02:00 [INF] Request starting HTTP/1.1 GET http://localhost:5094/Identity/Account/Login - null null
2025-09-24 17:40:17.606 +02:00 [INF] Executing endpoint '/Account/Login'
2025-09-24 17:40:17.629 +02:00 [INF] Route matched with {page = "/Account/Login", area = "Identity", action = "", controller = ""}. Executing page /Account/Login
2025-09-24 17:40:17.638 +02:00 [INF] Executing handler method MyShop.Areas.Identity.Pages.Account.LoginModel.OnGetAsync - ModelState is "Valid"
2025-09-24 17:40:17.643 +02:00 [INF] AuthenticationScheme: Identity.External signed out.
2025-09-24 17:40:17.644 +02:00 [INF] Executed handler method OnGetAsync, returned result .
2025-09-24 17:40:17.645 +02:00 [INF] Executing an implicit handler method - ModelState is "Valid"
2025-09-24 17:40:17.645 +02:00 [INF] Executed an implicit handler method, returned result Microsoft.AspNetCore.Mvc.RazorPages.PageResult.
2025-09-24 17:40:17.670 +02:00 [INF] Executed page /Account/Login in 41.666ms
2025-09-24 17:40:17.670 +02:00 [INF] Executed endpoint '/Account/Login'
2025-09-24 17:40:17.671 +02:00 [INF] Request finished HTTP/1.1 GET http://localhost:5094/Identity/Account/Login - 200 null text/html; charset=utf-8 131.1042ms
2025-09-24 17:40:17.737 +02:00 [INF] Request starting HTTP/1.1 GET http://localhost:5094/lib/jquery-validation/dist/jquery.validate.min.js - null null
2025-09-24 17:40:17.763 +02:00 [INF] Request starting HTTP/1.1 GET http://localhost:5094/lib/jquery-validation-unobtrusive/jquery.validate.unobtrusive.min.js - null null
2025-09-24 17:40:17.766 +02:00 [INF] Request finished HTTP/1.1 GET http://localhost:5094/lib/jquery-validation-unobtrusive/jquery.validate.unobtrusive.min.js - 404 0 null 2.9006ms
2025-09-24 17:40:17.766 +02:00 [INF] Request finished HTTP/1.1 GET http://localhost:5094/lib/jquery-validation/dist/jquery.validate.min.js - 404 0 null 28.7297ms
2025-09-24 17:40:17.768 +02:00 [INF] Request reached the end of the middleware pipeline without being handled by application code. Request path: GET http://localhost:5094/lib/jquery-validation/dist/jquery.validate.min.js, Response status code: 404
2025-09-24 17:40:17.768 +02:00 [INF] Request reached the end of the middleware pipeline without being handled by application code. Request path: GET http://localhost:5094/lib/jquery-validation-unobtrusive/jquery.validate.unobtrusive.min.js, Response status code: 404
2025-09-24 17:40:36.657 +02:00 [INF] Request starting HTTP/1.1 GET http://localhost:5094/Identity/Account/Register - null null
2025-09-24 17:40:36.666 +02:00 [INF] Executing endpoint '/Account/Register'
2025-09-24 17:40:36.677 +02:00 [INF] Route matched with {page = "/Account/Register", area = "Identity", action = "", controller = ""}. Executing page /Account/Register
2025-09-24 17:40:36.686 +02:00 [INF] Executing handler method MyShop.Areas.Identity.Pages.Account.RegisterModel.OnGetAsync - ModelState is "Valid"
2025-09-24 17:40:36.687 +02:00 [INF] Executed handler method OnGetAsync, returned result .
2025-09-24 17:40:36.687 +02:00 [INF] Executing an implicit handler method - ModelState is "Valid"
2025-09-24 17:40:36.687 +02:00 [INF] Executed an implicit handler method, returned result Microsoft.AspNetCore.Mvc.RazorPages.PageResult.
2025-09-24 17:40:36.702 +02:00 [INF] Executed page /Account/Register in 25.0614ms
2025-09-24 17:40:36.702 +02:00 [INF] Executed endpoint '/Account/Register'
2025-09-24 17:40:36.702 +02:00 [INF] Request finished HTTP/1.1 GET http://localhost:5094/Identity/Account/Register - 200 null text/html; charset=utf-8 45.693ms
2025-09-24 17:40:36.725 +02:00 [INF] Request starting HTTP/1.1 GET http://localhost:5094/lib/jquery-validation/dist/jquery.validate.min.js - null null
2025-09-24 17:40:36.726 +02:00 [INF] Request starting HTTP/1.1 GET http://localhost:5094/lib/jquery-validation-unobtrusive/jquery.validate.unobtrusive.min.js - null null
2025-09-24 17:40:36.727 +02:00 [INF] Request finished HTTP/1.1 GET http://localhost:5094/lib/jquery-validation/dist/jquery.validate.min.js - 404 0 null 1.9121ms
2025-09-24 17:40:36.727 +02:00 [INF] Request finished HTTP/1.1 GET http://localhost:5094/lib/jquery-validation-unobtrusive/jquery.validate.unobtrusive.min.js - 404 0 null 0.8746ms
2025-09-24 17:40:36.727 +02:00 [INF] Request reached the end of the middleware pipeline without being handled by application code. Request path: GET http://localhost:5094/lib/jquery-validation-unobtrusive/jquery.validate.unobtrusive.min.js, Response status code: 404
2025-09-24 17:40:36.728 +02:00 [INF] Request reached the end of the middleware pipeline without being handled by application code. Request path: GET http://localhost:5094/lib/jquery-validation/dist/jquery.validate.min.js, Response status code: 404
2025-09-24 17:40:52.752 +02:00 [INF] Request starting HTTP/1.1 POST http://localhost:5094/Identity/Account/Register - application/x-www-form-urlencoded 260
2025-09-24 17:40:52.753 +02:00 [INF] Executing endpoint '/Account/Register'
2025-09-24 17:40:52.753 +02:00 [INF] Route matched with {page = "/Account/Register", area = "Identity", action = "", controller = ""}. Executing page /Account/Register
2025-09-24 17:40:52.773 +02:00 [INF] Executing handler method MyShop.Areas.Identity.Pages.Account.RegisterModel.OnPostAsync - ModelState is "Valid"
2025-09-24 17:40:52.784 +02:00 [INF] Executed handler method OnPostAsync, returned result Microsoft.AspNetCore.Mvc.RazorPages.PageResult.
2025-09-24 17:40:52.787 +02:00 [INF] Executed page /Account/Register in 33.6543ms
2025-09-24 17:40:52.787 +02:00 [INF] Executed endpoint '/Account/Register'
2025-09-24 17:40:52.787 +02:00 [INF] Request finished HTTP/1.1 POST http://localhost:5094/Identity/Account/Register - 200 null text/html; charset=utf-8 35.1373ms
2025-09-24 17:40:52.808 +02:00 [INF] Request starting HTTP/1.1 GET http://localhost:5094/lib/jquery-validation/dist/jquery.validate.min.js - null null
2025-09-24 17:40:52.834 +02:00 [INF] Request starting HTTP/1.1 GET http://localhost:5094/lib/jquery-validation-unobtrusive/jquery.validate.unobtrusive.min.js - null null
2025-09-24 17:40:52.834 +02:00 [INF] Request finished HTTP/1.1 GET http://localhost:5094/lib/jquery-validation/dist/jquery.validate.min.js - 404 0 null 26.0054ms
2025-09-24 17:40:52.834 +02:00 [INF] Request finished HTTP/1.1 GET http://localhost:5094/lib/jquery-validation-unobtrusive/jquery.validate.unobtrusive.min.js - 404 0 null 0.4591ms
2025-09-24 17:40:52.834 +02:00 [INF] Request reached the end of the middleware pipeline without being handled by application code. Request path: GET http://localhost:5094/lib/jquery-validation/dist/jquery.validate.min.js, Response status code: 404
2025-09-24 17:40:52.834 +02:00 [INF] Request reached the end of the middleware pipeline without being handled by application code. Request path: GET http://localhost:5094/lib/jquery-validation-unobtrusive/jquery.validate.unobtrusive.min.js, Response status code: 404
2025-09-24 17:41:06.293 +02:00 [INF] Request starting HTTP/1.1 POST http://localhost:5094/Identity/Account/Register - application/x-www-form-urlencoded 262
2025-09-24 17:41:06.294 +02:00 [INF] Executing endpoint '/Account/Register'
2025-09-24 17:41:06.295 +02:00 [INF] Route matched with {page = "/Account/Register", area = "Identity", action = "", controller = ""}. Executing page /Account/Register
2025-09-24 17:41:06.297 +02:00 [INF] Executing handler method MyShop.Areas.Identity.Pages.Account.RegisterModel.OnPostAsync - ModelState is "Valid"
2025-09-24 17:41:06.297 +02:00 [INF] Executed handler method OnPostAsync, returned result Microsoft.AspNetCore.Mvc.RazorPages.PageResult.
2025-09-24 17:41:06.299 +02:00 [INF] Executed page /Account/Register in 4.4234ms
2025-09-24 17:41:06.299 +02:00 [INF] Executed endpoint '/Account/Register'
2025-09-24 17:41:06.299 +02:00 [INF] Request finished HTTP/1.1 POST http://localhost:5094/Identity/Account/Register - 200 null text/html; charset=utf-8 6.0346ms
2025-09-24 17:41:06.313 +02:00 [INF] Request starting HTTP/1.1 GET http://localhost:5094/lib/jquery-validation/dist/jquery.validate.min.js - null null
2025-09-24 17:41:06.394 +02:00 [INF] Request starting HTTP/1.1 GET http://localhost:5094/lib/jquery-validation-unobtrusive/jquery.validate.unobtrusive.min.js - null null
2025-09-24 17:41:06.420 +02:00 [INF] Request finished HTTP/1.1 GET http://localhost:5094/lib/jquery-validation/dist/jquery.validate.min.js - 404 0 null 81.2737ms
2025-09-24 17:41:06.445 +02:00 [INF] Request reached the end of the middleware pipeline without being handled by application code. Request path: GET http://localhost:5094/lib/jquery-validation/dist/jquery.validate.min.js, Response status code: 404
2025-09-24 17:41:06.446 +02:00 [INF] Request finished HTTP/1.1 GET http://localhost:5094/lib/jquery-validation-unobtrusive/jquery.validate.unobtrusive.min.js - 404 0 null 52.0471ms
2025-09-24 17:41:06.446 +02:00 [INF] Request reached the end of the middleware pipeline without being handled by application code. Request path: GET http://localhost:5094/lib/jquery-validation-unobtrusive/jquery.validate.unobtrusive.min.js, Response status code: 404
2025-09-24 17:41:18.428 +02:00 [INF] Request starting HTTP/1.1 POST http://localhost:5094/Identity/Account/Register - application/x-www-form-urlencoded 268
2025-09-24 17:41:18.431 +02:00 [INF] Executing endpoint '/Account/Register'
2025-09-24 17:41:18.432 +02:00 [INF] Route matched with {page = "/Account/Register", area = "Identity", action = "", controller = ""}. Executing page /Account/Register
2025-09-24 17:41:18.436 +02:00 [INF] Executing handler method MyShop.Areas.Identity.Pages.Account.RegisterModel.OnPostAsync - ModelState is "Valid"
2025-09-24 17:41:18.625 +02:00 [INF] User created a new account with password.
2025-09-24 17:41:18.645 +02:00 [INF] AuthenticationScheme: Identity.Application signed in.
2025-09-24 17:41:18.645 +02:00 [INF] Executed handler method OnPostAsync, returned result Microsoft.AspNetCore.Mvc.LocalRedirectResult.
2025-09-24 17:41:18.645 +02:00 [INF] Executing LocalRedirectResult, redirecting to /.
2025-09-24 17:41:18.645 +02:00 [INF] Executed page /Account/Register in 213.2537ms
2025-09-24 17:41:18.645 +02:00 [INF] Executed endpoint '/Account/Register'
2025-09-24 17:41:18.646 +02:00 [INF] Request finished HTTP/1.1 POST http://localhost:5094/Identity/Account/Register - 302 0 null 218.7222ms
2025-09-24 17:41:18.654 +02:00 [INF] Request starting HTTP/1.1 GET http://localhost:5094/ - null null
2025-09-24 17:41:18.655 +02:00 [INF] Executing endpoint 'MyShop.Controllers.HomeController.Index (MyShop)'
2025-09-24 17:41:18.655 +02:00 [INF] Route matched with {action = "Index", controller = "Home", page = "", area = ""}. Executing controller action with signature Microsoft.AspNetCore.Mvc.IActionResult Index() on controller MyShop.Controllers.HomeController (MyShop).
2025-09-24 17:41:18.655 +02:00 [INF] Executing ViewResult, running view Index.
2025-09-24 17:41:18.656 +02:00 [INF] Executed ViewResult - view Index executed in 1.4385ms.
2025-09-24 17:41:18.656 +02:00 [INF] Executed action MyShop.Controllers.HomeController.Index (MyShop) in 1.6087ms
2025-09-24 17:41:18.656 +02:00 [INF] Executed endpoint 'MyShop.Controllers.HomeController.Index (MyShop)'
2025-09-24 17:41:18.656 +02:00 [INF] Request finished HTTP/1.1 GET http://localhost:5094/ - 200 null text/html; charset=utf-8 2.9477ms
2025-09-24 17:41:22.290 +02:00 [INF] Request starting HTTP/1.1 GET http://localhost:5094/Identity/Account/Manage - null null
2025-09-24 17:41:22.301 +02:00 [INF] Executing endpoint '/Account/Manage/Index'
2025-09-24 17:41:22.308 +02:00 [INF] Route matched with {page = "/Account/Manage/Index", area = "Identity", action = "", controller = ""}. Executing page /Account/Manage/Index
2025-09-24 17:41:22.310 +02:00 [INF] Executing handler method MyShop.Areas.Identity.Pages.Account.Manage.IndexModel.OnGetAsync - ModelState is "Valid"
2025-09-24 17:41:22.354 +02:00 [INF] Executed handler method OnGetAsync, returned result Microsoft.AspNetCore.Mvc.RazorPages.PageResult.
2025-09-24 17:41:22.366 +02:00 [INF] Executed page /Account/Manage/Index in 58.5966ms
2025-09-24 17:41:22.366 +02:00 [INF] Executed endpoint '/Account/Manage/Index'
2025-09-24 17:41:22.367 +02:00 [INF] Request finished HTTP/1.1 GET http://localhost:5094/Identity/Account/Manage - 200 null text/html; charset=utf-8 76.265ms
2025-09-24 17:41:22.394 +02:00 [INF] Request starting HTTP/1.1 GET http://localhost:5094/lib/jquery-validation/dist/jquery.validate.min.js - null null
2025-09-24 17:41:22.395 +02:00 [INF] Request starting HTTP/1.1 GET http://localhost:5094/lib/jquery-validation-unobtrusive/jquery.validate.unobtrusive.min.js - null null
2025-09-24 17:41:22.397 +02:00 [INF] Request finished HTTP/1.1 GET http://localhost:5094/lib/jquery-validation/dist/jquery.validate.min.js - 404 0 null 2.9342ms
2025-09-24 17:41:22.397 +02:00 [INF] Request finished HTTP/1.1 GET http://localhost:5094/lib/jquery-validation-unobtrusive/jquery.validate.unobtrusive.min.js - 404 0 null 2.1432ms
2025-09-24 17:41:22.397 +02:00 [INF] Request reached the end of the middleware pipeline without being handled by application code. Request path: GET http://localhost:5094/lib/jquery-validation/dist/jquery.validate.min.js, Response status code: 404
2025-09-24 17:41:22.397 +02:00 [INF] Request reached the end of the middleware pipeline without being handled by application code. Request path: GET http://localhost:5094/lib/jquery-validation-unobtrusive/jquery.validate.unobtrusive.min.js, Response status code: 404
2025-09-24 17:41:24.056 +02:00 [INF] Request starting HTTP/1.1 GET http://localhost:5094/ - null null
2025-09-24 17:41:24.059 +02:00 [INF] Executing endpoint 'MyShop.Controllers.HomeController.Index (MyShop)'
2025-09-24 17:41:24.059 +02:00 [INF] Route matched with {action = "Index", controller = "Home", page = "", area = ""}. Executing controller action with signature Microsoft.AspNetCore.Mvc.IActionResult Index() on controller MyShop.Controllers.HomeController (MyShop).
2025-09-24 17:41:24.059 +02:00 [INF] Executing ViewResult, running view Index.
2025-09-24 17:41:24.061 +02:00 [INF] Executed ViewResult - view Index executed in 1.7944ms.
2025-09-24 17:41:24.061 +02:00 [INF] Executed action MyShop.Controllers.HomeController.Index (MyShop) in 2.1278ms
2025-09-24 17:41:24.061 +02:00 [INF] Executed endpoint 'MyShop.Controllers.HomeController.Index (MyShop)'
2025-09-24 17:41:24.061 +02:00 [INF] Request finished HTTP/1.1 GET http://localhost:5094/ - 200 null text/html; charset=utf-8 4.9387ms
2025-09-24 17:41:32.462 +02:00 [INF] Request starting HTTP/1.1 GET http://localhost:5094/Identity/Account/Login - null null
2025-09-24 17:41:32.469 +02:00 [INF] Executing endpoint '/Account/Login'
2025-09-24 17:41:32.472 +02:00 [INF] Route matched with {page = "/Account/Login", area = "Identity", action = "", controller = ""}. Executing page /Account/Login
2025-09-24 17:41:32.475 +02:00 [INF] Executing handler method MyShop.Areas.Identity.Pages.Account.LoginModel.OnGetAsync - ModelState is "Valid"
2025-09-24 17:41:32.476 +02:00 [INF] AuthenticationScheme: Identity.External signed out.
2025-09-24 17:41:32.476 +02:00 [INF] Executed handler method OnGetAsync, returned result .
2025-09-24 17:41:32.476 +02:00 [INF] Executing an implicit handler method - ModelState is "Valid"
2025-09-24 17:41:32.476 +02:00 [INF] Executed an implicit handler method, returned result Microsoft.AspNetCore.Mvc.RazorPages.PageResult.
2025-09-24 17:41:32.483 +02:00 [INF] Executed page /Account/Login in 10.2088ms
2025-09-24 17:41:32.483 +02:00 [INF] Executed endpoint '/Account/Login'
2025-09-24 17:41:32.483 +02:00 [INF] Request finished HTTP/1.1 GET http://localhost:5094/Identity/Account/Login - 200 null text/html; charset=utf-8 21.0473ms
2025-09-24 17:41:32.542 +02:00 [INF] Request starting HTTP/1.1 GET http://localhost:5094/lib/jquery-validation/dist/jquery.validate.min.js - null null
2025-09-24 17:41:32.567 +02:00 [INF] Request starting HTTP/1.1 GET http://localhost:5094/lib/jquery-validation-unobtrusive/jquery.validate.unobtrusive.min.js - null null
2025-09-24 17:41:32.569 +02:00 [INF] Request finished HTTP/1.1 GET http://localhost:5094/lib/jquery-validation/dist/jquery.validate.min.js - 404 0 null 27.1373ms
2025-09-24 17:41:32.569 +02:00 [INF] Request finished HTTP/1.1 GET http://localhost:5094/lib/jquery-validation-unobtrusive/jquery.validate.unobtrusive.min.js - 404 0 null 1.4239ms
2025-09-24 17:41:32.569 +02:00 [INF] Request reached the end of the middleware pipeline without being handled by application code. Request path: GET http://localhost:5094/lib/jquery-validation/dist/jquery.validate.min.js, Response status code: 404
2025-09-24 17:41:32.569 +02:00 [INF] Request reached the end of the middleware pipeline without being handled by application code. Request path: GET http://localhost:5094/lib/jquery-validation-unobtrusive/jquery.validate.unobtrusive.min.js, Response status code: 404
2025-09-24 17:41:35.264 +02:00 [INF] Request starting HTTP/1.1 POST http://localhost:5094/Identity/Account/Login - application/x-www-form-urlencoded 301
2025-09-24 17:41:35.266 +02:00 [INF] Executing endpoint '/Account/Login'
2025-09-24 17:41:35.266 +02:00 [INF] Route matched with {page = "/Account/Login", area = "Identity", action = "", controller = ""}. Executing page /Account/Login
2025-09-24 17:41:35.269 +02:00 [INF] Executing handler method MyShop.Areas.Identity.Pages.Account.LoginModel.OnPostAsync - ModelState is "Valid"
2025-09-24 17:41:35.346 +02:00 [INF] AuthenticationScheme: Identity.Application signed in.
2025-09-24 17:41:35.347 +02:00 [INF] User logged in.
2025-09-24 17:41:35.347 +02:00 [INF] Executed handler method OnPostAsync, returned result Microsoft.AspNetCore.Mvc.LocalRedirectResult.
2025-09-24 17:41:35.347 +02:00 [INF] Executing LocalRedirectResult, redirecting to /.
2025-09-24 17:41:35.347 +02:00 [INF] Executed page /Account/Login in 81.2924ms
2025-09-24 17:41:35.347 +02:00 [INF] Executed endpoint '/Account/Login'
2025-09-24 17:41:35.347 +02:00 [INF] Request finished HTTP/1.1 POST http://localhost:5094/Identity/Account/Login - 302 0 null 83.2087ms
2025-09-24 17:41:35.352 +02:00 [INF] Request starting HTTP/1.1 GET http://localhost:5094/ - null null
2025-09-24 17:41:35.352 +02:00 [INF] Executing endpoint 'MyShop.Controllers.HomeController.Index (MyShop)'
2025-09-24 17:41:35.352 +02:00 [INF] Route matched with {action = "Index", controller = "Home", page = "", area = ""}. Executing controller action with signature Microsoft.AspNetCore.Mvc.IActionResult Index() on controller MyShop.Controllers.HomeController (MyShop).
2025-09-24 17:41:35.353 +02:00 [INF] Executing ViewResult, running view Index.
2025-09-24 17:41:35.353 +02:00 [INF] Executed ViewResult - view Index executed in 0.4331ms.
2025-09-24 17:41:35.353 +02:00 [INF] Executed action MyShop.Controllers.HomeController.Index (MyShop) in 0.5072ms
2025-09-24 17:41:35.353 +02:00 [INF] Executed endpoint 'MyShop.Controllers.HomeController.Index (MyShop)'
2025-09-24 17:41:35.353 +02:00 [INF] Request finished HTTP/1.1 GET http://localhost:5094/ - 200 null text/html; charset=utf-8 0.9592ms
2025-09-24 17:42:01.716 +02:00 [INF] Request starting HTTP/1.1 GET http://localhost:5094/ - null null
2025-09-24 17:42:01.726 +02:00 [INF] Executing endpoint 'MyShop.Controllers.HomeController.Index (MyShop)'
2025-09-24 17:42:01.726 +02:00 [INF] Route matched with {action = "Index", controller = "Home", page = "", area = ""}. Executing controller action with signature Microsoft.AspNetCore.Mvc.IActionResult Index() on controller MyShop.Controllers.HomeController (MyShop).
2025-09-24 17:42:01.727 +02:00 [INF] Executing ViewResult, running view Index.
2025-09-24 17:42:01.732 +02:00 [INF] Executed ViewResult - view Index executed in 4.8041ms.
2025-09-24 17:42:01.732 +02:00 [INF] Executed action MyShop.Controllers.HomeController.Index (MyShop) in 5.3325ms
2025-09-24 17:42:01.732 +02:00 [INF] Executed endpoint 'MyShop.Controllers.HomeController.Index (MyShop)'
2025-09-24 17:42:01.732 +02:00 [INF] Request finished HTTP/1.1 GET http://localhost:5094/ - 200 null text/html; charset=utf-8 15.9877ms
2025-09-24 17:44:47.853 +02:00 [INF] Request starting HTTP/1.1 POST http://localhost:5094/Identity/Account/Logout?returnUrl=%2F - application/x-www-form-urlencoded 225
2025-09-24 17:44:47.862 +02:00 [INF] Executing endpoint '/Account/Logout'
2025-09-24 17:44:47.869 +02:00 [INF] Route matched with {page = "/Account/Logout", area = "Identity", action = "", controller = ""}. Executing page /Account/Logout
2025-09-24 17:44:47.874 +02:00 [INF] Executing handler method MyShop.Areas.Identity.Pages.Account.LogoutModel.OnPost - ModelState is "Valid"
2025-09-24 17:44:47.876 +02:00 [INF] AuthenticationScheme: Identity.Application signed out.
2025-09-24 17:44:47.876 +02:00 [INF] AuthenticationScheme: Identity.External signed out.
2025-09-24 17:44:47.876 +02:00 [INF] AuthenticationScheme: Identity.TwoFactorUserId signed out.
2025-09-24 17:44:47.878 +02:00 [INF] User logged out.
2025-09-24 17:44:47.878 +02:00 [INF] Executed handler method OnPost, returned result Microsoft.AspNetCore.Mvc.LocalRedirectResult.
2025-09-24 17:44:47.878 +02:00 [INF] Executing LocalRedirectResult, redirecting to /.
2025-09-24 17:44:47.878 +02:00 [INF] Executed page /Account/Logout in 8.9228ms
2025-09-24 17:44:47.878 +02:00 [INF] Executed endpoint '/Account/Logout'
2025-09-24 17:44:47.878 +02:00 [INF] Request finished HTTP/1.1 POST http://localhost:5094/Identity/Account/Logout?returnUrl=%2F - 302 0 null 25.2696ms
2025-09-24 17:44:47.882 +02:00 [INF] Request starting HTTP/1.1 GET http://localhost:5094/ - null null
2025-09-24 17:44:47.882 +02:00 [INF] Executing endpoint 'MyShop.Controllers.HomeController.Index (MyShop)'
2025-09-24 17:44:47.882 +02:00 [INF] Route matched with {action = "Index", controller = "Home", page = "", area = ""}. Executing controller action with signature Microsoft.AspNetCore.Mvc.IActionResult Index() on controller MyShop.Controllers.HomeController (MyShop).
2025-09-24 17:44:47.883 +02:00 [INF] Executing ViewResult, running view Index.
2025-09-24 17:44:47.885 +02:00 [INF] Executed ViewResult - view Index executed in 2.7563ms.
2025-09-24 17:44:47.885 +02:00 [INF] Executed action MyShop.Controllers.HomeController.Index (MyShop) in 3.0472ms
2025-09-24 17:44:47.885 +02:00 [INF] Executed endpoint 'MyShop.Controllers.HomeController.Index (MyShop)'
2025-09-24 17:44:47.885 +02:00 [INF] Request finished HTTP/1.1 GET http://localhost:5094/ - 200 null text/html; charset=utf-8 3.6076ms
2025-09-24 17:44:47.910 +02:00 [INF] Request starting HTTP/1.1 GET http://localhost:5094/js/jquery.validate.js?v=kRL82372ur5YrVTjFWp9muao9yeU8AoLiJxSb5ekmHg - null null
2025-09-24 17:44:47.910 +02:00 [INF] Request starting HTTP/1.1 GET http://localhost:5094/js/jquery.validate.unobtrusive.js - null null
2025-09-24 17:44:47.915 +02:00 [INF] The file /js/jquery.validate.unobtrusive.js was not modified
2025-09-24 17:44:47.915 +02:00 [INF] The file /js/jquery.validate.js was not modified
2025-09-24 17:44:47.916 +02:00 [INF] Request finished HTTP/1.1 GET http://localhost:5094/js/jquery.validate.js?v=kRL82372ur5YrVTjFWp9muao9yeU8AoLiJxSb5ekmHg - 304 null text/javascript 5.4567ms
2025-09-24 17:44:47.916 +02:00 [INF] Request finished HTTP/1.1 GET http://localhost:5094/js/jquery.validate.unobtrusive.js - 304 null text/javascript 5.2866ms
2025-09-24 17:44:50.368 +02:00 [INF] Request starting HTTP/1.1 GET http://localhost:5094/Identity/Account/Login - null null
2025-09-24 17:44:50.368 +02:00 [INF] Executing endpoint '/Account/Login'
2025-09-24 17:44:50.369 +02:00 [INF] Route matched with {page = "/Account/Login", area = "Identity", action = "", controller = ""}. Executing page /Account/Login
2025-09-24 17:44:50.370 +02:00 [INF] Executing handler method MyShop.Areas.Identity.Pages.Account.LoginModel.OnGetAsync - ModelState is "Valid"
2025-09-24 17:44:50.370 +02:00 [INF] AuthenticationScheme: Identity.External signed out.
2025-09-24 17:44:50.370 +02:00 [INF] Executed handler method OnGetAsync, returned result .
2025-09-24 17:44:50.370 +02:00 [INF] Executing an implicit handler method - ModelState is "Valid"
2025-09-24 17:44:50.370 +02:00 [INF] Executed an implicit handler method, returned result Microsoft.AspNetCore.Mvc.RazorPages.PageResult.
2025-09-24 17:44:50.374 +02:00 [INF] Executed page /Account/Login in 5.3772ms
2025-09-24 17:44:50.374 +02:00 [INF] Executed endpoint '/Account/Login'
2025-09-24 17:44:50.374 +02:00 [INF] Request finished HTTP/1.1 GET http://localhost:5094/Identity/Account/Login - 200 null text/html; charset=utf-8 6.6903ms
2025-09-24 17:44:50.393 +02:00 [INF] Request starting HTTP/1.1 GET http://localhost:5094/lib/jquery-validation/dist/jquery.validate.min.js - null null
2025-09-24 17:44:50.394 +02:00 [INF] Request starting HTTP/1.1 GET http://localhost:5094/lib/jquery-validation-unobtrusive/jquery.validate.unobtrusive.min.js - null null
2025-09-24 17:44:50.394 +02:00 [INF] Request finished HTTP/1.1 GET http://localhost:5094/lib/jquery-validation-unobtrusive/jquery.validate.unobtrusive.min.js - 404 0 null 0.4775ms
2025-09-24 17:44:50.394 +02:00 [INF] Request finished HTTP/1.1 GET http://localhost:5094/lib/jquery-validation/dist/jquery.validate.min.js - 404 0 null 1.3293ms
2025-09-24 17:44:50.394 +02:00 [INF] Request reached the end of the middleware pipeline without being handled by application code. Request path: GET http://localhost:5094/lib/jquery-validation/dist/jquery.validate.min.js, Response status code: 404
2025-09-24 17:44:50.394 +02:00 [INF] Request reached the end of the middleware pipeline without being handled by application code. Request path: GET http://localhost:5094/lib/jquery-validation-unobtrusive/jquery.validate.unobtrusive.min.js, Response status code: 404
2025-09-24 17:44:57.430 +02:00 [INF] Request starting HTTP/1.1 POST http://localhost:5094/Identity/Account/Login - application/x-www-form-urlencoded 258
2025-09-24 17:44:57.431 +02:00 [INF] Executing endpoint '/Account/Login'
2025-09-24 17:44:57.431 +02:00 [INF] Route matched with {page = "/Account/Login", area = "Identity", action = "", controller = ""}. Executing page /Account/Login
2025-09-24 17:44:57.433 +02:00 [INF] Executing handler method MyShop.Areas.Identity.Pages.Account.LoginModel.OnPostAsync - ModelState is "Valid"
2025-09-24 17:44:57.500 +02:00 [INF] AuthenticationScheme: Identity.Application signed in.
2025-09-24 17:44:57.500 +02:00 [INF] User logged in.
2025-09-24 17:44:57.500 +02:00 [INF] Executed handler method OnPostAsync, returned result Microsoft.AspNetCore.Mvc.LocalRedirectResult.
2025-09-24 17:44:57.501 +02:00 [INF] Executing LocalRedirectResult, redirecting to /.
2025-09-24 17:44:57.501 +02:00 [INF] Executed page /Account/Login in 69.4422ms
2025-09-24 17:44:57.501 +02:00 [INF] Executed endpoint '/Account/Login'
2025-09-24 17:44:57.501 +02:00 [INF] Request finished HTTP/1.1 POST http://localhost:5094/Identity/Account/Login - 302 0 null 70.9074ms
2025-09-24 17:44:57.526 +02:00 [INF] Request starting HTTP/1.1 GET http://localhost:5094/ - null null
2025-09-24 17:44:57.527 +02:00 [INF] Executing endpoint 'MyShop.Controllers.HomeController.Index (MyShop)'
2025-09-24 17:44:57.527 +02:00 [INF] Route matched with {action = "Index", controller = "Home", page = "", area = ""}. Executing controller action with signature Microsoft.AspNetCore.Mvc.IActionResult Index() on controller MyShop.Controllers.HomeController (MyShop).
2025-09-24 17:44:57.527 +02:00 [INF] Executing ViewResult, running view Index.
2025-09-24 17:44:57.527 +02:00 [INF] Executed ViewResult - view Index executed in 0.5122ms.
2025-09-24 17:44:57.527 +02:00 [INF] Executed action MyShop.Controllers.HomeController.Index (MyShop) in 0.5721ms
2025-09-24 17:44:57.527 +02:00 [INF] Executed endpoint 'MyShop.Controllers.HomeController.Index (MyShop)'
2025-09-24 17:44:57.527 +02:00 [INF] Request finished HTTP/1.1 GET http://localhost:5094/ - 200 null text/html; charset=utf-8 1.0464ms
2025-09-24 17:57:53.792 +02:00 [INF] User profile is available. Using '/Users/alexanderhoyskel/.aspnet/DataProtection-Keys' as key repository; keys will not be encrypted at rest.
2025-09-24 17:57:54.030 +02:00 [INF] Now listening on: http://localhost:5094
2025-09-24 17:57:54.047 +02:00 [INF] Application started. Press Ctrl+C to shut down.
2025-09-24 17:57:54.053 +02:00 [INF] Hosting environment: Development
2025-09-24 17:57:54.055 +02:00 [INF] Content root path: /Users/alexanderhoyskel/VSCode/OsloMet/ITPE3200/MyShop
2025-09-24 17:57:54.792 +02:00 [INF] Request starting HTTP/1.1 GET http://localhost:5094/ - null null
2025-09-24 17:57:55.244 +02:00 [INF] Executing endpoint 'MyShop.Controllers.HomeController.Index (MyShop)'
2025-09-24 17:57:55.772 +02:00 [INF] Route matched with {action = "Index", controller = "Home", page = "", area = ""}. Executing controller action with signature Microsoft.AspNetCore.Mvc.IActionResult Index() on controller MyShop.Controllers.HomeController (MyShop).
2025-09-24 17:57:55.780 +02:00 [INF] Executing ViewResult, running view Index.
2025-09-24 17:57:56.172 +02:00 [INF] Executed ViewResult - view Index executed in 394.4682ms.
2025-09-24 17:57:56.175 +02:00 [INF] Executed action MyShop.Controllers.HomeController.Index (MyShop) in 402.2052ms
2025-09-24 17:57:56.175 +02:00 [INF] Executed endpoint 'MyShop.Controllers.HomeController.Index (MyShop)'
2025-09-24 17:57:56.179 +02:00 [INF] Request finished HTTP/1.1 GET http://localhost:5094/ - 200 null text/html; charset=utf-8 1388.0654ms
2025-09-24 17:57:56.257 +02:00 [INF] Request starting HTTP/1.1 GET http://localhost:5094/js/jquery.validate.js?v=kRL82372ur5YrVTjFWp9muao9yeU8AoLiJxSb5ekmHg - null null
2025-09-24 17:57:56.263 +02:00 [INF] Request starting HTTP/1.1 GET http://localhost:5094/js/jquery.validate.unobtrusive.js - null null
2025-09-24 17:57:56.267 +02:00 [INF] The file /js/jquery.validate.unobtrusive.js was not modified
2025-09-24 17:57:56.267 +02:00 [INF] The file /js/jquery.validate.js was not modified
2025-09-24 17:57:56.268 +02:00 [INF] Request finished HTTP/1.1 GET http://localhost:5094/js/jquery.validate.unobtrusive.js - 304 null text/javascript 5.199ms
2025-09-24 17:57:56.268 +02:00 [INF] Request finished HTTP/1.1 GET http://localhost:5094/js/jquery.validate.js?v=kRL82372ur5YrVTjFWp9muao9yeU8AoLiJxSb5ekmHg - 304 null text/javascript 11.6344ms
2025-09-24 17:58:00.276 +02:00 [INF] Request starting HTTP/1.1 GET http://localhost:5094/ - null null
2025-09-24 17:58:00.287 +02:00 [INF] Executing endpoint 'MyShop.Controllers.HomeController.Index (MyShop)'
2025-09-24 17:58:00.288 +02:00 [INF] Route matched with {action = "Index", controller = "Home", page = "", area = ""}. Executing controller action with signature Microsoft.AspNetCore.Mvc.IActionResult Index() on controller MyShop.Controllers.HomeController (MyShop).
2025-09-24 17:58:00.289 +02:00 [INF] Executing ViewResult, running view Index.
2025-09-24 17:58:00.295 +02:00 [INF] Executed ViewResult - view Index executed in 6.2093ms.
2025-09-24 17:58:00.295 +02:00 [INF] Executed action MyShop.Controllers.HomeController.Index (MyShop) in 7.286ms
2025-09-24 17:58:00.295 +02:00 [INF] Executed endpoint 'MyShop.Controllers.HomeController.Index (MyShop)'
2025-09-24 17:58:00.296 +02:00 [INF] Request finished HTTP/1.1 GET http://localhost:5094/ - 200 null text/html; charset=utf-8 19.6336ms
2025-09-24 17:58:01.617 +02:00 [INF] Request starting HTTP/1.1 GET http://localhost:5094/Item/Table - null null
2025-09-24 17:58:01.636 +02:00 [INF] Executing endpoint 'MyShop.Controllers.ItemController.Table (MyShop)'
2025-09-24 17:58:01.643 +02:00 [INF] Route matched with {action = "Table", controller = "Item", page = "", area = ""}. Executing controller action with signature System.Threading.Tasks.Task`1[Microsoft.AspNetCore.Mvc.IActionResult] Table() on controller MyShop.Controllers.ItemController (MyShop).
2025-09-24 17:58:01.728 +02:00 [INF] Executing ViewResult, running view Table.
2025-09-24 17:58:01.736 +02:00 [INF] Executed ViewResult - view Table executed in 8.0968ms.
2025-09-24 17:58:01.736 +02:00 [INF] Executed action MyShop.Controllers.ItemController.Table (MyShop) in 93.1196ms
2025-09-24 17:58:01.736 +02:00 [INF] Executed endpoint 'MyShop.Controllers.ItemController.Table (MyShop)'
2025-09-24 17:58:01.738 +02:00 [INF] Request finished HTTP/1.1 GET http://localhost:5094/Item/Table - 200 null text/html; charset=utf-8 121.6135ms
2025-09-24 17:58:03.304 +02:00 [INF] Request starting HTTP/1.1 GET http://localhost:5094/Item/Create - null null
2025-09-24 17:58:03.318 +02:00 [INF] Executing endpoint 'MyShop.Controllers.ItemController.Create (MyShop)'
2025-09-24 17:58:03.320 +02:00 [INF] Route matched with {action = "Create", controller = "Item", page = "", area = ""}. Executing controller action with signature Microsoft.AspNetCore.Mvc.IActionResult Create() on controller MyShop.Controllers.ItemController (MyShop).
2025-09-24 17:58:03.321 +02:00 [INF] Executing ViewResult, running view Create.
2025-09-24 17:58:03.366 +02:00 [INF] Executed ViewResult - view Create executed in 45.3614ms.
2025-09-24 17:58:03.366 +02:00 [INF] Executed action MyShop.Controllers.ItemController.Create (MyShop) in 45.9144ms
2025-09-24 17:58:03.366 +02:00 [INF] Executed endpoint 'MyShop.Controllers.ItemController.Create (MyShop)'
2025-09-24 17:58:03.367 +02:00 [INF] Request finished HTTP/1.1 GET http://localhost:5094/Item/Create - 200 null text/html; charset=utf-8 62.5013ms
2025-09-24 17:58:06.614 +02:00 [INF] Request starting HTTP/1.1 POST http://localhost:5094/Identity/Account/Logout?returnUrl=%2F - application/x-www-form-urlencoded 225
2025-09-24 17:58:06.618 +02:00 [INF] Executing endpoint '/Account/Logout'
2025-09-24 17:58:06.640 +02:00 [INF] Route matched with {page = "/Account/Logout", area = "Identity", action = "", controller = ""}. Executing page /Account/Logout
2025-09-24 17:58:06.660 +02:00 [INF] Executing handler method MyShop.Areas.Identity.Pages.Account.LogoutModel.OnPost - ModelState is "Valid"
2025-09-24 17:58:06.669 +02:00 [INF] AuthenticationScheme: Identity.Application signed out.
2025-09-24 17:58:06.670 +02:00 [INF] AuthenticationScheme: Identity.External signed out.
2025-09-24 17:58:06.670 +02:00 [INF] AuthenticationScheme: Identity.TwoFactorUserId signed out.
2025-09-24 17:58:06.670 +02:00 [INF] User logged out.
2025-09-24 17:58:06.671 +02:00 [INF] Executed handler method OnPost, returned result Microsoft.AspNetCore.Mvc.LocalRedirectResult.
2025-09-24 17:58:06.671 +02:00 [INF] Executing LocalRedirectResult, redirecting to /.
2025-09-24 17:58:06.671 +02:00 [INF] Executed page /Account/Logout in 31.1629ms
2025-09-24 17:58:06.671 +02:00 [INF] Executed endpoint '/Account/Logout'
2025-09-24 17:58:06.671 +02:00 [INF] Request finished HTTP/1.1 POST http://localhost:5094/Identity/Account/Logout?returnUrl=%2F - 302 0 null 57.5585ms
2025-09-24 17:58:06.686 +02:00 [INF] Request starting HTTP/1.1 GET http://localhost:5094/ - null null
2025-09-24 17:58:06.686 +02:00 [INF] Executing endpoint 'MyShop.Controllers.HomeController.Index (MyShop)'
2025-09-24 17:58:06.686 +02:00 [INF] Route matched with {action = "Index", controller = "Home", page = "", area = ""}. Executing controller action with signature Microsoft.AspNetCore.Mvc.IActionResult Index() on controller MyShop.Controllers.HomeController (MyShop).
2025-09-24 17:58:06.686 +02:00 [INF] Executing ViewResult, running view Index.
2025-09-24 17:58:06.687 +02:00 [INF] Executed ViewResult - view Index executed in 1.03ms.
2025-09-24 17:58:06.687 +02:00 [INF] Executed action MyShop.Controllers.HomeController.Index (MyShop) in 1.0986ms
2025-09-24 17:58:06.687 +02:00 [INF] Executed endpoint 'MyShop.Controllers.HomeController.Index (MyShop)'
2025-09-24 17:58:06.687 +02:00 [INF] Request finished HTTP/1.1 GET http://localhost:5094/ - 200 null text/html; charset=utf-8 1.4624ms
2025-09-24 17:58:08.199 +02:00 [INF] Request starting HTTP/1.1 GET http://localhost:5094/Item/Table - null null
2025-09-24 17:58:08.199 +02:00 [INF] Executing endpoint 'MyShop.Controllers.ItemController.Table (MyShop)'
2025-09-24 17:58:08.200 +02:00 [INF] Route matched with {action = "Table", controller = "Item", page = "", area = ""}. Executing controller action with signature System.Threading.Tasks.Task`1[Microsoft.AspNetCore.Mvc.IActionResult] Table() on controller MyShop.Controllers.ItemController (MyShop).
2025-09-24 17:58:08.243 +02:00 [INF] Executing ViewResult, running view Table.
2025-09-24 17:58:08.245 +02:00 [INF] Executed ViewResult - view Table executed in 1.8598ms.
2025-09-24 17:58:08.245 +02:00 [INF] Executed action MyShop.Controllers.ItemController.Table (MyShop) in 45.2348ms
2025-09-24 17:58:08.245 +02:00 [INF] Executed endpoint 'MyShop.Controllers.ItemController.Table (MyShop)'
2025-09-24 17:58:08.245 +02:00 [INF] Request finished HTTP/1.1 GET http://localhost:5094/Item/Table - 200 null text/html; charset=utf-8 46.784ms
2025-09-24 17:58:09.401 +02:00 [INF] Request starting HTTP/1.1 GET http://localhost:5094/Item/Create - null null
2025-09-24 17:58:09.404 +02:00 [INF] Authorization failed. These requirements were not met:
DenyAnonymousAuthorizationRequirement: Requires an authenticated user.
2025-09-24 17:58:09.409 +02:00 [INF] AuthenticationScheme: Identity.Application was challenged.
2025-09-24 17:58:09.409 +02:00 [INF] Request finished HTTP/1.1 GET http://localhost:5094/Item/Create - 302 0 null 7.767ms
2025-09-24 17:58:09.415 +02:00 [INF] Request starting HTTP/1.1 GET http://localhost:5094/Identity/Account/Login?ReturnUrl=%2FItem%2FCreate - null null
2025-09-24 17:58:09.420 +02:00 [INF] Executing endpoint '/Account/Login'
2025-09-24 17:58:09.427 +02:00 [INF] Route matched with {page = "/Account/Login", area = "Identity", action = "", controller = ""}. Executing page /Account/Login
2025-09-24 17:58:09.429 +02:00 [INF] Executing handler method MyShop.Areas.Identity.Pages.Account.LoginModel.OnGetAsync - ModelState is "Valid"
2025-09-24 17:58:09.433 +02:00 [INF] AuthenticationScheme: Identity.External signed out.
2025-09-24 17:58:09.434 +02:00 [INF] Executed handler method OnGetAsync, returned result .
2025-09-24 17:58:09.436 +02:00 [INF] Executing an implicit handler method - ModelState is "Valid"
2025-09-24 17:58:09.437 +02:00 [INF] Executed an implicit handler method, returned result Microsoft.AspNetCore.Mvc.RazorPages.PageResult.
2025-09-24 17:58:09.458 +02:00 [INF] Executed page /Account/Login in 30.8351ms
2025-09-24 17:58:09.458 +02:00 [INF] Executed endpoint '/Account/Login'
2025-09-24 17:58:09.458 +02:00 [INF] Request finished HTTP/1.1 GET http://localhost:5094/Identity/Account/Login?ReturnUrl=%2FItem%2FCreate - 200 null text/html; charset=utf-8 43.3299ms
2025-09-24 17:58:09.493 +02:00 [INF] Request starting HTTP/1.1 GET http://localhost:5094/lib/jquery-validation/dist/jquery.validate.min.js - null null
2025-09-24 17:58:09.518 +02:00 [INF] Request starting HTTP/1.1 GET http://localhost:5094/lib/jquery-validation-unobtrusive/jquery.validate.unobtrusive.min.js - null null
2025-09-24 17:58:09.518 +02:00 [INF] Request finished HTTP/1.1 GET http://localhost:5094/lib/jquery-validation-unobtrusive/jquery.validate.unobtrusive.min.js - 404 0 null 0.8581ms
2025-09-24 17:58:09.518 +02:00 [INF] Request finished HTTP/1.1 GET http://localhost:5094/lib/jquery-validation/dist/jquery.validate.min.js - 404 0 null 25.7136ms
2025-09-24 17:58:09.519 +02:00 [INF] Request reached the end of the middleware pipeline without being handled by application code. Request path: GET http://localhost:5094/lib/jquery-validation/dist/jquery.validate.min.js, Response status code: 404
2025-09-24 17:58:09.520 +02:00 [INF] Request reached the end of the middleware pipeline without being handled by application code. Request path: GET http://localhost:5094/lib/jquery-validation-unobtrusive/jquery.validate.unobtrusive.min.js, Response status code: 404
2025-09-24 17:58:14.785 +02:00 [INF] Request starting HTTP/1.1 GET http://localhost:5094/Customer/Table - null null
2025-09-24 17:58:14.788 +02:00 [INF] Executing endpoint 'MyShop.Controllers.CustomerController.Table (MyShop)'
2025-09-24 17:58:14.793 +02:00 [INF] Route matched with {action = "Table", controller = "Customer", page = "", area = ""}. Executing controller action with signature System.Threading.Tasks.Task`1[Microsoft.AspNetCore.Mvc.IActionResult] Table() on controller MyShop.Controllers.CustomerController (MyShop).
2025-09-24 17:58:14.816 +02:00 [INF] Executing ViewResult, running view Table.
2025-09-24 17:58:14.845 +02:00 [INF] Executed ViewResult - view Table executed in 29.3757ms.
2025-09-24 17:58:14.845 +02:00 [INF] Executed action MyShop.Controllers.CustomerController.Table (MyShop) in 51.5141ms
2025-09-24 17:58:14.845 +02:00 [INF] Executed endpoint 'MyShop.Controllers.CustomerController.Table (MyShop)'
2025-09-24 17:58:14.845 +02:00 [INF] Request finished HTTP/1.1 GET http://localhost:5094/Customer/Table - 200 null text/html; charset=utf-8 59.7457ms
2025-09-24 17:58:16.298 +02:00 [INF] Request starting HTTP/1.1 GET http://localhost:5094/Order/Table - null null
2025-09-24 17:58:16.299 +02:00 [INF] Executing endpoint 'MyShop.Controllers.OrderController.Table (MyShop)'
2025-09-24 17:58:16.303 +02:00 [INF] Route matched with {action = "Table", controller = "Order", page = "", area = ""}. Executing controller action with signature System.Threading.Tasks.Task`1[Microsoft.AspNetCore.Mvc.IActionResult] Table() on controller MyShop.Controllers.OrderController (MyShop).
2025-09-24 17:58:16.320 +02:00 [INF] Executing ViewResult, running view Table.
2025-09-24 17:58:16.373 +02:00 [INF] Executed ViewResult - view Table executed in 53.6235ms.
2025-09-24 17:58:16.373 +02:00 [INF] Executed action MyShop.Controllers.OrderController.Table (MyShop) in 69.69ms
2025-09-24 17:58:16.373 +02:00 [INF] Executed endpoint 'MyShop.Controllers.OrderController.Table (MyShop)'
2025-09-24 17:58:16.374 +02:00 [INF] Request finished HTTP/1.1 GET http://localhost:5094/Order/Table - 200 null text/html; charset=utf-8 75.8042ms
2025-09-24 17:58:17.267 +02:00 [INF] Request starting HTTP/1.1 GET http://localhost:5094/Order/CreateOrderItem - null null
2025-09-24 17:58:17.271 +02:00 [INF] Authorization failed. These requirements were not met:
DenyAnonymousAuthorizationRequirement: Requires an authenticated user.
2025-09-24 17:58:17.272 +02:00 [INF] AuthenticationScheme: Identity.Application was challenged.
2025-09-24 17:58:17.272 +02:00 [INF] Request finished HTTP/1.1 GET http://localhost:5094/Order/CreateOrderItem - 302 0 null 5.1833ms
2025-09-24 17:58:17.276 +02:00 [INF] Request starting HTTP/1.1 GET http://localhost:5094/Identity/Account/Login?ReturnUrl=%2FOrder%2FCreateOrderItem - null null
2025-09-24 17:58:17.276 +02:00 [INF] Executing endpoint '/Account/Login'
2025-09-24 17:58:17.277 +02:00 [INF] Route matched with {page = "/Account/Login", area = "Identity", action = "", controller = ""}. Executing page /Account/Login
2025-09-24 17:58:17.277 +02:00 [INF] Executing handler method MyShop.Areas.Identity.Pages.Account.LoginModel.OnGetAsync - ModelState is "Valid"
2025-09-24 17:58:17.277 +02:00 [INF] AuthenticationScheme: Identity.External signed out.
2025-09-24 17:58:17.277 +02:00 [INF] Executed handler method OnGetAsync, returned result .
2025-09-24 17:58:17.277 +02:00 [INF] Executing an implicit handler method - ModelState is "Valid"
2025-09-24 17:58:17.277 +02:00 [INF] Executed an implicit handler method, returned result Microsoft.AspNetCore.Mvc.RazorPages.PageResult.
2025-09-24 17:58:17.279 +02:00 [INF] Executed page /Account/Login in 2.8514ms
2025-09-24 17:58:17.280 +02:00 [INF] Executed endpoint '/Account/Login'
2025-09-24 17:58:17.280 +02:00 [INF] Request finished HTTP/1.1 GET http://localhost:5094/Identity/Account/Login?ReturnUrl=%2FOrder%2FCreateOrderItem - 200 null text/html; charset=utf-8 3.4992ms
2025-09-24 17:58:17.301 +02:00 [INF] Request starting HTTP/1.1 GET http://localhost:5094/lib/jquery-validation/dist/jquery.validate.min.js - null null
2025-09-24 17:58:17.351 +02:00 [INF] Request starting HTTP/1.1 GET http://localhost:5094/lib/jquery-validation-unobtrusive/jquery.validate.unobtrusive.min.js - null null
2025-09-24 17:58:17.351 +02:00 [INF] Request finished HTTP/1.1 GET http://localhost:5094/lib/jquery-validation/dist/jquery.validate.min.js - 404 0 null 50.0129ms
2025-09-24 17:58:17.352 +02:00 [INF] Request reached the end of the middleware pipeline without being handled by application code. Request path: GET http://localhost:5094/lib/jquery-validation/dist/jquery.validate.min.js, Response status code: 404
2025-09-24 17:58:17.352 +02:00 [INF] Request finished HTTP/1.1 GET http://localhost:5094/lib/jquery-validation-unobtrusive/jquery.validate.unobtrusive.min.js - 404 0 null 0.5687ms
2025-09-24 17:58:17.352 +02:00 [INF] Request reached the end of the middleware pipeline without being handled by application code. Request path: GET http://localhost:5094/lib/jquery-validation-unobtrusive/jquery.validate.unobtrusive.min.js, Response status code: 404
2025-09-24 17:58:18.708 +02:00 [INF] Request starting HTTP/1.1 GET http://localhost:5094/Customer/Table - null null
2025-09-24 17:58:18.710 +02:00 [INF] Executing endpoint 'MyShop.Controllers.CustomerController.Table (MyShop)'
2025-09-24 17:58:18.710 +02:00 [INF] Route matched with {action = "Table", controller = "Customer", page = "", area = ""}. Executing controller action with signature System.Threading.Tasks.Task`1[Microsoft.AspNetCore.Mvc.IActionResult] Table() on controller MyShop.Controllers.CustomerController (MyShop).
2025-09-24 17:58:18.719 +02:00 [INF] Executing ViewResult, running view Table.
2025-09-24 17:58:18.729 +02:00 [INF] Executed ViewResult - view Table executed in 10.6834ms.
2025-09-24 17:58:18.729 +02:00 [INF] Executed action MyShop.Controllers.CustomerController.Table (MyShop) in 18.9352ms
2025-09-24 17:58:18.729 +02:00 [INF] Executed endpoint 'MyShop.Controllers.CustomerController.Table (MyShop)'
2025-09-24 17:58:18.730 +02:00 [INF] Request finished HTTP/1.1 GET http://localhost:5094/Customer/Table - 200 null text/html; charset=utf-8 21.4505ms
2025-09-24 17:58:19.146 +02:00 [INF] Request starting HTTP/1.1 GET http://localhost:5094/Item/Table - null null
2025-09-24 17:58:19.146 +02:00 [INF] Executing endpoint 'MyShop.Controllers.ItemController.Table (MyShop)'
2025-09-24 17:58:19.147 +02:00 [INF] Route matched with {action = "Table", controller = "Item", page = "", area = ""}. Executing controller action with signature System.Threading.Tasks.Task`1[Microsoft.AspNetCore.Mvc.IActionResult] Table() on controller MyShop.Controllers.ItemController (MyShop).
2025-09-24 17:58:19.152 +02:00 [INF] Executing ViewResult, running view Table.
2025-09-24 17:58:19.157 +02:00 [INF] Executed ViewResult - view Table executed in 4.3502ms.
2025-09-24 17:58:19.157 +02:00 [INF] Executed action MyShop.Controllers.ItemController.Table (MyShop) in 10.2746ms
2025-09-24 17:58:19.157 +02:00 [INF] Executed endpoint 'MyShop.Controllers.ItemController.Table (MyShop)'
2025-09-24 17:58:19.167 +02:00 [INF] Request finished HTTP/1.1 GET http://localhost:5094/Item/Table - 200 null text/html; charset=utf-8 20.9988ms
2025-09-24 17:58:21.399 +02:00 [INF] Request starting HTTP/1.1 GET http://localhost:5094/Item/Create - null null
2025-09-24 17:58:21.400 +02:00 [INF] Authorization failed. These requirements were not met:
DenyAnonymousAuthorizationRequirement: Requires an authenticated user.
2025-09-24 17:58:21.400 +02:00 [INF] AuthenticationScheme: Identity.Application was challenged.
2025-09-24 17:58:21.401 +02:00 [INF] Request finished HTTP/1.1 GET http://localhost:5094/Item/Create - 302 0 null 1.3499ms
2025-09-24 17:58:21.404 +02:00 [INF] Request starting HTTP/1.1 GET http://localhost:5094/Identity/Account/Login?ReturnUrl=%2FItem%2FCreate - null null
2025-09-24 17:58:21.405 +02:00 [INF] Executing endpoint '/Account/Login'
2025-09-24 17:58:21.405 +02:00 [INF] Route matched with {page = "/Account/Login", area = "Identity", action = "", controller = ""}. Executing page /Account/Login
2025-09-24 17:58:21.406 +02:00 [INF] Executing handler method MyShop.Areas.Identity.Pages.Account.LoginModel.OnGetAsync - ModelState is "Valid"
2025-09-24 17:58:21.406 +02:00 [INF] AuthenticationScheme: Identity.External signed out.
2025-09-24 17:58:21.406 +02:00 [INF] Executed handler method OnGetAsync, returned result .
2025-09-24 17:58:21.406 +02:00 [INF] Executing an implicit handler method - ModelState is "Valid"
2025-09-24 17:58:21.406 +02:00 [INF] Executed an implicit handler method, returned result Microsoft.AspNetCore.Mvc.RazorPages.PageResult.
2025-09-24 17:58:21.408 +02:00 [INF] Executed page /Account/Login in 3.1955ms
2025-09-24 17:58:21.409 +02:00 [INF] Executed endpoint '/Account/Login'
2025-09-24 17:58:21.409 +02:00 [INF] Request finished HTTP/1.1 GET http://localhost:5094/Identity/Account/Login?ReturnUrl=%2FItem%2FCreate - 200 null text/html; charset=utf-8 4.1447ms
2025-09-24 17:58:21.430 +02:00 [INF] Request starting HTTP/1.1 GET http://localhost:5094/lib/jquery-validation/dist/jquery.validate.min.js - null null
2025-09-24 17:58:21.430 +02:00 [INF] Request starting HTTP/1.1 GET http://localhost:5094/lib/jquery-validation-unobtrusive/jquery.validate.unobtrusive.min.js - null null
2025-09-24 17:58:21.431 +02:00 [INF] Request finished HTTP/1.1 GET http://localhost:5094/lib/jquery-validation/dist/jquery.validate.min.js - 404 0 null 0.9832ms
2025-09-24 17:58:21.431 +02:00 [INF] Request finished HTTP/1.1 GET http://localhost:5094/lib/jquery-validation-unobtrusive/jquery.validate.unobtrusive.min.js - 404 0 null 0.2076ms
2025-09-24 17:58:21.431 +02:00 [INF] Request reached the end of the middleware pipeline without being handled by application code. Request path: GET http://localhost:5094/lib/jquery-validation/dist/jquery.validate.min.js, Response status code: 404
2025-09-24 17:58:21.431 +02:00 [INF] Request reached the end of the middleware pipeline without being handled by application code. Request path: GET http://localhost:5094/lib/jquery-validation-unobtrusive/jquery.validate.unobtrusive.min.js, Response status code: 404
2025-09-24 17:58:22.704 +02:00 [INF] Request starting HTTP/1.1 GET http://localhost:5094/Customer/Table - null null
2025-09-24 17:58:22.705 +02:00 [INF] Executing endpoint 'MyShop.Controllers.CustomerController.Table (MyShop)'
2025-09-24 17:58:22.705 +02:00 [INF] Route matched with {action = "Table", controller = "Customer", page = "", area = ""}. Executing controller action with signature System.Threading.Tasks.Task`1[Microsoft.AspNetCore.Mvc.IActionResult] Table() on controller MyShop.Controllers.CustomerController (MyShop).
2025-09-24 17:58:22.712 +02:00 [INF] Executing ViewResult, running view Table.
2025-09-24 17:58:22.720 +02:00 [INF] Executed ViewResult - view Table executed in 7.9415ms.
2025-09-24 17:58:22.720 +02:00 [INF] Executed action MyShop.Controllers.CustomerController.Table (MyShop) in 15.053ms
2025-09-24 17:58:22.720 +02:00 [INF] Executed endpoint 'MyShop.Controllers.CustomerController.Table (MyShop)'
2025-09-24 17:58:22.720 +02:00 [INF] Request finished HTTP/1.1 GET http://localhost:5094/Customer/Table - 200 null text/html; charset=utf-8 16.2661ms
2025-09-24 17:58:23.276 +02:00 [INF] Request starting HTTP/1.1 GET http://localhost:5094/Order/Table - null null
2025-09-24 17:58:23.276 +02:00 [INF] Executing endpoint 'MyShop.Controllers.OrderController.Table (MyShop)'
2025-09-24 17:58:23.277 +02:00 [INF] Route matched with {action = "Table", controller = "Order", page = "", area = ""}. Executing controller action with signature System.Threading.Tasks.Task`1[Microsoft.AspNetCore.Mvc.IActionResult] Table() on controller MyShop.Controllers.OrderController (MyShop).
2025-09-24 17:58:23.281 +02:00 [INF] Executing ViewResult, running view Table.
2025-09-24 17:58:23.320 +02:00 [INF] Executed ViewResult - view Table executed in 38.6533ms.
2025-09-24 17:58:23.320 +02:00 [INF] Executed action MyShop.Controllers.OrderController.Table (MyShop) in 43.456ms
2025-09-24 17:58:23.320 +02:00 [INF] Executed endpoint 'MyShop.Controllers.OrderController.Table (MyShop)'
2025-09-24 17:58:23.320 +02:00 [INF] Request finished HTTP/1.1 GET http://localhost:5094/Order/Table - 200 null text/html; charset=utf-8 44.9073ms
2025-09-24 17:58:24.231 +02:00 [INF] Request starting HTTP/1.1 GET http://localhost:5094/Order/CreateOrderItem - null null
2025-09-24 17:58:24.232 +02:00 [INF] Authorization failed. These requirements were not met:
DenyAnonymousAuthorizationRequirement: Requires an authenticated user.
2025-09-24 17:58:24.232 +02:00 [INF] AuthenticationScheme: Identity.Application was challenged.
2025-09-24 17:58:24.232 +02:00 [INF] Request finished HTTP/1.1 GET http://localhost:5094/Order/CreateOrderItem - 302 0 null 1.6926ms
2025-09-24 17:58:24.237 +02:00 [INF] Request starting HTTP/1.1 GET http://localhost:5094/Identity/Account/Login?ReturnUrl=%2FOrder%2FCreateOrderItem - null null
2025-09-24 17:58:24.237 +02:00 [INF] Executing endpoint '/Account/Login'
2025-09-24 17:58:24.238 +02:00 [INF] Route matched with {page = "/Account/Login", area = "Identity", action = "", controller = ""}. Executing page /Account/Login
2025-09-24 17:58:24.239 +02:00 [INF] Executing handler method MyShop.Areas.Identity.Pages.Account.LoginModel.OnGetAsync - ModelState is "Valid"
2025-09-24 17:58:24.239 +02:00 [INF] AuthenticationScheme: Identity.External signed out.
2025-09-24 17:58:24.239 +02:00 [INF] Executed handler method OnGetAsync, returned result .
2025-09-24 17:58:24.239 +02:00 [INF] Executing an implicit handler method - ModelState is "Valid"
2025-09-24 17:58:24.239 +02:00 [INF] Executed an implicit handler method, returned result Microsoft.AspNetCore.Mvc.RazorPages.PageResult.
2025-09-24 17:58:24.243 +02:00 [INF] Executed page /Account/Login in 4.8839ms
2025-09-24 17:58:24.243 +02:00 [INF] Executed endpoint '/Account/Login'
2025-09-24 17:58:24.243 +02:00 [INF] Request finished HTTP/1.1 GET http://localhost:5094/Identity/Account/Login?ReturnUrl=%2FOrder%2FCreateOrderItem - 200 null text/html; charset=utf-8 6.1765ms
2025-09-24 17:58:24.261 +02:00 [INF] Request starting HTTP/1.1 GET http://localhost:5094/lib/jquery-validation/dist/jquery.validate.min.js - null null
2025-09-24 17:58:24.286 +02:00 [INF] Request starting HTTP/1.1 GET http://localhost:5094/lib/jquery-validation-unobtrusive/jquery.validate.unobtrusive.min.js - null null
2025-09-24 17:58:24.286 +02:00 [INF] Request finished HTTP/1.1 GET http://localhost:5094/lib/jquery-validation/dist/jquery.validate.min.js - 404 0 null 24.7377ms
2025-09-24 17:58:24.286 +02:00 [INF] Request reached the end of the middleware pipeline without being handled by application code. Request path: GET http://localhost:5094/lib/jquery-validation/dist/jquery.validate.min.js, Response status code: 404
2025-09-24 17:58:24.286 +02:00 [INF] Request finished HTTP/1.1 GET http://localhost:5094/lib/jquery-validation-unobtrusive/jquery.validate.unobtrusive.min.js - 404 0 null 0.3783ms
2025-09-24 17:58:24.286 +02:00 [INF] Request reached the end of the middleware pipeline without being handled by application code. Request path: GET http://localhost:5094/lib/jquery-validation-unobtrusive/jquery.validate.unobtrusive.min.js, Response status code: 404
2025-09-24 17:58:25.848 +02:00 [INF] Request starting HTTP/1.1 GET http://localhost:5094/Order/Table - null null
2025-09-24 17:58:25.849 +02:00 [INF] Executing endpoint 'MyShop.Controllers.OrderController.Table (MyShop)'
2025-09-24 17:58:25.850 +02:00 [INF] Route matched with {action = "Table", controller = "Order", page = "", area = ""}. Executing controller action with signature System.Threading.Tasks.Task`1[Microsoft.AspNetCore.Mvc.IActionResult] Table() on controller MyShop.Controllers.OrderController (MyShop).
2025-09-24 17:58:25.855 +02:00 [INF] Executing ViewResult, running view Table.
2025-09-24 17:58:25.874 +02:00 [INF] Executed ViewResult - view Table executed in 18.9551ms.
2025-09-24 17:58:25.874 +02:00 [INF] Executed action MyShop.Controllers.OrderController.Table (MyShop) in 24.1402ms
2025-09-24 17:58:25.874 +02:00 [INF] Executed endpoint 'MyShop.Controllers.OrderController.Table (MyShop)'
2025-09-24 17:58:25.874 +02:00 [INF] Request finished HTTP/1.1 GET http://localhost:5094/Order/Table - 200 null text/html; charset=utf-8 26.1972ms
2025-09-24 17:58:26.333 +02:00 [INF] Request starting HTTP/1.1 GET http://localhost:5094/Item/Table - null null
2025-09-24 17:58:26.333 +02:00 [INF] Executing endpoint 'MyShop.Controllers.ItemController.Table (MyShop)'
2025-09-24 17:58:26.333 +02:00 [INF] Route matched with {action = "Table", controller = "Item", page = "", area = ""}. Executing controller action with signature System.Threading.Tasks.Task`1[Microsoft.AspNetCore.Mvc.IActionResult] Table() on controller MyShop.Controllers.ItemController (MyShop).
2025-09-24 17:58:26.337 +02:00 [INF] Executing ViewResult, running view Table.
2025-09-24 17:58:26.338 +02:00 [INF] Executed ViewResult - view Table executed in 0.8336ms.
2025-09-24 17:58:26.338 +02:00 [INF] Executed action MyShop.Controllers.ItemController.Table (MyShop) in 4.338ms
2025-09-24 17:58:26.338 +02:00 [INF] Executed endpoint 'MyShop.Controllers.ItemController.Table (MyShop)'
2025-09-24 17:58:26.338 +02:00 [INF] Request finished HTTP/1.1 GET http://localhost:5094/Item/Table - 200 null text/html; charset=utf-8 4.982ms
2025-09-24 17:58:28.089 +02:00 [INF] Request starting HTTP/1.1 GET http://localhost:5094/Item/Create - null null
2025-09-24 17:58:28.089 +02:00 [INF] Authorization failed. These requirements were not met:
DenyAnonymousAuthorizationRequirement: Requires an authenticated user.
2025-09-24 17:58:28.090 +02:00 [INF] AuthenticationScheme: Identity.Application was challenged.
2025-09-24 17:58:28.090 +02:00 [INF] Request finished HTTP/1.1 GET http://localhost:5094/Item/Create - 302 0 null 1.36ms
2025-09-24 17:58:28.093 +02:00 [INF] Request starting HTTP/1.1 GET http://localhost:5094/Identity/Account/Login?ReturnUrl=%2FItem%2FCreate - null null
2025-09-24 17:58:28.093 +02:00 [INF] Executing endpoint '/Account/Login'
2025-09-24 17:58:28.094 +02:00 [INF] Route matched with {page = "/Account/Login", area = "Identity", action = "", controller = ""}. Executing page /Account/Login
2025-09-24 17:58:28.095 +02:00 [INF] Executing handler method MyShop.Areas.Identity.Pages.Account.LoginModel.OnGetAsync - ModelState is "Valid"
2025-09-24 17:58:28.095 +02:00 [INF] AuthenticationScheme: Identity.External signed out.
2025-09-24 17:58:28.095 +02:00 [INF] Executed handler method OnGetAsync, returned result .
2025-09-24 17:58:28.095 +02:00 [INF] Executing an implicit handler method - ModelState is "Valid"
2025-09-24 17:58:28.095 +02:00 [INF] Executed an implicit handler method, returned result Microsoft.AspNetCore.Mvc.RazorPages.PageResult.
2025-09-24 17:58:28.097 +02:00 [INF] Executed page /Account/Login in 3.1278ms
2025-09-24 17:58:28.097 +02:00 [INF] Executed endpoint '/Account/Login'
2025-09-24 17:58:28.097 +02:00 [INF] Request finished HTTP/1.1 GET http://localhost:5094/Identity/Account/Login?ReturnUrl=%2FItem%2FCreate - 200 null text/html; charset=utf-8 3.7974ms
2025-09-24 17:58:28.112 +02:00 [INF] Request starting HTTP/1.1 GET http://localhost:5094/lib/jquery-validation/dist/jquery.validate.min.js - null null
2025-09-24 17:58:28.113 +02:00 [INF] Request starting HTTP/1.1 GET http://localhost:5094/lib/jquery-validation-unobtrusive/jquery.validate.unobtrusive.min.js - null null
2025-09-24 17:58:28.113 +02:00 [INF] Request finished HTTP/1.1 GET http://localhost:5094/lib/jquery-validation/dist/jquery.validate.min.js - 404 0 null 1.157ms
2025-09-24 17:58:28.114 +02:00 [INF] Request reached the end of the middleware pipeline without being handled by application code. Request path: GET http://localhost:5094/lib/jquery-validation/dist/jquery.validate.min.js, Response status code: 404
2025-09-24 17:58:28.114 +02:00 [INF] Request finished HTTP/1.1 GET http://localhost:5094/lib/jquery-validation-unobtrusive/jquery.validate.unobtrusive.min.js - 404 0 null 0.5021ms
2025-09-24 17:58:28.114 +02:00 [INF] Request reached the end of the middleware pipeline without being handled by application code. Request path: GET http://localhost:5094/lib/jquery-validation-unobtrusive/jquery.validate.unobtrusive.min.js, Response status code: 404
2025-09-24 17:59:23.336 +02:00 [INF] Request starting HTTP/1.1 GET http://localhost:5094/Item/Table - null null
2025-09-24 17:59:23.336 +02:00 [INF] Request starting HTTP/1.1 GET http://localhost:5094/Item/Table - null null
2025-09-24 17:59:23.341 +02:00 [INF] Executing endpoint 'MyShop.Controllers.ItemController.Table (MyShop)'
2025-09-24 17:59:23.341 +02:00 [INF] Executing endpoint 'MyShop.Controllers.ItemController.Table (MyShop)'
2025-09-24 17:59:23.343 +02:00 [INF] Route matched with {action = "Table", controller = "Item", page = "", area = ""}. Executing controller action with signature System.Threading.Tasks.Task`1[Microsoft.AspNetCore.Mvc.IActionResult] Table() on controller MyShop.Controllers.ItemController (MyShop).
2025-09-24 17:59:23.344 +02:00 [INF] Route matched with {action = "Table", controller = "Item", page = "", area = ""}. Executing controller action with signature System.Threading.Tasks.Task`1[Microsoft.AspNetCore.Mvc.IActionResult] Table() on controller MyShop.Controllers.ItemController (MyShop).
2025-09-24 17:59:23.388 +02:00 [INF] Executing ViewResult, running view Table.
2025-09-24 17:59:23.388 +02:00 [INF] Executing ViewResult, running view Table.
2025-09-24 17:59:23.390 +02:00 [INF] Executed ViewResult - view Table executed in 2.8323ms.
2025-09-24 17:59:23.390 +02:00 [INF] Executed ViewResult - view Table executed in 2.831ms.
2025-09-24 17:59:23.390 +02:00 [INF] Executed action MyShop.Controllers.ItemController.Table (MyShop) in 47.116ms
2025-09-24 17:59:23.390 +02:00 [INF] Executed endpoint 'MyShop.Controllers.ItemController.Table (MyShop)'
2025-09-24 17:59:23.390 +02:00 [INF] Executed action MyShop.Controllers.ItemController.Table (MyShop) in 45.8847ms
2025-09-24 17:59:23.390 +02:00 [INF] Executed endpoint 'MyShop.Controllers.ItemController.Table (MyShop)'
2025-09-24 17:59:23.391 +02:00 [INF] Request finished HTTP/1.1 GET http://localhost:5094/Item/Table - 200 null text/html; charset=utf-8 54.8066ms
2025-09-24 17:59:23.391 +02:00 [INF] Request finished HTTP/1.1 GET http://localhost:5094/Item/Table - 200 null text/html; charset=utf-8 54.8752ms
